<?xml version="1.0" encoding="utf-8"?><testsuites name="pytest tests"><testsuite name="pytest" errors="0" failures="2" skipped="0" tests="3" time="7.374" timestamp="2025-11-21T15:47:58.048636+00:00" hostname="runnervmg1sw1"><testcase classname="tests.integration.create_test_app.test_create_app.TestCreateApp" name="test_create_app_workflow" time="4.008"><failure message="AssertionError: Critical commands must succeed: [{'success': False, 'output': 'YAML validation error: userParameters not found in YAML\nassert 0 &gt; 0\n +  where 0 = len([])'}]&#10;assert False">tests/integration/create_test_app/test_create_app.py:192: in test_create_app_workflow
    assert (
E   AssertionError: Critical commands must succeed: [{'success': False, 'output': 'YAML validation error: userParameters not found in YAML\nassert 0 &gt; 0\n +  where 0 = len([])'}]
E   assert False</failure></testcase><testcase classname="tests.integration.create_test_app.test_create_app.TestCreateApp" name="test_describe_only" time="1.604" /><testcase classname="tests.integration.create_test_app.test_create_app.TestCreateApp" name="test_userparameters_schema_validation" time="1.586"><failure message="AssertionError: Schema validation failed: userParameters field should be present in JSON output&#10;  assert 'userParameters' in {}&#10;assert False">tests/integration/create_test_app/test_create_app.py:234: in test_userparameters_schema_validation
    assert (
E   AssertionError: userParameters field should be present in JSON output
E   assert 'userParameters' in {}

During handling of the above exception, another exception occurred:
tests/integration/create_test_app/test_create_app.py:254: in test_userparameters_schema_validation
    assert False, f"Schema validation failed: {e}"
E   AssertionError: Schema validation failed: userParameters field should be present in JSON output
E     assert 'userParameters' in {}
E   assert False</failure></testcase></testsuite></testsuites>