<?xml version="1.0" encoding="utf-8"?><testsuites name="pytest tests"><testsuite name="pytest" errors="0" failures="1" skipped="0" tests="4" time="8.053" timestamp="2025-11-21T15:47:57.225356+00:00" hostname="runnervmg1sw1"><testcase classname="tests.integration.delete_test_app.test_delete_app.TestDeleteApp" name="test_delete_app_workflow" time="2.045"><failure message="AssertionError: Deploy command must succeed to test deletion: ❌ Error: Deployment failed: Manifest validation failed for /tmp/bundles/DeleteTestBundle.zip:&#10;    - YAML syntax error: 'utf-8' codec can't decode byte 0xee in position 10: invalid continuation byte&#10;  &#10;assert False">tests/integration/delete_test_app/test_delete_app.py:201: in test_delete_app_workflow
    assert result[
E   AssertionError: Deploy command must succeed to test deletion: ❌ Error: Deployment failed: Manifest validation failed for /tmp/bundles/DeleteTestBundle.zip:
E       - YAML syntax error: 'utf-8' codec can't decode byte 0xee in position 10: invalid continuation byte
E     
E   assert False</failure></testcase><testcase classname="tests.integration.delete_test_app.test_delete_app.TestDeleteApp" name="test_delete_async_mode" time="2.016" /><testcase classname="tests.integration.delete_test_app.test_delete_app.TestDeleteApp" name="test_delete_json_output" time="2.140" /><testcase classname="tests.integration.delete_test_app.test_delete_app.TestDeleteApp" name="test_delete_invalid_target" time="1.681" /></testsuite></testsuites>