<?xml version="1.0" encoding="utf-8"?><testsuites name="pytest tests"><testsuite name="pytest" errors="0" failures="20" skipped="0" tests="23" time="38.933" timestamp="2025-11-21T15:48:00.490446+00:00" hostname="runnervmg1sw1"><testcase classname="tests.integration.multi_target_app.app_tests.test_project_validation" name="test_environment_variables_available" time="0.010"><failure message="AssertionError: Domain name should not be empty&#10;assert ''">tests/integration/multi_target_app/app_tests/test_project_validation.py:52: in test_environment_variables_available
    assert domain_name, "Domain name should not be empty"
E   AssertionError: Domain name should not be empty
E   assert ''</failure></testcase><testcase classname="tests.integration.multi_target_app.app_tests.test_project_validation" name="test_project_context" time="0.007"><failure message="AssertionError: Domain name should not be empty&#10;assert ''">tests/integration/multi_target_app/app_tests/test_project_validation.py:71: in test_project_context
    assert domain_name, "Domain name should not be empty"
E   AssertionError: Domain name should not be empty
E   assert ''</failure></testcase><testcase classname="tests.integration.multi_target_app.app_tests.test_project_validation" name="test_domain_and_project_ids" time="0.007"><failure message="AssertionError: Domain name should not be empty&#10;assert 0 &gt; 0&#10; +  where 0 = len('')">tests/integration/multi_target_app/app_tests/test_project_validation.py:93: in test_domain_and_project_ids
    assert len(domain_name) &gt; 0, "Domain name should not be empty"
E   AssertionError: Domain name should not be empty
E   assert 0 &gt; 0
E    +  where 0 = len('')</failure></testcase><testcase classname="tests.integration.multi_target_app.app_tests.test_project_validation" name="test_aws_connectivity" time="0.591" /><testcase classname="tests.integration.multi_target_app.test_multi_target_app.TestMultiTargetApp" name="test_describe_connect_after_deploy" time="3.079"><failure message="AssertionError: Deploy should be idempotent but failed: Deploying to target: test&#10;  Project: integration-test-test&#10;  Domain: None&#10;  Region: us-east-2&#10;  #x1F50D EventEmitter initialized: enabled=True, bus=default, region=us-east-2&#10;  #x1F50D Metadata collected: False&#10;  2025-11-21 15:48:03,483 - smus_cicd.eventbridge_emitter - INFO - ✓ Emitted event: SMUS-CICD-Deploy-ProjectInitialization-Started&#10;  ❌ Error: Could not resolve domain name from tags&#10;  2025-11-21 15:48:03,766 - smus_cicd.eventbridge_emitter - INFO - ✓ Emitted event: SMUS-CICD-Deploy-ProjectInitialization-Failed&#10;  2025-11-21 15:48:04,462 - smus_cicd.eventbridge_emitter - INFO - ✓ Emitted event: SMUS-CICD-Deploy-Failed&#10;  ❌ Error: Deployment failed: 1&#10;  &#10;assert False">tests/integration/multi_target_app/test_multi_target_app.py:249: in test_describe_connect_after_deploy
    assert deploy_result[
E   AssertionError: Deploy should be idempotent but failed: Deploying to target: test
E     Project: integration-test-test
E     Domain: None
E     Region: us-east-2
E     #x1F50D EventEmitter initialized: enabled=True, bus=default, region=us-east-2
E     #x1F50D Metadata collected: False
E     2025-11-21 15:48:03,483 - smus_cicd.eventbridge_emitter - INFO - ✓ Emitted event: SMUS-CICD-Deploy-ProjectInitialization-Started
E     ❌ Error: Could not resolve domain name from tags
E     2025-11-21 15:48:03,766 - smus_cicd.eventbridge_emitter - INFO - ✓ Emitted event: SMUS-CICD-Deploy-ProjectInitialization-Failed
E     2025-11-21 15:48:04,462 - smus_cicd.eventbridge_emitter - INFO - ✓ Emitted event: SMUS-CICD-Deploy-Failed
E     ❌ Error: Deployment failed: 1
E     
E   assert False</failure></testcase><testcase classname="tests.integration.multi_target_app.test_multi_target_app.TestMultiTargetApp" name="test_describe_connect_nonexistent_project" time="1.331"><failure message="AssertionError: Describe command should not crash: Error describing manifest: Manifest validation failed for /tmp/tmpa2c02ifm.yaml:&#10;    - Path 'content': None is not of type 'object'&#10;    - Path 'root': Additional properties are not allowed ('workflows' was unexpected)&#10;  &#10;assert False">tests/integration/multi_target_app/test_multi_target_app.py:335: in test_describe_connect_nonexistent_project
    assert result[
E   AssertionError: Describe command should not crash: Error describing manifest: Manifest validation failed for /tmp/tmpa2c02ifm.yaml:
E       - Path 'content': None is not of type 'object'
E       - Path 'root': Additional properties are not allowed ('workflows' was unexpected)
E     
E   assert False</failure></testcase><testcase classname="tests.integration.multi_target_app.test_multi_target_app.TestMultiTargetApp" name="test_describe_connect_wrong_domain" time="1.395"><failure message="AssertionError: Describe command should not crash: Error describing manifest: Manifest validation failed for /tmp/tmp7toxi6j1.yaml:&#10;    - Path 'content': None is not of type 'object'&#10;    - Path 'root': Additional properties are not allowed ('workflows' was unexpected)&#10;  &#10;assert False">tests/integration/multi_target_app/test_multi_target_app.py:386: in test_describe_connect_wrong_domain
    assert result[
E   AssertionError: Describe command should not crash: Error describing manifest: Manifest validation failed for /tmp/tmp7toxi6j1.yaml:
E       - Path 'content': None is not of type 'object'
E       - Path 'root': Additional properties are not allowed ('workflows' was unexpected)
E     
E   assert False</failure></testcase><testcase classname="tests.integration.multi_target_app.test_multi_target_app.TestMultiTargetApp" name="test_describe_connect_wrong_region" time="1.396"><failure message="AssertionError: Describe command should not crash: Error describing manifest: Manifest validation failed for /tmp/tmp6y0t8e47.yaml:&#10;    - Path 'content': None is not of type 'object'&#10;    - Path 'root': Additional properties are not allowed ('workflows' was unexpected)&#10;  &#10;assert False">tests/integration/multi_target_app/test_multi_target_app.py:435: in test_describe_connect_wrong_region
    assert result[
E   AssertionError: Describe command should not crash: Error describing manifest: Manifest validation failed for /tmp/tmp6y0t8e47.yaml:
E       - Path 'content': None is not of type 'object'
E       - Path 'root': Additional properties are not allowed ('workflows' was unexpected)
E     
E   assert False</failure></testcase><testcase classname="tests.integration.multi_target_app.test_multi_target_app.TestMultiTargetApp" name="test_describe_without_connect_vs_with_connect" time="3.505"><failure message="AssertionError: Describe with --connect failed: Pipeline: IntegrationTestMultiTarget&#10;  Domain: None (us-east-2)&#10;  &#10;  Targets:&#10;    - dev: dev-marketing&#10;  2025-11-21 15:48:11,310 - smus_cicd.utils - ERROR - Error getting DataZone project info for dev-marketing: Domain not found - check domain name/tags in manifest or CloudFormation stack&#10;      ❌ Error connecting to AWS: Cannot connect to target 'dev': Domain not found.&#10;  Please check:&#10;    - Domain tags in manifest match an existing domain&#10;    - Domain region is correct&#10;    - AWS credentials have access to the domain&#10;    - test: integration-test-test&#10;  2025-11-21 15:48:11,807 - smus_cicd.utils - ERROR - Error getting DataZone project info for integration-test-test: Domain not found - check domain name/tags in manifest or CloudFormation stack&#10;      ❌ Error connecting to AWS: Cannot connect to target 'test': Domain not found.&#10;  Please check:&#10;    - Domain tags in manifest match an existing domain&#10;    - Domain region is correct&#10;    - AWS credentials have access to the domain&#10;    - prod: integration-test-prod&#10;  2025-11-21 15:48:12,219 - smus_cicd.utils - ERROR - Error getting DataZone project info for integration-test-prod: Domain not found - check domain name/tags in manifest or CloudFormation stack&#10;      ❌ Error connecting to AWS: Cannot connect to target 'prod': Domain not found.&#10;  Please check:&#10;    - Domain tags in manifest match an existing domain&#10;    - Domain region is correct&#10;    - AWS credentials have access to the domain&#10;  &#10;  Bootstrap Actions:&#10;    Target: test&#10;      - datazone.create_environment&#10;        environment_configuration_name: OnDemand Workflows&#10;    Target: prod&#10;      - datazone.create_environment&#10;        environment_configuration_name: OnDemand Workflows&#10;  &#10;  ❌ Command failed due to errors above&#10;  &#10;assert False">tests/integration/multi_target_app/test_multi_target_app.py:464: in test_describe_without_connect_vs_with_connect
    assert result_with[
E   AssertionError: Describe with --connect failed: Pipeline: IntegrationTestMultiTarget
E     Domain: None (us-east-2)
E     
E     Targets:
E       - dev: dev-marketing
E     2025-11-21 15:48:11,310 - smus_cicd.utils - ERROR - Error getting DataZone project info for dev-marketing: Domain not found - check domain name/tags in manifest or CloudFormation stack
E         ❌ Error connecting to AWS: Cannot connect to target 'dev': Domain not found.
E     Please check:
E       - Domain tags in manifest match an existing domain
E       - Domain region is correct
E       - AWS credentials have access to the domain
E       - test: integration-test-test
E     2025-11-21 15:48:11,807 - smus_cicd.utils - ERROR - Error getting DataZone project info for integration-test-test: Domain not found - check domain name/tags in manifest or CloudFormation stack
E         ❌ Error connecting to AWS: Cannot connect to target 'test': Domain not found.
E     Please check:
E       - Domain tags in manifest match an existing domain
E       - Domain region is correct
E       - AWS credentials have access to the domain
E       - prod: integration-test-prod
E     2025-11-21 15:48:12,219 - smus_cicd.utils - ERROR - Error getting DataZone project info for integration-test-prod: Domain not found - check domain name/tags in manifest or CloudFormation stack
E         ❌ Error connecting to AWS: Cannot connect to target 'prod': Domain not found.
E     Please check:
E       - Domain tags in manifest match an existing domain
E       - Domain region is correct
E       - AWS credentials have access to the domain
E     
E     Bootstrap Actions:
E       Target: test
E         - datazone.create_environment
E           environment_configuration_name: OnDemand Workflows
E       Target: prod
E         - datazone.create_environment
E           environment_configuration_name: OnDemand Workflows
E     
E     ❌ Command failed due to errors above
E     
E   assert False</failure></testcase><testcase classname="tests.integration.multi_target_app.test_multi_target_app.TestMultiTargetApp" name="test_describe_connect_project_details" time="3.179"><failure message="AssertionError: Describe --connect failed: Pipeline: IntegrationTestMultiTarget&#10;  Domain: None (us-east-2)&#10;  &#10;  Targets:&#10;    - dev: dev-marketing&#10;  2025-11-21 15:48:14,495 - smus_cicd.utils - ERROR - Error getting DataZone project info for dev-marketing: Domain not found - check domain name/tags in manifest or CloudFormation stack&#10;      ❌ Error connecting to AWS: Cannot connect to target 'dev': Domain not found.&#10;  Please check:&#10;    - Domain tags in manifest match an existing domain&#10;    - Domain region is correct&#10;    - AWS credentials have access to the domain&#10;    - test: integration-test-test&#10;  2025-11-21 15:48:14,990 - smus_cicd.utils - ERROR - Error getting DataZone project info for integration-test-test: Domain not found - check domain name/tags in manifest or CloudFormation stack&#10;      ❌ Error connecting to AWS: Cannot connect to target 'test': Domain not found.&#10;  Please check:&#10;    - Domain tags in manifest match an existing domain&#10;    - Domain region is correct&#10;    - AWS credentials have access to the domain&#10;    - prod: integration-test-prod&#10;  2025-11-21 15:48:15,433 - smus_cicd.utils - ERROR - Error getting DataZone project info for integration-test-prod: Domain not found - check domain name/tags in manifest or CloudFormation stack&#10;      ❌ Error connecting to AWS: Cannot connect to target 'prod': Domain not found.&#10;  Please check:&#10;    - Domain tags in manifest match an existing domain&#10;    - Domain region is correct&#10;    - AWS credentials have access to the domain&#10;  &#10;  Bootstrap Actions:&#10;    Target: test&#10;      - datazone.create_environment&#10;        environment_configuration_name: OnDemand Workflows&#10;    Target: prod&#10;      - datazone.create_environment&#10;        environment_configuration_name: OnDemand Workflows&#10;  &#10;  ❌ Command failed due to errors above&#10;  &#10;assert False">tests/integration/multi_target_app/test_multi_target_app.py:495: in test_describe_connect_project_details
    assert result["success"], f"Describe --connect failed: {result['output']}"
E   AssertionError: Describe --connect failed: Pipeline: IntegrationTestMultiTarget
E     Domain: None (us-east-2)
E     
E     Targets:
E       - dev: dev-marketing
E     2025-11-21 15:48:14,495 - smus_cicd.utils - ERROR - Error getting DataZone project info for dev-marketing: Domain not found - check domain name/tags in manifest or CloudFormation stack
E         ❌ Error connecting to AWS: Cannot connect to target 'dev': Domain not found.
E     Please check:
E       - Domain tags in manifest match an existing domain
E       - Domain region is correct
E       - AWS credentials have access to the domain
E       - test: integration-test-test
E     2025-11-21 15:48:14,990 - smus_cicd.utils - ERROR - Error getting DataZone project info for integration-test-test: Domain not found - check domain name/tags in manifest or CloudFormation stack
E         ❌ Error connecting to AWS: Cannot connect to target 'test': Domain not found.
E     Please check:
E       - Domain tags in manifest match an existing domain
E       - Domain region is correct
E       - AWS credentials have access to the domain
E       - prod: integration-test-prod
E     2025-11-21 15:48:15,433 - smus_cicd.utils - ERROR - Error getting DataZone project info for integration-test-prod: Domain not found - check domain name/tags in manifest or CloudFormation stack
E         ❌ Error connecting to AWS: Cannot connect to target 'prod': Domain not found.
E     Please check:
E       - Domain tags in manifest match an existing domain
E       - Domain region is correct
E       - AWS credentials have access to the domain
E     
E     Bootstrap Actions:
E       Target: test
E         - datazone.create_environment
E           environment_configuration_name: OnDemand Workflows
E       Target: prod
E         - datazone.create_environment
E           environment_configuration_name: OnDemand Workflows
E     
E     ❌ Command failed due to errors above
E     
E   assert False</failure></testcase><testcase classname="tests.integration.multi_target_app.test_multi_target_app.TestMultiTargetApp" name="test_describe_connect_multiple_targets_mixed_results" time="1.263"><failure message="AssertionError: Command should not crash: Error describing manifest: Manifest validation failed for /tmp/tmpfz0gam3m.yaml:&#10;    - Path 'content': None is not of type 'object'&#10;    - Path 'root': Additional properties are not allowed ('workflows' was unexpected)&#10;  &#10;assert False">tests/integration/multi_target_app/test_multi_target_app.py:590: in test_describe_connect_multiple_targets_mixed_results
    assert result["success"], f"Command should not crash: {result['output']}"
E   AssertionError: Command should not crash: Error describing manifest: Manifest validation failed for /tmp/tmpfz0gam3m.yaml:
E       - Path 'content': None is not of type 'object'
E       - Path 'root': Additional properties are not allowed ('workflows' was unexpected)
E     
E   assert False</failure></testcase><testcase classname="tests.integration.multi_target_app.test_multi_target_app.TestMultiTargetApp" name="test_describe_connect_invalid_connection_name" time="1.545"><failure message="AssertionError: Command should not crash with invalid connection: Error describing manifest: Manifest validation failed for /tmp/tmpqy6kt0sd.yaml:&#10;    - Path 'content': None is not of type 'object'&#10;    - Path 'root': Additional properties are not allowed ('workflows' was unexpected)&#10;  &#10;assert False">tests/integration/multi_target_app/test_multi_target_app.py:646: in test_describe_connect_invalid_connection_name
    assert result[
E   AssertionError: Command should not crash with invalid connection: Error describing manifest: Manifest validation failed for /tmp/tmpqy6kt0sd.yaml:
E       - Path 'content': None is not of type 'object'
E       - Path 'root': Additional properties are not allowed ('workflows' was unexpected)
E     
E   assert False</failure></testcase><testcase classname="tests.integration.multi_target_app.test_multi_target_app.TestMultiTargetApp" name="test_multi_target_comprehensive_workflow" time="7.827"><failure message="Failed: Bundle command failed: #x1F50D Bundle source: dev target&#10;#x1F4E6 Bundle destination: dev&#10;Creating bundle for target: dev&#10;Project: dev-marketing&#10;2025-11-21 15:48:26,166 - smus_cicd.utils - ERROR - Error getting DataZone project info for dev-marketing: Domain not found - check domain name/tags in manifest or CloudFormation stack&#10;❌ No files found&#10;Error: 1">tests/integration/multi_target_app/test_multi_target_app.py:879: in test_multi_target_comprehensive_workflow
    pytest.fail(f"Bundle command failed: {result['output']}")
E   Failed: Bundle command failed: #x1F50D Bundle source: dev target
E   #x1F4E6 Bundle destination: dev
E   Creating bundle for target: dev
E   Project: dev-marketing
E   2025-11-21 15:48:26,166 - smus_cicd.utils - ERROR - Error getting DataZone project info for dev-marketing: Domain not found - check domain name/tags in manifest or CloudFormation stack
E   ❌ No files found
E   Error: 1</failure></testcase><testcase classname="tests.integration.multi_target_app.test_multi_target_app.TestMultiTargetApp" name="test_catalog_asset_access_workflow" time="3.418"><failure message="Failed: First deploy failed: Deploying to target: test&#10;Project: integration-test-test&#10;Domain: None&#10;Region: us-east-2&#10;#x1F50D EventEmitter initialized: enabled=True, bus=default, region=us-east-2&#10;#x1F50D Metadata collected: False&#10;2025-11-21 15:48:28,790 - smus_cicd.eventbridge_emitter - INFO - ✓ Emitted event: SMUS-CICD-Deploy-ProjectInitialization-Started&#10;❌ Error: Could not resolve domain name from tags&#10;2025-11-21 15:48:29,044 - smus_cicd.eventbridge_emitter - INFO - ✓ Emitted event: SMUS-CICD-Deploy-ProjectInitialization-Failed&#10;2025-11-21 15:48:29,631 - smus_cicd.eventbridge_emitter - INFO - ✓ Emitted event: SMUS-CICD-Deploy-Failed&#10;❌ Error: Deployment failed: 1">tests/integration/multi_target_app/test_multi_target_app.py:1245: in test_catalog_asset_access_workflow
    pytest.fail(f"First deploy failed: {result['output']}")
E   Failed: First deploy failed: Deploying to target: test
E   Project: integration-test-test
E   Domain: None
E   Region: us-east-2
E   #x1F50D EventEmitter initialized: enabled=True, bus=default, region=us-east-2
E   #x1F50D Metadata collected: False
E   2025-11-21 15:48:28,790 - smus_cicd.eventbridge_emitter - INFO - ✓ Emitted event: SMUS-CICD-Deploy-ProjectInitialization-Started
E   ❌ Error: Could not resolve domain name from tags
E   2025-11-21 15:48:29,044 - smus_cicd.eventbridge_emitter - INFO - ✓ Emitted event: SMUS-CICD-Deploy-ProjectInitialization-Failed
E   2025-11-21 15:48:29,631 - smus_cicd.eventbridge_emitter - INFO - ✓ Emitted event: SMUS-CICD-Deploy-Failed
E   ❌ Error: Deployment failed: 1</failure></testcase><testcase classname="tests.integration.multi_target_app.test_multi_target_app.TestMultiTargetApp" name="test_catalog_asset_backward_compatibility" time="2.599"><failure message="Failed: Deploy without catalog assets failed: Deploying to target: test&#10;Project: integration-test-test&#10;Domain: None&#10;Region: us-east-2&#10;#x1F50D EventEmitter initialized: enabled=True, bus=default, region=us-east-2&#10;#x1F50D Metadata collected: False&#10;2025-11-21 15:48:31,435 - smus_cicd.eventbridge_emitter - INFO - ✓ Emitted event: SMUS-CICD-Deploy-ProjectInitialization-Started&#10;❌ Error: Could not resolve domain name from tags&#10;2025-11-21 15:48:31,677 - smus_cicd.eventbridge_emitter - INFO - ✓ Emitted event: SMUS-CICD-Deploy-ProjectInitialization-Failed&#10;2025-11-21 15:48:32,265 - smus_cicd.eventbridge_emitter - INFO - ✓ Emitted event: SMUS-CICD-Deploy-Failed&#10;❌ Error: Deployment failed: 1">tests/integration/multi_target_app/test_multi_target_app.py:1382: in test_catalog_asset_backward_compatibility
    pytest.fail(f"Deploy without catalog assets failed: {result['output']}")
E   Failed: Deploy without catalog assets failed: Deploying to target: test
E   Project: integration-test-test
E   Domain: None
E   Region: us-east-2
E   #x1F50D EventEmitter initialized: enabled=True, bus=default, region=us-east-2
E   #x1F50D Metadata collected: False
E   2025-11-21 15:48:31,435 - smus_cicd.eventbridge_emitter - INFO - ✓ Emitted event: SMUS-CICD-Deploy-ProjectInitialization-Started
E   ❌ Error: Could not resolve domain name from tags
E   2025-11-21 15:48:31,677 - smus_cicd.eventbridge_emitter - INFO - ✓ Emitted event: SMUS-CICD-Deploy-ProjectInitialization-Failed
E   2025-11-21 15:48:32,265 - smus_cicd.eventbridge_emitter - INFO - ✓ Emitted event: SMUS-CICD-Deploy-Failed
E   ❌ Error: Deployment failed: 1</failure></testcase><testcase classname="tests.integration.multi_target_app.test_multi_target_app.TestMultiTargetApp" name="test_catalog_asset_negative_scenarios" time="1.136" /><testcase classname="tests.integration.multi_target_app.test_multi_target_app.TestMultiTargetApp" name="test_catalog_asset_mixed_scenarios" time="1.283" /><testcase classname="tests.integration.multi_target_app.test_test_command_integration.TestTestCommandIntegration" name="test_test_command_basic" time="0.751"><failure message="AssertionError: assert 'Target: test' in '\u274c Error running tests: Manifest validation failed for tests/integration/multi_target_bundle/manifest.yaml:\n  - File not found: tests/integration/multi_target_bundle/manifest.yaml\n'&#10; +  where '\u274c Error running tests: Manifest validation failed for tests/integration/multi_target_bundle/manifest.yaml:\n  - File not found: tests/integration/multi_target_bundle/manifest.yaml\n' = CompletedProcess(args=['/opt/hostedtoolcache/Python/3.12.12/x64/bin/python', '-m', 'smus_cicd.cli', 'test', '--manifest', 'tests/integration/multi_target_bundle/manifest.yaml', '--targets', 'test'], returncode=1, stdout='\u274c Error running tests: Manifest validation failed for tests/integration/multi_target_bundle/manifest.yaml:\n  - File not found: tests/integration/multi_target_bundle/manifest.yaml\n', stderr='').stdout">tests/integration/multi_target_app/test_test_command_integration.py:39: in test_test_command_basic
    assert "Target: test" in result.stdout
E   AssertionError: assert 'Target: test' in '\u274c Error running tests: Manifest validation failed for tests/integration/multi_target_bundle/manifest.yaml:\n  - File not found: tests/integration/multi_target_bundle/manifest.yaml\n'
E    +  where '\u274c Error running tests: Manifest validation failed for tests/integration/multi_target_bundle/manifest.yaml:\n  - File not found: tests/integration/multi_target_bundle/manifest.yaml\n' = CompletedProcess(args=['/opt/hostedtoolcache/Python/3.12.12/x64/bin/python', '-m', 'smus_cicd.cli', 'test', '--manifest', 'tests/integration/multi_target_bundle/manifest.yaml', '--targets', 'test'], returncode=1, stdout='\u274c Error running tests: Manifest validation failed for tests/integration/multi_target_bundle/manifest.yaml:\n  - File not found: tests/integration/multi_target_bundle/manifest.yaml\n', stderr='').stdout</failure></testcase><testcase classname="tests.integration.multi_target_app.test_test_command_integration.TestTestCommandIntegration" name="test_test_command_json_output" time="0.853"><failure message="assert '&quot;content&quot;: &quot;IntegrationTestMultiTarget&quot;' in '{\n  &quot;error&quot;: &quot;Manifest validation failed for tests/integration/multi_target_bundle/manifest.yaml:\\n  - File not found: tests/integration/multi_target_bundle/manifest.yaml&quot;\n}\n'&#10; +  where '{\n  &quot;error&quot;: &quot;Manifest validation failed for tests/integration/multi_target_bundle/manifest.yaml:\\n  - File not found: tests/integration/multi_target_bundle/manifest.yaml&quot;\n}\n' = CompletedProcess(args=['/opt/hostedtoolcache/Python/3.12.12/x64/bin/python', '-m', 'smus_cicd.cli', 'test', '--manifest', 'tests/integration/multi_target_bundle/manifest.yaml', '--targets', 'test', '--output', 'JSON'], returncode=1, stdout='{\n  &quot;error&quot;: &quot;Manifest validation failed for tests/integration/multi_target_bundle/manifest.yaml:\\n  - File not found: tests/integration/multi_target_bundle/manifest.yaml&quot;\n}\n', stderr='').stdout">tests/integration/multi_target_app/test_test_command_integration.py:66: in test_test_command_json_output
    assert '"content": "IntegrationTestMultiTarget"' in result.stdout
E   assert '"content": "IntegrationTestMultiTarget"' in '{\n  "error": "Manifest validation failed for tests/integration/multi_target_bundle/manifest.yaml:\\n  - File not found: tests/integration/multi_target_bundle/manifest.yaml"\n}\n'
E    +  where '{\n  "error": "Manifest validation failed for tests/integration/multi_target_bundle/manifest.yaml:\\n  - File not found: tests/integration/multi_target_bundle/manifest.yaml"\n}\n' = CompletedProcess(args=['/opt/hostedtoolcache/Python/3.12.12/x64/bin/python', '-m', 'smus_cicd.cli', 'test', '--manifest', 'tests/integration/multi_target_bundle/manifest.yaml', '--targets', 'test', '--output', 'JSON'], returncode=1, stdout='{\n  "error": "Manifest validation failed for tests/integration/multi_target_bundle/manifest.yaml:\\n  - File not found: tests/integration/multi_target_bundle/manifest.yaml"\n}\n', stderr='').stdout</failure></testcase><testcase classname="tests.integration.multi_target_app.test_test_command_integration.TestTestCommandIntegration" name="test_test_command_verbose" time="0.821"><failure message="AssertionError: assert 'Target: test' in '\u274c Error running tests: Manifest validation failed for tests/integration/multi_target_bundle/manifest.yaml:\n  - File not found: tests/integration/multi_target_bundle/manifest.yaml\n'&#10; +  where '\u274c Error running tests: Manifest validation failed for tests/integration/multi_target_bundle/manifest.yaml:\n  - File not found: tests/integration/multi_target_bundle/manifest.yaml\n' = CompletedProcess(args=['/opt/hostedtoolcache/Python/3.12.12/x64/bin/python', '-m', 'smus_cicd.cli', 'test', '--manifest', 'tests/integration/multi_target_bundle/manifest.yaml', '--targets', 'test', '--verbose'], returncode=1, stdout='\u274c Error running tests: Manifest validation failed for tests/integration/multi_target_bundle/manifest.yaml:\n  - File not found: tests/integration/multi_target_bundle/manifest.yaml\n', stderr='').stdout">tests/integration/multi_target_app/test_test_command_integration.py:89: in test_test_command_verbose
    assert "Target: test" in result.stdout
E   AssertionError: assert 'Target: test' in '\u274c Error running tests: Manifest validation failed for tests/integration/multi_target_bundle/manifest.yaml:\n  - File not found: tests/integration/multi_target_bundle/manifest.yaml\n'
E    +  where '\u274c Error running tests: Manifest validation failed for tests/integration/multi_target_bundle/manifest.yaml:\n  - File not found: tests/integration/multi_target_bundle/manifest.yaml\n' = CompletedProcess(args=['/opt/hostedtoolcache/Python/3.12.12/x64/bin/python', '-m', 'smus_cicd.cli', 'test', '--manifest', 'tests/integration/multi_target_bundle/manifest.yaml', '--targets', 'test', '--verbose'], returncode=1, stdout='\u274c Error running tests: Manifest validation failed for tests/integration/multi_target_bundle/manifest.yaml:\n  - File not found: tests/integration/multi_target_bundle/manifest.yaml\n', stderr='').stdout</failure></testcase><testcase classname="tests.integration.multi_target_app.test_test_command_integration.TestTestCommandIntegration" name="test_test_command_all_targets" time="0.708"><failure message="AssertionError: assert 'Pipeline: IntegrationTestMultiTarget' in '\u274c Error running tests: Manifest validation failed for tests/integration/multi_target_bundle/manifest.yaml:\n  - File not found: tests/integration/multi_target_bundle/manifest.yaml\n'&#10; +  where '\u274c Error running tests: Manifest validation failed for tests/integration/multi_target_bundle/manifest.yaml:\n  - File not found: tests/integration/multi_target_bundle/manifest.yaml\n' = CompletedProcess(args=['/opt/hostedtoolcache/Python/3.12.12/x64/bin/python', '-m', 'smus_cicd.cli', 'test', '--manifest', 'tests/integration/multi_target_bundle/manifest.yaml'], returncode=1, stdout='\u274c Error running tests: Manifest validation failed for tests/integration/multi_target_bundle/manifest.yaml:\n  - File not found: tests/integration/multi_target_bundle/manifest.yaml\n', stderr='').stdout">tests/integration/multi_target_app/test_test_command_integration.py:108: in test_test_command_all_targets
    assert "Pipeline: IntegrationTestMultiTarget" in result.stdout
E   AssertionError: assert 'Pipeline: IntegrationTestMultiTarget' in '\u274c Error running tests: Manifest validation failed for tests/integration/multi_target_bundle/manifest.yaml:\n  - File not found: tests/integration/multi_target_bundle/manifest.yaml\n'
E    +  where '\u274c Error running tests: Manifest validation failed for tests/integration/multi_target_bundle/manifest.yaml:\n  - File not found: tests/integration/multi_target_bundle/manifest.yaml\n' = CompletedProcess(args=['/opt/hostedtoolcache/Python/3.12.12/x64/bin/python', '-m', 'smus_cicd.cli', 'test', '--manifest', 'tests/integration/multi_target_bundle/manifest.yaml'], returncode=1, stdout='\u274c Error running tests: Manifest validation failed for tests/integration/multi_target_bundle/manifest.yaml:\n  - File not found: tests/integration/multi_target_bundle/manifest.yaml\n', stderr='').stdout</failure></testcase><testcase classname="tests.integration.multi_target_app.test_test_command_integration.TestTestCommandIntegration" name="test_test_files_exist" time="0.491"><failure message="AssertionError: Test folder should exist&#10;assert False&#10; +  where False = exists()&#10; +    where exists = PosixPath('tests/integration/multi_target_bundle/pipeline_tests').exists">tests/integration/multi_target_app/test_test_command_integration.py:118: in test_test_files_exist
    assert test_folder.exists(), "Test folder should exist"
E   AssertionError: Test folder should exist
E   assert False
E    +  where False = exists()
E    +    where exists = PosixPath('tests/integration/multi_target_bundle/pipeline_tests').exists</failure></testcase><testcase classname="tests.integration.multi_target_app.test_test_command_integration.TestTestCommandIntegration" name="test_actual_test_execution" time="1.015"><failure message="assert 'test_environment_variables_available PASSED' in &quot;============================= test session starts ==============================\nplatform linux -- Python 3.12.12, pytest-9.0.1, pluggy-1.6.0 -- /opt/hostedtoolcache/Python/3.12.12/x64/bin/python\ncachedir: .pytest_cache\nmetadata: {'Python': '3.12.12', 'Platform': 'Linux-6.11.0-1018-azure-x86_64-with-glibc2.39', 'Packages': {'pytest': '9.0.1', 'pluggy': '1.6.0'}, 'Plugins': {'anyio': '4.11.0', 'html': '4.1.1', 'cov': '7.0.0', 'metadata': '3.1.1'}, 'CI': 'true', 'AWS_REGION': 'us-east-1', 'JAVA_HOME': '/usr/lib/jvm/temurin-17-jdk-amd64'}\nrootdir: /home/runner/work/Unified-Studio-for-Amazon-Sagemaker/Unified-Studio-for-Amazon-Sagemaker/experimental/SMUS-CICD-pipeline-cli\nconfigfile: pytest.ini (WARNING: ignoring pytest config in setup.cfg!)\nplugins: anyio-4.11.0, html-4.1.1, cov-7.0.0, metadata-3.1.1\ncollecting ... collected 0 items\n\n- Generated html report: file:///home/runner/work/Unified-Studio-for-Amazon-Sagemaker/Unified-Studio-for-Amazon-Sagemaker/experimental/SMUS-CICD-pipeline-cli/tests/reports/test-results.html -\n============================ no tests ran in 0.01s =============================\n&quot;&#10; +  where &quot;============================= test session starts ==============================\nplatform linux -- Python 3.12.12, pytest-9.0.1, pluggy-1.6.0 -- /opt/hostedtoolcache/Python/3.12.12/x64/bin/python\ncachedir: .pytest_cache\nmetadata: {'Python': '3.12.12', 'Platform': 'Linux-6.11.0-1018-azure-x86_64-with-glibc2.39', 'Packages': {'pytest': '9.0.1', 'pluggy': '1.6.0'}, 'Plugins': {'anyio': '4.11.0', 'html': '4.1.1', 'cov': '7.0.0', 'metadata': '3.1.1'}, 'CI': 'true', 'AWS_REGION': 'us-east-1', 'JAVA_HOME': '/usr/lib/jvm/temurin-17-jdk-amd64'}\nrootdir: /home/runner/work/Unified-Studio-for-Amazon-Sagemaker/Unified-Studio-for-Amazon-Sagemaker/experimental/SMUS-CICD-pipeline-cli\nconfigfile: pytest.ini (WARNING: ignoring pytest config in setup.cfg!)\nplugins: anyio-4.11.0, html-4.1.1, cov-7.0.0, metadata-3.1.1\ncollecting ... collected 0 items\n\n- Generated html report: file:///home/runner/work/Unified-Studio-for-Amazon-Sagemaker/Unified-Studio-for-Amazon-Sagemaker/experimental/SMUS-CICD-pipeline-cli/tests/reports/test-results.html -\n============================ no tests ran in 0.01s =============================\n&quot; = CompletedProcess(args=['/opt/hostedtoolcache/Python/3.12.12/x64/bin/python', '-m', 'pytest', 'tests/integration/multi_target_bundle/pipeline_tests', '-v'], returncode=4, stdout=&quot;============================= test session starts ==============================\nplatform linux -- Python 3.12.12, pytest-9.0.1, pluggy-1.6.0 -- /opt/hostedtoolcache/Python/3.12.12/x64/bin/python\ncachedir: .pytest_cache\nmetadata: {'Python': '3.12.12', 'Platform': 'Linux-6.11.0-1018-azure-x86_64-with-glibc2.39', 'Packages': {'pytest': '9.0.1', 'pluggy': '1.6.0'}, 'Plugins': {'anyio': '4.11.0', 'html': '4.1.1', 'cov': '7.0.0', 'metadata': '3.1.1'}, 'CI': 'true', 'AWS_REGION': 'us-east-1', 'JAVA_HOME': '/usr/lib/jvm/temurin-17-jdk-amd64'}\nrootdir: /home/runner/work/Unified-Studio-for-Amazon-Sagemaker/Unified-Studio-for-Amazon-Sagemaker/experimental/SMUS-CICD-pipeline-cli\nconfigfile: pytest.ini (WARNING: ignoring pytest config in setup.cfg!)\nplugins: anyio-4.11.0, html-4.1.1, cov-7.0.0, metadata-3.1.1\ncollecting ... collected 0 items\n\n- Generated html report: file:///home/runner/work/Unified-Studio-for-Amazon-Sagemaker/Unified-Studio-for-Amazon-Sagemaker/experimental/SMUS-CICD-pipeline-cli/tests/reports/test-results.html -\n============================ no tests ran in 0.01s =============================\n&quot;, stderr='ERROR: file or directory not found: tests/integration/multi_target_bundle/pipeline_tests\n\n').stdout">tests/integration/multi_target_app/test_test_command_integration.py:156: in test_actual_test_execution
    assert "test_environment_variables_available PASSED" in result.stdout
E   assert 'test_environment_variables_available PASSED' in "============================= test session starts ==============================\nplatform linux -- Python 3.12.12, pytest-9.0.1, pluggy-1.6.0 -- /opt/hostedtoolcache/Python/3.12.12/x64/bin/python\ncachedir: .pytest_cache\nmetadata: {'Python': '3.12.12', 'Platform': 'Linux-6.11.0-1018-azure-x86_64-with-glibc2.39', 'Packages': {'pytest': '9.0.1', 'pluggy': '1.6.0'}, 'Plugins': {'anyio': '4.11.0', 'html': '4.1.1', 'cov': '7.0.0', 'metadata': '3.1.1'}, 'CI': 'true', 'AWS_REGION': 'us-east-1', 'JAVA_HOME': '/usr/lib/jvm/temurin-17-jdk-amd64'}\nrootdir: /home/runner/work/Unified-Studio-for-Amazon-Sagemaker/Unified-Studio-for-Amazon-Sagemaker/experimental/SMUS-CICD-pipeline-cli\nconfigfile: pytest.ini (WARNING: ignoring pytest config in setup.cfg!)\nplugins: anyio-4.11.0, html-4.1.1, cov-7.0.0, metadata-3.1.1\ncollecting ... collected 0 items\n\n- Generated html report: file:///home/runner/work/Unified-Studio-for-Amazon-Sagemaker/Unified-Studio-for-Amazon-Sagemaker/experimental/SMUS-CICD-pipeline-cli/tests/reports/test-results.html -\n============================ no tests ran in 0.01s =============================\n"
E    +  where "============================= test session starts ==============================\nplatform linux -- Python 3.12.12, pytest-9.0.1, pluggy-1.6.0 -- /opt/hostedtoolcache/Python/3.12.12/x64/bin/python\ncachedir: .pytest_cache\nmetadata: {'Python': '3.12.12', 'Platform': 'Linux-6.11.0-1018-azure-x86_64-with-glibc2.39', 'Packages': {'pytest': '9.0.1', 'pluggy': '1.6.0'}, 'Plugins': {'anyio': '4.11.0', 'html': '4.1.1', 'cov': '7.0.0', 'metadata': '3.1.1'}, 'CI': 'true', 'AWS_REGION': 'us-east-1', 'JAVA_HOME': '/usr/lib/jvm/temurin-17-jdk-amd64'}\nrootdir: /home/runner/work/Unified-Studio-for-Amazon-Sagemaker/Unified-Studio-for-Amazon-Sagemaker/experimental/SMUS-CICD-pipeline-cli\nconfigfile: pytest.ini (WARNING: ignoring pytest config in setup.cfg!)\nplugins: anyio-4.11.0, html-4.1.1, cov-7.0.0, metadata-3.1.1\ncollecting ... collected 0 items\n\n- Generated html report: file:///home/runner/work/Unified-Studio-for-Amazon-Sagemaker/Unified-Studio-for-Amazon-Sagemaker/experimental/SMUS-CICD-pipeline-cli/tests/reports/test-results.html -\n============================ no tests ran in 0.01s =============================\n" = CompletedProcess(args=['/opt/hostedtoolcache/Python/3.12.12/x64/bin/python', '-m', 'pytest', 'tests/integration/multi_target_bundle/pipeline_tests', '-v'], returncode=4, stdout="============================= test session starts ==============================\nplatform linux -- Python 3.12.12, pytest-9.0.1, pluggy-1.6.0 -- /opt/hostedtoolcache/Python/3.12.12/x64/bin/python\ncachedir: .pytest_cache\nmetadata: {'Python': '3.12.12', 'Platform': 'Linux-6.11.0-1018-azure-x86_64-with-glibc2.39', 'Packages': {'pytest': '9.0.1', 'pluggy': '1.6.0'}, 'Plugins': {'anyio': '4.11.0', 'html': '4.1.1', 'cov': '7.0.0', 'metadata': '3.1.1'}, 'CI': 'true', 'AWS_REGION': 'us-east-1', 'JAVA_HOME': '/usr/lib/jvm/temurin-17-jdk-amd64'}\nrootdir: /home/runner/work/Unified-Studio-for-Amazon-Sagemaker/Unified-Studio-for-Amazon-Sagemaker/experimental/SMUS-CICD-pipeline-cli\nconfigfile: pytest.ini (WARNING: ignoring pytest config in setup.cfg!)\nplugins: anyio-4.11.0, html-4.1.1, cov-7.0.0, metadata-3.1.1\ncollecting ... collected 0 items\n\n- Generated html report: file:///home/runner/work/Unified-Studio-for-Amazon-Sagemaker/Unified-Studio-for-Amazon-Sagemaker/experimental/SMUS-CICD-pipeline-cli/tests/reports/test-results.html -\n============================ no tests ran in 0.01s =============================\n", stderr='ERROR: file or directory not found: tests/integration/multi_target_bundle/pipeline_tests\n\n').stdout</failure></testcase></testsuite></testsuites>