<?xml version="1.0" encoding="utf-8"?><testsuites name="pytest tests"><testsuite name="pytest" errors="0" failures="12" skipped="4" tests="17" time="32.120" timestamp="2025-11-21T15:48:09.726304+00:00" hostname="runnervmg1sw1"><testcase classname="tests.integration.multi_target_app_airless.app_tests.test_project_validation_overdrive" name="test_environment_variables_available" time="0.009"><failure message="AssertionError: Domain name should not be empty&#10;assert ''">tests/integration/multi_target_app_airless/app_tests/test_project_validation_overdrive.py:52: in test_environment_variables_available
    assert domain_name, "Domain name should not be empty"
E   AssertionError: Domain name should not be empty
E   assert ''</failure></testcase><testcase classname="tests.integration.multi_target_app_airless.app_tests.test_project_validation_overdrive" name="test_project_context" time="0.006"><failure message="AssertionError: Domain name should not be empty&#10;assert ''">tests/integration/multi_target_app_airless/app_tests/test_project_validation_overdrive.py:71: in test_project_context
    assert domain_name, "Domain name should not be empty"
E   AssertionError: Domain name should not be empty
E   assert ''</failure></testcase><testcase classname="tests.integration.multi_target_app_airless.app_tests.test_project_validation_overdrive" name="test_domain_and_project_ids" time="0.006"><failure message="AssertionError: Domain name should not be empty&#10;assert 0 &gt; 0&#10; +  where 0 = len('')">tests/integration/multi_target_app_airless/app_tests/test_project_validation_overdrive.py:93: in test_domain_and_project_ids
    assert len(domain_name) &gt; 0, "Domain name should not be empty"
E   AssertionError: Domain name should not be empty
E   assert 0 &gt; 0
E    +  where 0 = len('')</failure></testcase><testcase classname="tests.integration.multi_target_app_airless.app_tests.test_project_validation_overdrive" name="test_aws_connectivity" time="0.729" /><testcase classname="tests.integration.multi_target_app_airless.test_multi_target_app.TestMultiTargetApp" name="test_describe_connect_after_deploy" time="3.368"><failure message="AssertionError: Deploy should be idempotent but failed: Deploying to target: test&#10;  Project: integration-airless-test&#10;  Domain: None&#10;  Region: us-east-2&#10;  #x1F50D EventEmitter initialized: enabled=True, bus=default, region=us-east-2&#10;  #x1F50D Metadata collected: False&#10;  2025-11-21 15:48:13,205 - smus_cicd.eventbridge_emitter - INFO - ✓ Emitted event: SMUS-CICD-Deploy-ProjectInitialization-Started&#10;  ❌ Error: Could not resolve domain name from tags&#10;  2025-11-21 15:48:13,481 - smus_cicd.eventbridge_emitter - INFO - ✓ Emitted event: SMUS-CICD-Deploy-ProjectInitialization-Failed&#10;  2025-11-21 15:48:14,081 - smus_cicd.eventbridge_emitter - INFO - ✓ Emitted event: SMUS-CICD-Deploy-Failed&#10;  ❌ Error: Deployment failed: 1&#10;  &#10;assert False">tests/integration/multi_target_app_airless/test_multi_target_app.py:101: in test_describe_connect_after_deploy
    assert deploy_result[
E   AssertionError: Deploy should be idempotent but failed: Deploying to target: test
E     Project: integration-airless-test
E     Domain: None
E     Region: us-east-2
E     #x1F50D EventEmitter initialized: enabled=True, bus=default, region=us-east-2
E     #x1F50D Metadata collected: False
E     2025-11-21 15:48:13,205 - smus_cicd.eventbridge_emitter - INFO - ✓ Emitted event: SMUS-CICD-Deploy-ProjectInitialization-Started
E     ❌ Error: Could not resolve domain name from tags
E     2025-11-21 15:48:13,481 - smus_cicd.eventbridge_emitter - INFO - ✓ Emitted event: SMUS-CICD-Deploy-ProjectInitialization-Failed
E     2025-11-21 15:48:14,081 - smus_cicd.eventbridge_emitter - INFO - ✓ Emitted event: SMUS-CICD-Deploy-Failed
E     ❌ Error: Deployment failed: 1
E     
E   assert False</failure></testcase><testcase classname="tests.integration.multi_target_app_airless.test_multi_target_app.TestMultiTargetApp" name="test_describe_connect_nonexistent_project" time="1.726"><failure message="AssertionError: Describe command should not crash: Error describing manifest: Manifest validation failed for /tmp/tmp04wle_9q.yaml:&#10;    - Path 'content': None is not of type 'object'&#10;    - Path 'root': Additional properties are not allowed ('workflows' was unexpected)&#10;  &#10;assert False">tests/integration/multi_target_app_airless/test_multi_target_app.py:187: in test_describe_connect_nonexistent_project
    assert result[
E   AssertionError: Describe command should not crash: Error describing manifest: Manifest validation failed for /tmp/tmp04wle_9q.yaml:
E       - Path 'content': None is not of type 'object'
E       - Path 'root': Additional properties are not allowed ('workflows' was unexpected)
E     
E   assert False</failure></testcase><testcase classname="tests.integration.multi_target_app_airless.test_multi_target_app.TestMultiTargetApp" name="test_describe_connect_wrong_domain" time="1.689"><failure message="AssertionError: Describe command should not crash: Error describing manifest: Manifest validation failed for /tmp/tmpenr6obtt.yaml:&#10;    - Path 'content': None is not of type 'object'&#10;    - Path 'root': Additional properties are not allowed ('workflows' was unexpected)&#10;  &#10;assert False">tests/integration/multi_target_app_airless/test_multi_target_app.py:238: in test_describe_connect_wrong_domain
    assert result[
E   AssertionError: Describe command should not crash: Error describing manifest: Manifest validation failed for /tmp/tmpenr6obtt.yaml:
E       - Path 'content': None is not of type 'object'
E       - Path 'root': Additional properties are not allowed ('workflows' was unexpected)
E     
E   assert False</failure></testcase><testcase classname="tests.integration.multi_target_app_airless.test_multi_target_app.TestMultiTargetApp" name="test_describe_connect_wrong_region" time="1.705"><failure message="AssertionError: Describe command should not crash: Error describing manifest: Manifest validation failed for /tmp/tmpjbcq7s4x.yaml:&#10;    - Path 'content': None is not of type 'object'&#10;    - Path 'root': Additional properties are not allowed ('workflows' was unexpected)&#10;  &#10;assert False">tests/integration/multi_target_app_airless/test_multi_target_app.py:287: in test_describe_connect_wrong_region
    assert result[
E   AssertionError: Describe command should not crash: Error describing manifest: Manifest validation failed for /tmp/tmpjbcq7s4x.yaml:
E       - Path 'content': None is not of type 'object'
E       - Path 'root': Additional properties are not allowed ('workflows' was unexpected)
E     
E   assert False</failure></testcase><testcase classname="tests.integration.multi_target_app_airless.test_multi_target_app.TestMultiTargetApp" name="test_describe_without_connect_vs_with_connect" time="3.713"><failure message="AssertionError: Describe with --connect failed: Pipeline: IntegrationTestMultiTargetAirless&#10;  Domain: None (us-east-2)&#10;  &#10;  Targets:&#10;    - dev: dev-marketing&#10;  2025-11-21 15:48:22,186 - smus_cicd.utils - ERROR - Error getting DataZone project info for dev-marketing: Domain not found - check domain name/tags in manifest or CloudFormation stack&#10;      ❌ Error connecting to AWS: Cannot connect to target 'dev': Domain not found.&#10;  Please check:&#10;    - Domain tags in manifest match an existing domain&#10;    - Domain region is correct&#10;    - AWS credentials have access to the domain&#10;    - test: integration-airless-test&#10;  2025-11-21 15:48:22,619 - smus_cicd.utils - ERROR - Error getting DataZone project info for integration-airless-test: Domain not found - check domain name/tags in manifest or CloudFormation stack&#10;      ❌ Error connecting to AWS: Cannot connect to target 'test': Domain not found.&#10;  Please check:&#10;    - Domain tags in manifest match an existing domain&#10;    - Domain region is correct&#10;    - AWS credentials have access to the domain&#10;    - prod: integration-airless-test&#10;  2025-11-21 15:48:23,029 - smus_cicd.utils - ERROR - Error getting DataZone project info for integration-airless-test: Domain not found - check domain name/tags in manifest or CloudFormation stack&#10;      ❌ Error connecting to AWS: Cannot connect to target 'prod': Domain not found.&#10;  Please check:&#10;    - Domain tags in manifest match an existing domain&#10;    - Domain region is correct&#10;    - AWS credentials have access to the domain&#10;  &#10;  ❌ Command failed due to errors above&#10;  &#10;assert False">tests/integration/multi_target_app_airless/test_multi_target_app.py:316: in test_describe_without_connect_vs_with_connect
    assert result_with[
E   AssertionError: Describe with --connect failed: Pipeline: IntegrationTestMultiTargetAirless
E     Domain: None (us-east-2)
E     
E     Targets:
E       - dev: dev-marketing
E     2025-11-21 15:48:22,186 - smus_cicd.utils - ERROR - Error getting DataZone project info for dev-marketing: Domain not found - check domain name/tags in manifest or CloudFormation stack
E         ❌ Error connecting to AWS: Cannot connect to target 'dev': Domain not found.
E     Please check:
E       - Domain tags in manifest match an existing domain
E       - Domain region is correct
E       - AWS credentials have access to the domain
E       - test: integration-airless-test
E     2025-11-21 15:48:22,619 - smus_cicd.utils - ERROR - Error getting DataZone project info for integration-airless-test: Domain not found - check domain name/tags in manifest or CloudFormation stack
E         ❌ Error connecting to AWS: Cannot connect to target 'test': Domain not found.
E     Please check:
E       - Domain tags in manifest match an existing domain
E       - Domain region is correct
E       - AWS credentials have access to the domain
E       - prod: integration-airless-test
E     2025-11-21 15:48:23,029 - smus_cicd.utils - ERROR - Error getting DataZone project info for integration-airless-test: Domain not found - check domain name/tags in manifest or CloudFormation stack
E         ❌ Error connecting to AWS: Cannot connect to target 'prod': Domain not found.
E     Please check:
E       - Domain tags in manifest match an existing domain
E       - Domain region is correct
E       - AWS credentials have access to the domain
E     
E     ❌ Command failed due to errors above
E     
E   assert False</failure></testcase><testcase classname="tests.integration.multi_target_app_airless.test_multi_target_app.TestMultiTargetApp" name="test_describe_connect_project_details" time="3.428"><failure message="AssertionError: Describe --connect failed: Pipeline: IntegrationTestMultiTargetAirless&#10;  Domain: None (us-east-2)&#10;  &#10;  Targets:&#10;    - dev: dev-marketing&#10;  2025-11-21 15:48:25,596 - smus_cicd.utils - ERROR - Error getting DataZone project info for dev-marketing: Domain not found - check domain name/tags in manifest or CloudFormation stack&#10;      ❌ Error connecting to AWS: Cannot connect to target 'dev': Domain not found.&#10;  Please check:&#10;    - Domain tags in manifest match an existing domain&#10;    - Domain region is correct&#10;    - AWS credentials have access to the domain&#10;    - test: integration-airless-test&#10;  2025-11-21 15:48:26,031 - smus_cicd.utils - ERROR - Error getting DataZone project info for integration-airless-test: Domain not found - check domain name/tags in manifest or CloudFormation stack&#10;      ❌ Error connecting to AWS: Cannot connect to target 'test': Domain not found.&#10;  Please check:&#10;    - Domain tags in manifest match an existing domain&#10;    - Domain region is correct&#10;    - AWS credentials have access to the domain&#10;    - prod: integration-airless-test&#10;  2025-11-21 15:48:26,486 - smus_cicd.utils - ERROR - Error getting DataZone project info for integration-airless-test: Domain not found - check domain name/tags in manifest or CloudFormation stack&#10;      ❌ Error connecting to AWS: Cannot connect to target 'prod': Domain not found.&#10;  Please check:&#10;    - Domain tags in manifest match an existing domain&#10;    - Domain region is correct&#10;    - AWS credentials have access to the domain&#10;  &#10;  ❌ Command failed due to errors above&#10;  &#10;assert False">tests/integration/multi_target_app_airless/test_multi_target_app.py:347: in test_describe_connect_project_details
    assert result["success"], f"Describe --connect failed: {result['output']}"
E   AssertionError: Describe --connect failed: Pipeline: IntegrationTestMultiTargetAirless
E     Domain: None (us-east-2)
E     
E     Targets:
E       - dev: dev-marketing
E     2025-11-21 15:48:25,596 - smus_cicd.utils - ERROR - Error getting DataZone project info for dev-marketing: Domain not found - check domain name/tags in manifest or CloudFormation stack
E         ❌ Error connecting to AWS: Cannot connect to target 'dev': Domain not found.
E     Please check:
E       - Domain tags in manifest match an existing domain
E       - Domain region is correct
E       - AWS credentials have access to the domain
E       - test: integration-airless-test
E     2025-11-21 15:48:26,031 - smus_cicd.utils - ERROR - Error getting DataZone project info for integration-airless-test: Domain not found - check domain name/tags in manifest or CloudFormation stack
E         ❌ Error connecting to AWS: Cannot connect to target 'test': Domain not found.
E     Please check:
E       - Domain tags in manifest match an existing domain
E       - Domain region is correct
E       - AWS credentials have access to the domain
E       - prod: integration-airless-test
E     2025-11-21 15:48:26,486 - smus_cicd.utils - ERROR - Error getting DataZone project info for integration-airless-test: Domain not found - check domain name/tags in manifest or CloudFormation stack
E         ❌ Error connecting to AWS: Cannot connect to target 'prod': Domain not found.
E     Please check:
E       - Domain tags in manifest match an existing domain
E       - Domain region is correct
E       - AWS credentials have access to the domain
E     
E     ❌ Command failed due to errors above
E     
E   assert False</failure></testcase><testcase classname="tests.integration.multi_target_app_airless.test_multi_target_app.TestMultiTargetApp" name="test_describe_connect_multiple_targets_mixed_results" time="1.706"><failure message="AssertionError: Command should not crash: Error describing manifest: Manifest validation failed for /tmp/tmpjtym613k.yaml:&#10;    - Path 'content': None is not of type 'object'&#10;    - Path 'root': Additional properties are not allowed ('workflows' was unexpected)&#10;  &#10;assert False">tests/integration/multi_target_app_airless/test_multi_target_app.py:442: in test_describe_connect_multiple_targets_mixed_results
    assert result["success"], f"Command should not crash: {result['output']}"
E   AssertionError: Command should not crash: Error describing manifest: Manifest validation failed for /tmp/tmpjtym613k.yaml:
E       - Path 'content': None is not of type 'object'
E       - Path 'root': Additional properties are not allowed ('workflows' was unexpected)
E     
E   assert False</failure></testcase><testcase classname="tests.integration.multi_target_app_airless.test_multi_target_app.TestMultiTargetApp" name="test_describe_connect_invalid_connection_name" time="1.650"><failure message="AssertionError: Command should not crash with invalid connection: Error describing manifest: Manifest validation failed for /tmp/tmp9ai5lx50.yaml:&#10;    - Path 'content': None is not of type 'object'&#10;    - Path 'root': Additional properties are not allowed ('workflows' was unexpected)&#10;  &#10;assert False">tests/integration/multi_target_app_airless/test_multi_target_app.py:498: in test_describe_connect_invalid_connection_name
    assert result[
E   AssertionError: Command should not crash with invalid connection: Error describing manifest: Manifest validation failed for /tmp/tmp9ai5lx50.yaml:
E       - Path 'content': None is not of type 'object'
E       - Path 'root': Additional properties are not allowed ('workflows' was unexpected)
E     
E   assert False</failure></testcase><testcase classname="tests.integration.multi_target_app_airless.test_multi_target_app.TestMultiTargetApp" name="test_multi_target_comprehensive_workflow" time="6.483"><failure message="Failed: Bundle command failed: #x1F50D Bundle source: dev target&#10;#x1F4E6 Bundle destination: dev&#10;Creating bundle for target: dev&#10;Project: dev-marketing&#10;2025-11-21 15:48:36,059 - smus_cicd.utils - ERROR - Error getting DataZone project info for dev-marketing: Domain not found - check domain name/tags in manifest or CloudFormation stack&#10;❌ No files found&#10;Error: 1">tests/integration/multi_target_app_airless/test_multi_target_app.py:714: in test_multi_target_comprehensive_workflow
    pytest.fail(f"Bundle command failed: {result['output']}")
E   Failed: Bundle command failed: #x1F50D Bundle source: dev target
E   #x1F4E6 Bundle destination: dev
E   Creating bundle for target: dev
E   Project: dev-marketing
E   2025-11-21 15:48:36,059 - smus_cicd.utils - ERROR - Error getting DataZone project info for dev-marketing: Domain not found - check domain name/tags in manifest or CloudFormation stack
E   ❌ No files found
E   Error: 1</failure></testcase><testcase classname="tests.integration.multi_target_app_airless.test_multi_target_app.TestMultiTargetApp" name="test_catalog_asset_access_workflow" time="1.287"><skipped type="pytest.skip" message="Catalog validation tests temporarily disabled">/home/runner/work/Unified-Studio-for-Amazon-Sagemaker/Unified-Studio-for-Amazon-Sagemaker/experimental/SMUS-CICD-pipeline-cli/tests/integration/multi_target_app_airless/test_multi_target_app.py:989: Catalog validation tests temporarily disabled</skipped></testcase><testcase classname="tests.integration.multi_target_app_airless.test_multi_target_app.TestMultiTargetApp" name="test_catalog_asset_backward_compatibility" time="1.247"><skipped type="pytest.skip" message="Catalog validation tests temporarily disabled">/home/runner/work/Unified-Studio-for-Amazon-Sagemaker/Unified-Studio-for-Amazon-Sagemaker/experimental/SMUS-CICD-pipeline-cli/tests/integration/multi_target_app_airless/test_multi_target_app.py:1181: Catalog validation tests temporarily disabled</skipped></testcase><testcase classname="tests.integration.multi_target_app_airless.test_multi_target_app.TestMultiTargetApp" name="test_catalog_asset_negative_scenarios" time="1.519"><skipped type="pytest.skip" message="Catalog validation tests temporarily disabled">/home/runner/work/Unified-Studio-for-Amazon-Sagemaker/Unified-Studio-for-Amazon-Sagemaker/experimental/SMUS-CICD-pipeline-cli/tests/integration/multi_target_app_airless/test_multi_target_app.py:1247: Catalog validation tests temporarily disabled</skipped></testcase><testcase classname="tests.integration.multi_target_app_airless.test_multi_target_app.TestMultiTargetApp" name="test_catalog_asset_mixed_scenarios" time="1.313"><skipped type="pytest.skip" message="Catalog validation tests temporarily disabled">/home/runner/work/Unified-Studio-for-Amazon-Sagemaker/Unified-Studio-for-Amazon-Sagemaker/experimental/SMUS-CICD-pipeline-cli/tests/integration/multi_target_app_airless/test_multi_target_app.py:1408: Catalog validation tests temporarily disabled</skipped></testcase></testsuite></testsuites>