<?xml version="1.0" encoding="utf-8"?><testsuites name="pytest tests"><testsuite name="pytest" errors="0" failures="3" skipped="0" tests="10" time="7.127" timestamp="2025-11-21T15:47:58.119572+00:00" hostname="runnervmg1sw1"><testcase classname="tests.integration.app_deploy.app_tests.test_app_validation.TestBundleValidation" name="test_describe_connect_validation" time="1.085" /><testcase classname="tests.integration.app_deploy.app_tests.test_app_validation.TestBundleValidation" name="test_deploy_command_validation" time="0.339"><failure message="AssertionError: Deploy command failed unexpectedly: #x1B[33mUsage: #x1B[0msmus-cli deploy [OPTIONS] [TARGET_POSITIONAL]&#10;  #x1B[2mTry #x1B[0m#x1B[2;34m'smus-cli deploy #x1B[0m#x1B[1;2;34m-#x1B[0m#x1B[1;2;34m-help#x1B[0m#x1B[2;34m'#x1B[0m#x1B[2m for help.#x1B[0m&#10;  #x1B[31m╭─#x1B[0m#x1B[31m Error #x1B[0m#x1B[31m─────────────────────────────────────────────────────────────────────#x1B[0m#x1B[31m─╮#x1B[0m&#10;  #x1B[31m│#x1B[0m No such option: #x1B[1;36m-#x1B[0m#x1B[1;36m-bundle#x1B[0m                                                     #x1B[31m│#x1B[0m&#10;  #x1B[31m╰──────────────────────────────────────────────────────────────────────────────╯#x1B[0m&#10;  &#10;assert 2 in [0, 1]">tests/integration/app_deploy/app_tests/test_app_validation.py:142: in test_deploy_command_validation
    assert result["returncode"] in [
E   AssertionError: Deploy command failed unexpectedly: #x1B[33mUsage: #x1B[0msmus-cli deploy [OPTIONS] [TARGET_POSITIONAL]
E     #x1B[2mTry #x1B[0m#x1B[2;34m'smus-cli deploy #x1B[0m#x1B[1;2;34m-#x1B[0m#x1B[1;2;34m-help#x1B[0m#x1B[2;34m'#x1B[0m#x1B[2m for help.#x1B[0m
E     #x1B[31m╭─#x1B[0m#x1B[31m Error #x1B[0m#x1B[31m─────────────────────────────────────────────────────────────────────#x1B[0m#x1B[31m─╮#x1B[0m
E     #x1B[31m│#x1B[0m No such option: #x1B[1;36m-#x1B[0m#x1B[1;36m-bundle#x1B[0m                                                     #x1B[31m│#x1B[0m
E     #x1B[31m╰──────────────────────────────────────────────────────────────────────────────╯#x1B[0m
E     
E   assert 2 in [0, 1]</failure></testcase><testcase classname="tests.integration.app_deploy.app_tests.test_app_validation.TestBundleValidation" name="test_run_command_validation" time="0.653" /><testcase classname="tests.integration.app_deploy.app_tests.test_app_validation.TestBundleValidation" name="test_test_command_validation" time="0.471" /><testcase classname="tests.integration.app_deploy.app_tests.test_app_validation.TestBundleValidation" name="test_monitor_command_validation" time="0.957"><failure message="assert 'execute_notebooks_dag' in '{\n  &quot;bundle&quot;: &quot;integrationtestmultitarget&quot;,\n  &quot;message&quot;: &quot;no workflows defined in manifest&quot;,\n  &quot;status&quot;: &quot;success&quot;\n}\n'&#10; +  where '{\n  &quot;bundle&quot;: &quot;integrationtestmultitarget&quot;,\n  &quot;message&quot;: &quot;no workflows defined in manifest&quot;,\n  &quot;status&quot;: &quot;success&quot;\n}\n' = &lt;built-in method lower of str object at 0x7f8459830030&gt;()&#10; +    where &lt;built-in method lower of str object at 0x7f8459830030&gt; = '{\n  &quot;bundle&quot;: &quot;IntegrationTestMultiTarget&quot;,\n  &quot;message&quot;: &quot;No workflows defined in manifest&quot;,\n  &quot;status&quot;: &quot;success&quot;\n}\n'.lower">tests/integration/app_deploy/app_tests/test_app_validation.py:283: in test_monitor_command_validation
    assert "execute_notebooks_dag" in result2["stdout"].lower()
E   assert 'execute_notebooks_dag' in '{\n  "bundle": "integrationtestmultitarget",\n  "message": "no workflows defined in manifest",\n  "status": "success"\n}\n'
E    +  where '{\n  "bundle": "integrationtestmultitarget",\n  "message": "no workflows defined in manifest",\n  "status": "success"\n}\n' = &lt;built-in method lower of str object at 0x7f8459830030&gt;()
E    +    where &lt;built-in method lower of str object at 0x7f8459830030&gt; = '{\n  "bundle": "IntegrationTestMultiTarget",\n  "message": "No workflows defined in manifest",\n  "status": "success"\n}\n'.lower</failure></testcase><testcase classname="tests.integration.app_deploy.app_tests.test_app_validation.TestBundleValidation" name="test_describe_command_validation" time="0.473" /><testcase classname="tests.integration.app_deploy.app_tests.test_app_validation.TestBundleValidation" name="test_bundle_structure_validation" time="0.007" /><testcase classname="tests.integration.app_deploy.test_app_deploy.TestAppDeploy" name="test_describe_pipeline_without_dev" time="1.255" /><testcase classname="tests.integration.app_deploy.test_app_deploy.TestAppDeploy" name="test_app_deploy_workflow" time="1.155"><failure message="AssertionError: Bundle deployment must succeed: #x1B[33mUsage: #x1B[0mroot deploy [OPTIONS] [TARGET_POSITIONAL]&#10;  #x1B[2mTry #x1B[0m#x1B[2;34m'root deploy #x1B[0m#x1B[1;2;34m-#x1B[0m#x1B[1;2;34m-help#x1B[0m#x1B[2;34m'#x1B[0m#x1B[2m for help.#x1B[0m&#10;  #x1B[31m╭─#x1B[0m#x1B[31m Error #x1B[0m#x1B[31m─────────────────────────────────────────────────────────────────────#x1B[0m#x1B[31m─╮#x1B[0m&#10;  #x1B[31m│#x1B[0m No such option: #x1B[1;36m-#x1B[0m#x1B[1;36m-bundle#x1B[0m                                                     #x1B[31m│#x1B[0m&#10;  #x1B[31m╰──────────────────────────────────────────────────────────────────────────────╯#x1B[0m&#10;  &#10;assert False">tests/integration/app_deploy/test_app_deploy.py:339: in test_app_deploy_workflow
    assert deploy_result[
E   AssertionError: Bundle deployment must succeed: #x1B[33mUsage: #x1B[0mroot deploy [OPTIONS] [TARGET_POSITIONAL]
E     #x1B[2mTry #x1B[0m#x1B[2;34m'root deploy #x1B[0m#x1B[1;2;34m-#x1B[0m#x1B[1;2;34m-help#x1B[0m#x1B[2;34m'#x1B[0m#x1B[2m for help.#x1B[0m
E     #x1B[31m╭─#x1B[0m#x1B[31m Error #x1B[0m#x1B[31m─────────────────────────────────────────────────────────────────────#x1B[0m#x1B[31m─╮#x1B[0m
E     #x1B[31m│#x1B[0m No such option: #x1B[1;36m-#x1B[0m#x1B[1;36m-bundle#x1B[0m                                                     #x1B[31m│#x1B[0m
E     #x1B[31m╰──────────────────────────────────────────────────────────────────────────────╯#x1B[0m
E     
E   assert False</failure></testcase><testcase classname="tests.integration.app_deploy.test_app_deploy.TestAppDeploy" name="test_bundle_contents_validation" time="0.495" /></testsuite></testsuites>