<!DOCTYPE html>
<html>
  <head>
    <meta charset="utf-8"/>
    <title id="head-title">unit-test-results.html</title>
      <style type="text/css">body {
  font-family: Helvetica, Arial, sans-serif;
  font-size: 12px;
  /* do not increase min-width as some may use split screens */
  min-width: 800px;
  color: #999;
}

h1 {
  font-size: 24px;
  color: black;
}

h2 {
  font-size: 16px;
  color: black;
}

p {
  color: black;
}

a {
  color: #999;
}

table {
  border-collapse: collapse;
}

/******************************
 * SUMMARY INFORMATION
 ******************************/
#environment td {
  padding: 5px;
  border: 1px solid #e6e6e6;
  vertical-align: top;
}
#environment tr:nth-child(odd) {
  background-color: #f6f6f6;
}
#environment ul {
  margin: 0;
  padding: 0 20px;
}

/******************************
 * TEST RESULT COLORS
 ******************************/
span.passed,
.passed .col-result {
  color: green;
}

span.skipped,
span.xfailed,
span.rerun,
.skipped .col-result,
.xfailed .col-result,
.rerun .col-result {
  color: orange;
}

span.error,
span.failed,
span.xpassed,
.error .col-result,
.failed .col-result,
.xpassed .col-result {
  color: red;
}

.col-links__extra {
  margin-right: 3px;
}

/******************************
 * RESULTS TABLE
 *
 * 1. Table Layout
 * 2. Extra
 * 3. Sorting items
 *
 ******************************/
/*------------------
 * 1. Table Layout
 *------------------*/
#results-table {
  border: 1px solid #e6e6e6;
  color: #999;
  font-size: 12px;
  width: 100%;
}
#results-table th,
#results-table td {
  padding: 5px;
  border: 1px solid #e6e6e6;
  text-align: left;
}
#results-table th {
  font-weight: bold;
}

/*------------------
 * 2. Extra
 *------------------*/
.logwrapper {
  max-height: 230px;
  overflow-y: scroll;
  background-color: #e6e6e6;
}
.logwrapper.expanded {
  max-height: none;
}
.logwrapper.expanded .logexpander:after {
  content: "collapse [-]";
}
.logwrapper .logexpander {
  z-index: 1;
  position: sticky;
  top: 10px;
  width: max-content;
  border: 1px solid;
  border-radius: 3px;
  padding: 5px 7px;
  margin: 10px 0 10px calc(100% - 80px);
  cursor: pointer;
  background-color: #e6e6e6;
}
.logwrapper .logexpander:after {
  content: "expand [+]";
}
.logwrapper .logexpander:hover {
  color: #000;
  border-color: #000;
}
.logwrapper .log {
  min-height: 40px;
  position: relative;
  top: -50px;
  height: calc(100% + 50px);
  border: 1px solid #e6e6e6;
  color: black;
  display: block;
  font-family: "Courier New", Courier, monospace;
  padding: 5px;
  padding-right: 80px;
  white-space: pre-wrap;
}

div.media {
  border: 1px solid #e6e6e6;
  float: right;
  height: 240px;
  margin: 0 5px;
  overflow: hidden;
  width: 320px;
}

.media-container {
  display: grid;
  grid-template-columns: 25px auto 25px;
  align-items: center;
  flex: 1 1;
  overflow: hidden;
  height: 200px;
}

.media-container--fullscreen {
  grid-template-columns: 0px auto 0px;
}

.media-container__nav--right,
.media-container__nav--left {
  text-align: center;
  cursor: pointer;
}

.media-container__viewport {
  cursor: pointer;
  text-align: center;
  height: inherit;
}
.media-container__viewport img,
.media-container__viewport video {
  object-fit: cover;
  width: 100%;
  max-height: 100%;
}

.media__name,
.media__counter {
  display: flex;
  flex-direction: row;
  justify-content: space-around;
  flex: 0 0 25px;
  align-items: center;
}

.collapsible td:not(.col-links) {
  cursor: pointer;
}
.collapsible td:not(.col-links):hover::after {
  color: #bbb;
  font-style: italic;
  cursor: pointer;
}

.col-result {
  width: 130px;
}
.col-result:hover::after {
  content: " (hide details)";
}

.col-result.collapsed:hover::after {
  content: " (show details)";
}

#environment-header h2:hover::after {
  content: " (hide details)";
  color: #bbb;
  font-style: italic;
  cursor: pointer;
  font-size: 12px;
}

#environment-header.collapsed h2:hover::after {
  content: " (show details)";
  color: #bbb;
  font-style: italic;
  cursor: pointer;
  font-size: 12px;
}

/*------------------
 * 3. Sorting items
 *------------------*/
.sortable {
  cursor: pointer;
}
.sortable.desc:after {
  content: " ";
  position: relative;
  left: 5px;
  bottom: -12.5px;
  border: 10px solid #4caf50;
  border-bottom: 0;
  border-left-color: transparent;
  border-right-color: transparent;
}
.sortable.asc:after {
  content: " ";
  position: relative;
  left: 5px;
  bottom: 12.5px;
  border: 10px solid #4caf50;
  border-top: 0;
  border-left-color: transparent;
  border-right-color: transparent;
}

.hidden, .summary__reload__button.hidden {
  display: none;
}

.summary__data {
  flex: 0 0 550px;
}
.summary__reload {
  flex: 1 1;
  display: flex;
  justify-content: center;
}
.summary__reload__button {
  flex: 0 0 300px;
  display: flex;
  color: white;
  font-weight: bold;
  background-color: #4caf50;
  text-align: center;
  justify-content: center;
  align-items: center;
  border-radius: 3px;
  cursor: pointer;
}
.summary__reload__button:hover {
  background-color: #46a049;
}
.summary__spacer {
  flex: 0 0 550px;
}

.controls {
  display: flex;
  justify-content: space-between;
}

.filters,
.collapse {
  display: flex;
  align-items: center;
}
.filters button,
.collapse button {
  color: #999;
  border: none;
  background: none;
  cursor: pointer;
  text-decoration: underline;
}
.filters button:hover,
.collapse button:hover {
  color: #ccc;
}

.filter__label {
  margin-right: 10px;
}

      </style>
    
  </head>
  <body>
    <h1 id="title">unit-test-results.html</h1>
    <p>Report generated on 26-Aug-2025 at 20:40:39 by <a href="https://pypi.python.org/pypi/pytest-html">pytest-html</a>
        v4.1.1</p>
    <div id="environment-header">
      <h2>Environment</h2>
    </div>
    <table id="environment"></table>
    <!-- TEMPLATES -->
      <template id="template_environment_row">
      <tr>
        <td></td>
        <td></td>
      </tr>
    </template>
    <template id="template_results-table__body--empty">
      <tbody class="results-table-row">
        <tr id="not-found-message">
          <td colspan="4">No results found. Check the filters.</th>
        </tr>
    </template>
    <template id="template_results-table__tbody">
      <tbody class="results-table-row">
        <tr class="collapsible">
        </tr>
        <tr class="extras-row">
          <td class="extra" colspan="4">
            <div class="extraHTML"></div>
            <div class="media">
              <div class="media-container">
                  <div class="media-container__nav--left"><</div>
                  <div class="media-container__viewport">
                    <img src="" />
                    <video controls>
                      <source src="" type="video/mp4">
                    </video>
                  </div>
                  <div class="media-container__nav--right">></div>
                </div>
                <div class="media__name"></div>
                <div class="media__counter"></div>
            </div>
            <div class="logwrapper">
              <div class="logexpander"></div>
              <div class="log"></div>
            </div>
          </td>
        </tr>
      </tbody>
    </template>
    <!-- END TEMPLATES -->
    <div class="summary">
      <div class="summary__data">
        <h2>Summary</h2>
        <div class="additional-summary prefix">
        </div>
        <p class="run-count">138 tests took 00:00:13.</p>
        <p class="filter">(Un)check the boxes to filter the results.</p>
        <div class="summary__reload">
          <div class="summary__reload__button hidden" onclick="location.reload()">
            <div>There are still tests running. <br />Reload this page to get the latest results!</div>
          </div>
        </div>
        <div class="summary__spacer"></div>
        <div class="controls">
          <div class="filters">
            <input checked="true" class="filter" name="filter_checkbox" type="checkbox" data-test-result="failed" />
            <span class="failed">18 Failed,</span>
            <input checked="true" class="filter" name="filter_checkbox" type="checkbox" data-test-result="passed" />
            <span class="passed">120 Passed,</span>
            <input checked="true" class="filter" name="filter_checkbox" type="checkbox" data-test-result="skipped" disabled/>
            <span class="skipped">0 Skipped,</span>
            <input checked="true" class="filter" name="filter_checkbox" type="checkbox" data-test-result="xfailed" disabled/>
            <span class="xfailed">0 Expected failures,</span>
            <input checked="true" class="filter" name="filter_checkbox" type="checkbox" data-test-result="xpassed" disabled/>
            <span class="xpassed">0 Unexpected passes,</span>
            <input checked="true" class="filter" name="filter_checkbox" type="checkbox" data-test-result="error" disabled/>
            <span class="error">0 Errors,</span>
            <input checked="true" class="filter" name="filter_checkbox" type="checkbox" data-test-result="rerun" disabled/>
            <span class="rerun">0 Reruns</span>
          </div>
          <div class="collapse">
            <button id="show_all_details">Show all details</button>&nbsp;/&nbsp;<button id="hide_all_details">Hide all details</button>
          </div>
        </div>
      </div>
      <div class="additional-summary summary">
      </div>
      <div class="additional-summary postfix">
      </div>
    </div>
    <table id="results-table">
      <thead id="results-table-head">
        <tr>
          <th class="sortable" data-column-type="result">Result</th>
          <th class="sortable" data-column-type="testId">Test</th>
          <th class="sortable" data-column-type="duration">Duration</th>
          <th>Links</th>
        </tr>
      </thead>
    </table>
  </body>
  <footer>
    <div id="data-container" data-jsonblob="{&#34;environment&#34;: {&#34;Python&#34;: &#34;3.12.11&#34;, &#34;Platform&#34;: &#34;macOS-15.6-arm64-i386-64bit&#34;, &#34;Packages&#34;: {&#34;pytest&#34;: &#34;8.4.1&#34;, &#34;pluggy&#34;: &#34;1.6.0&#34;}, &#34;Plugins&#34;: {&#34;html&#34;: &#34;4.1.1&#34;, &#34;metadata&#34;: &#34;3.1.1&#34;, &#34;cov&#34;: &#34;6.2.1&#34;}}, &#34;tests&#34;: {&#34;tests/unit/test_airflow_parser.py::TestAirflowParser::test_parse_dags_list&#34;: [{&#34;extras&#34;: [], &#34;result&#34;: &#34;Passed&#34;, &#34;testId&#34;: &#34;tests/unit/test_airflow_parser.py::TestAirflowParser::test_parse_dags_list&#34;, &#34;duration&#34;: &#34;1 ms&#34;, &#34;resultsTableRow&#34;: [&#34;&lt;td class=\&#34;col-result\&#34;&gt;Passed&lt;/td&gt;&#34;, &#34;&lt;td class=\&#34;col-testId\&#34;&gt;tests/unit/test_airflow_parser.py::TestAirflowParser::test_parse_dags_list&lt;/td&gt;&#34;, &#34;&lt;td class=\&#34;col-duration\&#34;&gt;1 ms&lt;/td&gt;&#34;, &#34;&lt;td class=\&#34;col-links\&#34;&gt;&lt;/td&gt;&#34;], &#34;log&#34;: &#34;No log output captured.&#34;}], &#34;tests/unit/test_airflow_parser.py::TestAirflowParser::test_parse_tasks_list&#34;: [{&#34;extras&#34;: [], &#34;result&#34;: &#34;Passed&#34;, &#34;testId&#34;: &#34;tests/unit/test_airflow_parser.py::TestAirflowParser::test_parse_tasks_list&#34;, &#34;duration&#34;: &#34;0 ms&#34;, &#34;resultsTableRow&#34;: [&#34;&lt;td class=\&#34;col-result\&#34;&gt;Passed&lt;/td&gt;&#34;, &#34;&lt;td class=\&#34;col-testId\&#34;&gt;tests/unit/test_airflow_parser.py::TestAirflowParser::test_parse_tasks_list&lt;/td&gt;&#34;, &#34;&lt;td class=\&#34;col-duration\&#34;&gt;0 ms&lt;/td&gt;&#34;, &#34;&lt;td class=\&#34;col-links\&#34;&gt;&lt;/td&gt;&#34;], &#34;log&#34;: &#34;No log output captured.&#34;}], &#34;tests/unit/test_airflow_parser.py::TestAirflowParser::test_parse_version&#34;: [{&#34;extras&#34;: [], &#34;result&#34;: &#34;Passed&#34;, &#34;testId&#34;: &#34;tests/unit/test_airflow_parser.py::TestAirflowParser::test_parse_version&#34;, &#34;duration&#34;: &#34;0 ms&#34;, &#34;resultsTableRow&#34;: [&#34;&lt;td class=\&#34;col-result\&#34;&gt;Passed&lt;/td&gt;&#34;, &#34;&lt;td class=\&#34;col-testId\&#34;&gt;tests/unit/test_airflow_parser.py::TestAirflowParser::test_parse_version&lt;/td&gt;&#34;, &#34;&lt;td class=\&#34;col-duration\&#34;&gt;0 ms&lt;/td&gt;&#34;, &#34;&lt;td class=\&#34;col-links\&#34;&gt;&lt;/td&gt;&#34;], &#34;log&#34;: &#34;No log output captured.&#34;}], &#34;tests/unit/test_airflow_parser.py::TestAirflowParser::test_parse_dag_state&#34;: [{&#34;extras&#34;: [], &#34;result&#34;: &#34;Passed&#34;, &#34;testId&#34;: &#34;tests/unit/test_airflow_parser.py::TestAirflowParser::test_parse_dag_state&#34;, &#34;duration&#34;: &#34;0 ms&#34;, &#34;resultsTableRow&#34;: [&#34;&lt;td class=\&#34;col-result\&#34;&gt;Passed&lt;/td&gt;&#34;, &#34;&lt;td class=\&#34;col-testId\&#34;&gt;tests/unit/test_airflow_parser.py::TestAirflowParser::test_parse_dag_state&lt;/td&gt;&#34;, &#34;&lt;td class=\&#34;col-duration\&#34;&gt;0 ms&lt;/td&gt;&#34;, &#34;&lt;td class=\&#34;col-links\&#34;&gt;&lt;/td&gt;&#34;], &#34;log&#34;: &#34;No log output captured.&#34;}], &#34;tests/unit/test_airflow_parser.py::TestAirflowParser::test_parse_airflow_output_dags_list&#34;: [{&#34;extras&#34;: [], &#34;result&#34;: &#34;Passed&#34;, &#34;testId&#34;: &#34;tests/unit/test_airflow_parser.py::TestAirflowParser::test_parse_airflow_output_dags_list&#34;, &#34;duration&#34;: &#34;0 ms&#34;, &#34;resultsTableRow&#34;: [&#34;&lt;td class=\&#34;col-result\&#34;&gt;Passed&lt;/td&gt;&#34;, &#34;&lt;td class=\&#34;col-testId\&#34;&gt;tests/unit/test_airflow_parser.py::TestAirflowParser::test_parse_airflow_output_dags_list&lt;/td&gt;&#34;, &#34;&lt;td class=\&#34;col-duration\&#34;&gt;0 ms&lt;/td&gt;&#34;, &#34;&lt;td class=\&#34;col-links\&#34;&gt;&lt;/td&gt;&#34;], &#34;log&#34;: &#34;No log output captured.&#34;}], &#34;tests/unit/test_airflow_parser.py::TestAirflowParser::test_parse_airflow_output_version&#34;: [{&#34;extras&#34;: [], &#34;result&#34;: &#34;Passed&#34;, &#34;testId&#34;: &#34;tests/unit/test_airflow_parser.py::TestAirflowParser::test_parse_airflow_output_version&#34;, &#34;duration&#34;: &#34;0 ms&#34;, &#34;resultsTableRow&#34;: [&#34;&lt;td class=\&#34;col-result\&#34;&gt;Passed&lt;/td&gt;&#34;, &#34;&lt;td class=\&#34;col-testId\&#34;&gt;tests/unit/test_airflow_parser.py::TestAirflowParser::test_parse_airflow_output_version&lt;/td&gt;&#34;, &#34;&lt;td class=\&#34;col-duration\&#34;&gt;0 ms&lt;/td&gt;&#34;, &#34;&lt;td class=\&#34;col-links\&#34;&gt;&lt;/td&gt;&#34;], &#34;log&#34;: &#34;No log output captured.&#34;}], &#34;tests/unit/test_airflow_parser.py::TestAirflowParser::test_parse_airflow_output_unknown_command&#34;: [{&#34;extras&#34;: [], &#34;result&#34;: &#34;Passed&#34;, &#34;testId&#34;: &#34;tests/unit/test_airflow_parser.py::TestAirflowParser::test_parse_airflow_output_unknown_command&#34;, &#34;duration&#34;: &#34;0 ms&#34;, &#34;resultsTableRow&#34;: [&#34;&lt;td class=\&#34;col-result\&#34;&gt;Passed&lt;/td&gt;&#34;, &#34;&lt;td class=\&#34;col-testId\&#34;&gt;tests/unit/test_airflow_parser.py::TestAirflowParser::test_parse_airflow_output_unknown_command&lt;/td&gt;&#34;, &#34;&lt;td class=\&#34;col-duration\&#34;&gt;0 ms&lt;/td&gt;&#34;, &#34;&lt;td class=\&#34;col-links\&#34;&gt;&lt;/td&gt;&#34;], &#34;log&#34;: &#34;No log output captured.&#34;}], &#34;tests/unit/test_airflow_parser.py::TestAirflowParser::test_parse_dags_list_empty&#34;: [{&#34;extras&#34;: [], &#34;result&#34;: &#34;Passed&#34;, &#34;testId&#34;: &#34;tests/unit/test_airflow_parser.py::TestAirflowParser::test_parse_dags_list_empty&#34;, &#34;duration&#34;: &#34;0 ms&#34;, &#34;resultsTableRow&#34;: [&#34;&lt;td class=\&#34;col-result\&#34;&gt;Passed&lt;/td&gt;&#34;, &#34;&lt;td class=\&#34;col-testId\&#34;&gt;tests/unit/test_airflow_parser.py::TestAirflowParser::test_parse_dags_list_empty&lt;/td&gt;&#34;, &#34;&lt;td class=\&#34;col-duration\&#34;&gt;0 ms&lt;/td&gt;&#34;, &#34;&lt;td class=\&#34;col-links\&#34;&gt;&lt;/td&gt;&#34;], &#34;log&#34;: &#34;No log output captured.&#34;}], &#34;tests/unit/test_airflow_parser.py::TestAirflowParser::test_parse_tasks_list_empty&#34;: [{&#34;extras&#34;: [], &#34;result&#34;: &#34;Passed&#34;, &#34;testId&#34;: &#34;tests/unit/test_airflow_parser.py::TestAirflowParser::test_parse_tasks_list_empty&#34;, &#34;duration&#34;: &#34;0 ms&#34;, &#34;resultsTableRow&#34;: [&#34;&lt;td class=\&#34;col-result\&#34;&gt;Passed&lt;/td&gt;&#34;, &#34;&lt;td class=\&#34;col-testId\&#34;&gt;tests/unit/test_airflow_parser.py::TestAirflowParser::test_parse_tasks_list_empty&lt;/td&gt;&#34;, &#34;&lt;td class=\&#34;col-duration\&#34;&gt;0 ms&lt;/td&gt;&#34;, &#34;&lt;td class=\&#34;col-links\&#34;&gt;&lt;/td&gt;&#34;], &#34;log&#34;: &#34;No log output captured.&#34;}], &#34;tests/unit/test_bundle.py::test_bundle_default_target&#34;: [{&#34;extras&#34;: [], &#34;result&#34;: &#34;Failed&#34;, &#34;testId&#34;: &#34;tests/unit/test_bundle.py::test_bundle_default_target&#34;, &#34;duration&#34;: &#34;3 ms&#34;, &#34;resultsTableRow&#34;: [&#34;&lt;td class=\&#34;col-result\&#34;&gt;Failed&lt;/td&gt;&#34;, &#34;&lt;td class=\&#34;col-testId\&#34;&gt;tests/unit/test_bundle.py::test_bundle_default_target&lt;/td&gt;&#34;, &#34;&lt;td class=\&#34;col-duration\&#34;&gt;3 ms&lt;/td&gt;&#34;, &#34;&lt;td class=\&#34;col-links\&#34;&gt;&lt;/td&gt;&#34;], &#34;log&#34;: &#34;sample_manifest = &amp;quot;\\npipelineName: TestPipeline\\ndomain:\\n  name: test-domain\\n  region: us-east-1\\nbundlesDirectory: ./bundles\\nbundle:...  append: false\\n      include: [&amp;#x27;src/&amp;#x27;]\\ntargets:\\n  dev:\\n    default: true\\n    project:\\n      name: dev-project\\n&amp;quot;\n\n    def test_bundle_default_target(sample_manifest):\n        &amp;quot;&amp;quot;&amp;quot;Test bundle with default target - basic validation.&amp;quot;&amp;quot;&amp;quot;\n        with patch(&amp;quot;builtins.open&amp;quot;, mock_open(read_data=sample_manifest)):\n            with patch(&amp;quot;smus_cicd.helpers.utils.load_config&amp;quot;, return_value={&amp;#x27;region&amp;#x27;: &amp;#x27;us-east-1&amp;#x27;}):\n                result = runner.invoke(app, [&amp;quot;bundle&amp;quot;])\n                # Test should fail due to missing project info, but should identify default target\n&amp;gt;               assert &amp;quot;Using default target: dev&amp;quot; in result.output\nE               AssertionError: assert &amp;#x27;Using default target: dev&amp;#x27; in &amp;#x27;Error: Pipeline manifest file not found: pipeline.yaml\\nPlease create a pipeline manifest file or specify the correct path using --pipeline/-p option.\\n&amp;#x27;\nE                +  where &amp;#x27;Error: Pipeline manifest file not found: pipeline.yaml\\nPlease create a pipeline manifest file or specify the correct path using --pipeline/-p option.\\n&amp;#x27; = &amp;lt;Result SystemExit(1)&amp;gt;.output\n\ntests/unit/test_bundle.py:39: AssertionError\n&#34;}], &#34;tests/unit/test_bundle.py::test_bundle_tree_structure_display&#34;: [{&#34;extras&#34;: [], &#34;result&#34;: &#34;Passed&#34;, &#34;testId&#34;: &#34;tests/unit/test_bundle.py::test_bundle_tree_structure_display&#34;, &#34;duration&#34;: &#34;2 ms&#34;, &#34;resultsTableRow&#34;: [&#34;&lt;td class=\&#34;col-result\&#34;&gt;Passed&lt;/td&gt;&#34;, &#34;&lt;td class=\&#34;col-testId\&#34;&gt;tests/unit/test_bundle.py::test_bundle_tree_structure_display&lt;/td&gt;&#34;, &#34;&lt;td class=\&#34;col-duration\&#34;&gt;2 ms&lt;/td&gt;&#34;, &#34;&lt;td class=\&#34;col-links\&#34;&gt;&lt;/td&gt;&#34;], &#34;log&#34;: &#34;No log output captured.&#34;}], &#34;tests/unit/test_bundle.py::test_bundle_no_tree_for_json&#34;: [{&#34;extras&#34;: [], &#34;result&#34;: &#34;Passed&#34;, &#34;testId&#34;: &#34;tests/unit/test_bundle.py::test_bundle_no_tree_for_json&#34;, &#34;duration&#34;: &#34;2 ms&#34;, &#34;resultsTableRow&#34;: [&#34;&lt;td class=\&#34;col-result\&#34;&gt;Passed&lt;/td&gt;&#34;, &#34;&lt;td class=\&#34;col-testId\&#34;&gt;tests/unit/test_bundle.py::test_bundle_no_tree_for_json&lt;/td&gt;&#34;, &#34;&lt;td class=\&#34;col-duration\&#34;&gt;2 ms&lt;/td&gt;&#34;, &#34;&lt;td class=\&#34;col-links\&#34;&gt;&lt;/td&gt;&#34;], &#34;log&#34;: &#34;No log output captured.&#34;}], &#34;tests/unit/test_bundle.py::test_bundle_no_bundle_section&#34;: [{&#34;extras&#34;: [], &#34;result&#34;: &#34;Failed&#34;, &#34;testId&#34;: &#34;tests/unit/test_bundle.py::test_bundle_no_bundle_section&#34;, &#34;duration&#34;: &#34;2 ms&#34;, &#34;resultsTableRow&#34;: [&#34;&lt;td class=\&#34;col-result\&#34;&gt;Failed&lt;/td&gt;&#34;, &#34;&lt;td class=\&#34;col-testId\&#34;&gt;tests/unit/test_bundle.py::test_bundle_no_bundle_section&lt;/td&gt;&#34;, &#34;&lt;td class=\&#34;col-duration\&#34;&gt;2 ms&lt;/td&gt;&#34;, &#34;&lt;td class=\&#34;col-links\&#34;&gt;&lt;/td&gt;&#34;], &#34;log&#34;: &#34;def test_bundle_no_bundle_section():\n        &amp;quot;&amp;quot;&amp;quot;Test bundle with missing bundle section.&amp;quot;&amp;quot;&amp;quot;\n        manifest = &amp;quot;&amp;quot;&amp;quot;\n    pipelineName: TestPipeline\n    domain:\n      name: test-domain\n      region: us-east-1\n    targets:\n      dev:\n        default: true\n        project:\n          name: dev-project\n    &amp;quot;&amp;quot;&amp;quot;\n    \n        with patch(&amp;quot;builtins.open&amp;quot;, mock_open(read_data=manifest)):\n            with patch(&amp;quot;smus_cicd.helpers.utils.load_config&amp;quot;, return_value={&amp;quot;region&amp;quot;: &amp;quot;us-east-1&amp;quot;}):\n                result = runner.invoke(app, [&amp;quot;bundle&amp;quot;])\n                assert result.exit_code == 1\n&amp;gt;               assert &amp;quot;No bundle section found&amp;quot; in result.output\nE               AssertionError: assert &amp;#x27;No bundle section found&amp;#x27; in &amp;#x27;Error: Pipeline manifest file not found: pipeline.yaml\\nPlease create a pipeline manifest file or specify the correct path using --pipeline/-p option.\\n&amp;#x27;\nE                +  where &amp;#x27;Error: Pipeline manifest file not found: pipeline.yaml\\nPlease create a pipeline manifest file or specify the correct path using --pipeline/-p option.\\n&amp;#x27; = &amp;lt;Result SystemExit(1)&amp;gt;.output\n\ntests/unit/test_bundle.py:79: AssertionError\n&#34;}], &#34;tests/unit/test_bundle.py::test_bundle_no_default_target&#34;: [{&#34;extras&#34;: [], &#34;result&#34;: &#34;Failed&#34;, &#34;testId&#34;: &#34;tests/unit/test_bundle.py::test_bundle_no_default_target&#34;, &#34;duration&#34;: &#34;2 ms&#34;, &#34;resultsTableRow&#34;: [&#34;&lt;td class=\&#34;col-result\&#34;&gt;Failed&lt;/td&gt;&#34;, &#34;&lt;td class=\&#34;col-testId\&#34;&gt;tests/unit/test_bundle.py::test_bundle_no_default_target&lt;/td&gt;&#34;, &#34;&lt;td class=\&#34;col-duration\&#34;&gt;2 ms&lt;/td&gt;&#34;, &#34;&lt;td class=\&#34;col-links\&#34;&gt;&lt;/td&gt;&#34;], &#34;log&#34;: &#34;def test_bundle_no_default_target():\n        &amp;quot;&amp;quot;&amp;quot;Test bundle with no default target specified.&amp;quot;&amp;quot;&amp;quot;\n        manifest = &amp;quot;&amp;quot;&amp;quot;\n    pipelineName: TestPipeline\n    domain:\n      name: test-domain\n      region: us-east-1\n    bundle:\n      workflow: []\n    targets:\n      test:\n        project:\n          name: test-project\n    &amp;quot;&amp;quot;&amp;quot;\n    \n        with patch(&amp;quot;builtins.open&amp;quot;, mock_open(read_data=manifest)):\n            with patch(&amp;quot;smus_cicd.helpers.utils.load_config&amp;quot;, return_value={&amp;quot;region&amp;quot;: &amp;quot;us-east-1&amp;quot;}):\n                result = runner.invoke(app, [&amp;quot;bundle&amp;quot;])\n                assert result.exit_code == 1\n&amp;gt;               assert &amp;quot;no default target found&amp;quot; in result.output\nE               AssertionError: assert &amp;#x27;no default target found&amp;#x27; in &amp;#x27;Error: Pipeline manifest file not found: pipeline.yaml\\nPlease create a pipeline manifest file or specify the correct path using --pipeline/-p option.\\n&amp;#x27;\nE                +  where &amp;#x27;Error: Pipeline manifest file not found: pipeline.yaml\\nPlease create a pipeline manifest file or specify the correct path using --pipeline/-p option.\\n&amp;#x27; = &amp;lt;Result SystemExit(1)&amp;gt;.output\n\ntests/unit/test_bundle.py:100: AssertionError\n&#34;}], &#34;tests/unit/test_create.py::TestCreateCommand::test_create_basic_manifest&#34;: [{&#34;extras&#34;: [], &#34;result&#34;: &#34;Failed&#34;, &#34;testId&#34;: &#34;tests/unit/test_create.py::TestCreateCommand::test_create_basic_manifest&#34;, &#34;duration&#34;: &#34;3 ms&#34;, &#34;resultsTableRow&#34;: [&#34;&lt;td class=\&#34;col-result\&#34;&gt;Failed&lt;/td&gt;&#34;, &#34;&lt;td class=\&#34;col-testId\&#34;&gt;tests/unit/test_create.py::TestCreateCommand::test_create_basic_manifest&lt;/td&gt;&#34;, &#34;&lt;td class=\&#34;col-duration\&#34;&gt;3 ms&lt;/td&gt;&#34;, &#34;&lt;td class=\&#34;col-links\&#34;&gt;&lt;/td&gt;&#34;], &#34;log&#34;: &#34;self = &amp;lt;tests.unit.test_create.TestCreateCommand object at 0x106eb92e0&amp;gt;\n\n    def test_create_basic_manifest(self):\n        &amp;quot;&amp;quot;&amp;quot;Test creating a basic manifest with default values.&amp;quot;&amp;quot;&amp;quot;\n        runner = CliRunner()\n        with tempfile.TemporaryDirectory() as temp_dir:\n            os.chdir(temp_dir)\n            output_file = &amp;quot;tests/fixtures/test-pipeline.yaml&amp;quot;\n    \n            result = runner.invoke(app, [&amp;quot;create&amp;quot;, &amp;quot;--output&amp;quot;, output_file])\n    \n&amp;gt;           assert result.exit_code == 0\nE           assert 2 == 0\nE            +  where 2 = &amp;lt;Result SystemExit(2)&amp;gt;.exit_code\n\n/Users/amirbo/workspaces/ws1/src/SMUS-CICD-pipeline-cli/tests/unit/test_create.py:22: AssertionError\n&#34;}], &#34;tests/unit/test_create.py::TestCreateCommand::test_create_with_custom_name&#34;: [{&#34;extras&#34;: [], &#34;result&#34;: &#34;Failed&#34;, &#34;testId&#34;: &#34;tests/unit/test_create.py::TestCreateCommand::test_create_with_custom_name&#34;, &#34;duration&#34;: &#34;2 ms&#34;, &#34;resultsTableRow&#34;: [&#34;&lt;td class=\&#34;col-result\&#34;&gt;Failed&lt;/td&gt;&#34;, &#34;&lt;td class=\&#34;col-testId\&#34;&gt;tests/unit/test_create.py::TestCreateCommand::test_create_with_custom_name&lt;/td&gt;&#34;, &#34;&lt;td class=\&#34;col-duration\&#34;&gt;2 ms&lt;/td&gt;&#34;, &#34;&lt;td class=\&#34;col-links\&#34;&gt;&lt;/td&gt;&#34;], &#34;log&#34;: &#34;self = &amp;lt;tests.unit.test_create.TestCreateCommand object at 0x106eb9520&amp;gt;\n\n    def test_create_with_custom_name(self):\n        &amp;quot;&amp;quot;&amp;quot;Test creating manifest with custom pipeline name.&amp;quot;&amp;quot;&amp;quot;\n        runner = CliRunner()\n        with tempfile.TemporaryDirectory() as temp_dir:\n            os.chdir(temp_dir)\n            output_file = &amp;quot;custom-pipeline.yaml&amp;quot;\n            pipeline_name = &amp;quot;MyCustomPipeline&amp;quot;\n    \n            result = runner.invoke(app, [&amp;quot;create&amp;quot;, &amp;quot;--output&amp;quot;, output_file, &amp;quot;--name&amp;quot;, pipeline_name])\n    \n&amp;gt;           assert result.exit_code == 0\nE           assert 2 == 0\nE            +  where 2 = &amp;lt;Result SystemExit(2)&amp;gt;.exit_code\n\n/Users/amirbo/workspaces/ws1/src/SMUS-CICD-pipeline-cli/tests/unit/test_create.py:47: AssertionError\n&#34;}], &#34;tests/unit/test_create.py::TestCreateCommand::test_create_with_custom_stages&#34;: [{&#34;extras&#34;: [], &#34;result&#34;: &#34;Failed&#34;, &#34;testId&#34;: &#34;tests/unit/test_create.py::TestCreateCommand::test_create_with_custom_stages&#34;, &#34;duration&#34;: &#34;2 ms&#34;, &#34;resultsTableRow&#34;: [&#34;&lt;td class=\&#34;col-result\&#34;&gt;Failed&lt;/td&gt;&#34;, &#34;&lt;td class=\&#34;col-testId\&#34;&gt;tests/unit/test_create.py::TestCreateCommand::test_create_with_custom_stages&lt;/td&gt;&#34;, &#34;&lt;td class=\&#34;col-duration\&#34;&gt;2 ms&lt;/td&gt;&#34;, &#34;&lt;td class=\&#34;col-links\&#34;&gt;&lt;/td&gt;&#34;], &#34;log&#34;: &#34;self = &amp;lt;tests.unit.test_create.TestCreateCommand object at 0x106eb96a0&amp;gt;\n\n    def test_create_with_custom_stages(self):\n        &amp;quot;&amp;quot;&amp;quot;Test creating manifest with custom stages.&amp;quot;&amp;quot;&amp;quot;\n        runner = CliRunner()\n        with tempfile.TemporaryDirectory() as temp_dir:\n            os.chdir(temp_dir)\n            output_file = &amp;quot;custom-stages.yaml&amp;quot;\n    \n            result = runner.invoke(app, [&amp;quot;create&amp;quot;, &amp;quot;--output&amp;quot;, output_file, &amp;quot;--stages&amp;quot;, &amp;quot;dev,staging,prod&amp;quot;])\n    \n&amp;gt;           assert result.exit_code == 0\nE           assert 2 == 0\nE            +  where 2 = &amp;lt;Result SystemExit(2)&amp;gt;.exit_code\n\n/Users/amirbo/workspaces/ws1/src/SMUS-CICD-pipeline-cli/tests/unit/test_create.py:65: AssertionError\n&#34;}], &#34;tests/unit/test_create.py::TestCreateCommand::test_create_with_custom_region&#34;: [{&#34;extras&#34;: [], &#34;result&#34;: &#34;Failed&#34;, &#34;testId&#34;: &#34;tests/unit/test_create.py::TestCreateCommand::test_create_with_custom_region&#34;, &#34;duration&#34;: &#34;2 ms&#34;, &#34;resultsTableRow&#34;: [&#34;&lt;td class=\&#34;col-result\&#34;&gt;Failed&lt;/td&gt;&#34;, &#34;&lt;td class=\&#34;col-testId\&#34;&gt;tests/unit/test_create.py::TestCreateCommand::test_create_with_custom_region&lt;/td&gt;&#34;, &#34;&lt;td class=\&#34;col-duration\&#34;&gt;2 ms&lt;/td&gt;&#34;, &#34;&lt;td class=\&#34;col-links\&#34;&gt;&lt;/td&gt;&#34;], &#34;log&#34;: &#34;self = &amp;lt;tests.unit.test_create.TestCreateCommand object at 0x106eb9820&amp;gt;\n\n    def test_create_with_custom_region(self):\n        &amp;quot;&amp;quot;&amp;quot;Test creating manifest with custom region.&amp;quot;&amp;quot;&amp;quot;\n        runner = CliRunner()\n        with tempfile.TemporaryDirectory() as temp_dir:\n            os.chdir(temp_dir)\n            output_file = &amp;quot;custom-region.yaml&amp;quot;\n    \n            result = runner.invoke(app, [&amp;quot;create&amp;quot;, &amp;quot;--output&amp;quot;, output_file, &amp;quot;--region&amp;quot;, &amp;quot;us-west-2&amp;quot;])\n    \n&amp;gt;           assert result.exit_code == 0\nE           assert 2 == 0\nE            +  where 2 = &amp;lt;Result SystemExit(2)&amp;gt;.exit_code\n\n/Users/amirbo/workspaces/ws1/src/SMUS-CICD-pipeline-cli/tests/unit/test_create.py:86: AssertionError\n&#34;}], &#34;tests/unit/test_create.py::TestCreateCommand::test_create_with_aws_resources&#34;: [{&#34;extras&#34;: [], &#34;result&#34;: &#34;Failed&#34;, &#34;testId&#34;: &#34;tests/unit/test_create.py::TestCreateCommand::test_create_with_aws_resources&#34;, &#34;duration&#34;: &#34;2 ms&#34;, &#34;resultsTableRow&#34;: [&#34;&lt;td class=\&#34;col-result\&#34;&gt;Failed&lt;/td&gt;&#34;, &#34;&lt;td class=\&#34;col-testId\&#34;&gt;tests/unit/test_create.py::TestCreateCommand::test_create_with_aws_resources&lt;/td&gt;&#34;, &#34;&lt;td class=\&#34;col-duration\&#34;&gt;2 ms&lt;/td&gt;&#34;, &#34;&lt;td class=\&#34;col-links\&#34;&gt;&lt;/td&gt;&#34;], &#34;log&#34;: &#34;self = &amp;lt;tests.unit.test_create.TestCreateCommand object at 0x106eb9940&amp;gt;\nmock_boto3_client = &amp;lt;MagicMock name=&amp;#x27;client&amp;#x27; id=&amp;#x27;4389274736&amp;#x27;&amp;gt;\n\n    @patch(&amp;#x27;smus_cicd.commands.create.boto3.client&amp;#x27;)\n    def test_create_with_aws_resources(self, mock_boto3_client):\n        &amp;quot;&amp;quot;&amp;quot;Test creating manifest with AWS domain and project validation.&amp;quot;&amp;quot;&amp;quot;\n        # Mock DataZone client responses\n        mock_client = MagicMock()\n        mock_boto3_client.return_value = mock_client\n    \n        mock_client.get_domain.return_value = {\n            &amp;#x27;name&amp;#x27;: &amp;#x27;test-domain&amp;#x27;\n        }\n        mock_client.get_project.return_value = {\n            &amp;#x27;name&amp;#x27;: &amp;#x27;dev-test-project&amp;#x27;\n        }\n    \n        runner = CliRunner()\n        with tempfile.TemporaryDirectory() as temp_dir:\n            os.chdir(temp_dir)\n            output_file = &amp;quot;aws-pipeline.yaml&amp;quot;\n    \n            result = runner.invoke(app, [\n                &amp;quot;create&amp;quot;,\n                &amp;quot;--output&amp;quot;, output_file,\n                &amp;quot;--name&amp;quot;, &amp;quot;AWSPipeline&amp;quot;,\n                &amp;quot;--domain-id&amp;quot;, &amp;quot;dzd_123456&amp;quot;,\n                &amp;quot;--dev-project-id&amp;quot;, &amp;quot;proj_789012&amp;quot;,\n                &amp;quot;--region&amp;quot;, &amp;quot;us-east-1&amp;quot;\n            ])\n    \n&amp;gt;           assert result.exit_code == 0\nE           assert 2 == 0\nE            +  where 2 = &amp;lt;Result SystemExit(2)&amp;gt;.exit_code\n\n/Users/amirbo/workspaces/ws1/src/SMUS-CICD-pipeline-cli/tests/unit/test_create.py:122: AssertionError\n&#34;}], &#34;tests/unit/test_create.py::TestCreateCommand::test_create_with_aws_domain_error&#34;: [{&#34;extras&#34;: [], &#34;result&#34;: &#34;Failed&#34;, &#34;testId&#34;: &#34;tests/unit/test_create.py::TestCreateCommand::test_create_with_aws_domain_error&#34;, &#34;duration&#34;: &#34;2 ms&#34;, &#34;resultsTableRow&#34;: [&#34;&lt;td class=\&#34;col-result\&#34;&gt;Failed&lt;/td&gt;&#34;, &#34;&lt;td class=\&#34;col-testId\&#34;&gt;tests/unit/test_create.py::TestCreateCommand::test_create_with_aws_domain_error&lt;/td&gt;&#34;, &#34;&lt;td class=\&#34;col-duration\&#34;&gt;2 ms&lt;/td&gt;&#34;, &#34;&lt;td class=\&#34;col-links\&#34;&gt;&lt;/td&gt;&#34;], &#34;log&#34;: &#34;self = &amp;lt;tests.unit.test_create.TestCreateCommand object at 0x106eb9a90&amp;gt;\nmock_boto3_client = &amp;lt;MagicMock name=&amp;#x27;client&amp;#x27; id=&amp;#x27;4422939952&amp;#x27;&amp;gt;\n\n    @patch(&amp;#x27;smus_cicd.commands.create.boto3.client&amp;#x27;)\n    def test_create_with_aws_domain_error(self, mock_boto3_client):\n        &amp;quot;&amp;quot;&amp;quot;Test creating manifest with invalid AWS domain.&amp;quot;&amp;quot;&amp;quot;\n        # Mock DataZone client to raise error\n        mock_client = MagicMock()\n        mock_boto3_client.return_value = mock_client\n    \n        from botocore.exceptions import ClientError\n        mock_client.get_domain.side_effect = ClientError(\n            {&amp;#x27;Error&amp;#x27;: {&amp;#x27;Code&amp;#x27;: &amp;#x27;ResourceNotFoundException&amp;#x27;, &amp;#x27;Message&amp;#x27;: &amp;#x27;Domain not found&amp;#x27;}},\n            &amp;#x27;GetDomain&amp;#x27;\n        )\n    \n        runner = CliRunner()\n        with tempfile.TemporaryDirectory() as temp_dir:\n            os.chdir(temp_dir)\n            output_file = &amp;quot;error-pipeline.yaml&amp;quot;\n    \n            result = runner.invoke(app, [\n                &amp;quot;create&amp;quot;,\n                &amp;quot;--output&amp;quot;, output_file,\n                &amp;quot;--domain-id&amp;quot;, &amp;quot;invalid-domain&amp;quot;,\n                &amp;quot;--dev-project-id&amp;quot;, &amp;quot;proj_789012&amp;quot;\n            ])\n    \n&amp;gt;           assert result.exit_code == 1\nE           assert 2 == 1\nE            +  where 2 = &amp;lt;Result SystemExit(2)&amp;gt;.exit_code\n\n/Users/amirbo/workspaces/ws1/src/SMUS-CICD-pipeline-cli/tests/unit/test_create.py:160: AssertionError\n&#34;}], &#34;tests/unit/test_create.py::TestCreateCommand::test_create_with_aws_project_error&#34;: [{&#34;extras&#34;: [], &#34;result&#34;: &#34;Failed&#34;, &#34;testId&#34;: &#34;tests/unit/test_create.py::TestCreateCommand::test_create_with_aws_project_error&#34;, &#34;duration&#34;: &#34;2 ms&#34;, &#34;resultsTableRow&#34;: [&#34;&lt;td class=\&#34;col-result\&#34;&gt;Failed&lt;/td&gt;&#34;, &#34;&lt;td class=\&#34;col-testId\&#34;&gt;tests/unit/test_create.py::TestCreateCommand::test_create_with_aws_project_error&lt;/td&gt;&#34;, &#34;&lt;td class=\&#34;col-duration\&#34;&gt;2 ms&lt;/td&gt;&#34;, &#34;&lt;td class=\&#34;col-links\&#34;&gt;&lt;/td&gt;&#34;], &#34;log&#34;: &#34;self = &amp;lt;tests.unit.test_create.TestCreateCommand object at 0x106eb9be0&amp;gt;\nmock_boto3_client = &amp;lt;MagicMock name=&amp;#x27;client&amp;#x27; id=&amp;#x27;4422991792&amp;#x27;&amp;gt;\n\n    @patch(&amp;#x27;smus_cicd.commands.create.boto3.client&amp;#x27;)\n    def test_create_with_aws_project_error(self, mock_boto3_client):\n        &amp;quot;&amp;quot;&amp;quot;Test creating manifest with invalid AWS project.&amp;quot;&amp;quot;&amp;quot;\n        # Mock DataZone client responses\n        mock_client = MagicMock()\n        mock_boto3_client.return_value = mock_client\n    \n        mock_client.get_domain.return_value = {\n            &amp;#x27;name&amp;#x27;: &amp;#x27;test-domain&amp;#x27;\n        }\n    \n        from botocore.exceptions import ClientError\n        mock_client.get_project.side_effect = ClientError(\n            {&amp;#x27;Error&amp;#x27;: {&amp;#x27;Code&amp;#x27;: &amp;#x27;ResourceNotFoundException&amp;#x27;, &amp;#x27;Message&amp;#x27;: &amp;#x27;Project not found&amp;#x27;}},\n            &amp;#x27;GetProject&amp;#x27;\n        )\n    \n        runner = CliRunner()\n        with tempfile.TemporaryDirectory() as temp_dir:\n            os.chdir(temp_dir)\n            output_file = &amp;quot;error-pipeline.yaml&amp;quot;\n    \n            result = runner.invoke(app, [\n                &amp;quot;create&amp;quot;,\n                &amp;quot;--output&amp;quot;, output_file,\n                &amp;quot;--domain-id&amp;quot;, &amp;quot;dzd_123456&amp;quot;,\n                &amp;quot;--dev-project-id&amp;quot;, &amp;quot;invalid-project&amp;quot;\n            ])\n    \n&amp;gt;           assert result.exit_code == 1\nE           assert 2 == 1\nE            +  where 2 = &amp;lt;Result SystemExit(2)&amp;gt;.exit_code\n\n/Users/amirbo/workspaces/ws1/src/SMUS-CICD-pipeline-cli/tests/unit/test_create.py:195: AssertionError\n&#34;}], &#34;tests/unit/test_create.py::TestCreateCommand::test_create_with_nested_directory&#34;: [{&#34;extras&#34;: [], &#34;result&#34;: &#34;Failed&#34;, &#34;testId&#34;: &#34;tests/unit/test_create.py::TestCreateCommand::test_create_with_nested_directory&#34;, &#34;duration&#34;: &#34;2 ms&#34;, &#34;resultsTableRow&#34;: [&#34;&lt;td class=\&#34;col-result\&#34;&gt;Failed&lt;/td&gt;&#34;, &#34;&lt;td class=\&#34;col-testId\&#34;&gt;tests/unit/test_create.py::TestCreateCommand::test_create_with_nested_directory&lt;/td&gt;&#34;, &#34;&lt;td class=\&#34;col-duration\&#34;&gt;2 ms&lt;/td&gt;&#34;, &#34;&lt;td class=\&#34;col-links\&#34;&gt;&lt;/td&gt;&#34;], &#34;log&#34;: &#34;self = &amp;lt;tests.unit.test_create.TestCreateCommand object at 0x106eb9d90&amp;gt;\n\n    def test_create_with_nested_directory(self):\n        &amp;quot;&amp;quot;&amp;quot;Test creating manifest in nested directory.&amp;quot;&amp;quot;&amp;quot;\n        runner = CliRunner()\n        with tempfile.TemporaryDirectory() as temp_dir:\n            os.chdir(temp_dir)\n            output_file = &amp;quot;nested/dir/pipeline.yaml&amp;quot;\n    \n            result = runner.invoke(app, [&amp;quot;create&amp;quot;, &amp;quot;--output&amp;quot;, output_file])\n    \n&amp;gt;           assert result.exit_code == 0\nE           assert 2 == 0\nE            +  where 2 = &amp;lt;Result SystemExit(2)&amp;gt;.exit_code\n\n/Users/amirbo/workspaces/ws1/src/SMUS-CICD-pipeline-cli/tests/unit/test_create.py:210: AssertionError\n&#34;}], &#34;tests/unit/test_create.py::TestCreateCommand::test_create_manifest_is_valid&#34;: [{&#34;extras&#34;: [], &#34;result&#34;: &#34;Failed&#34;, &#34;testId&#34;: &#34;tests/unit/test_create.py::TestCreateCommand::test_create_manifest_is_valid&#34;, &#34;duration&#34;: &#34;2 ms&#34;, &#34;resultsTableRow&#34;: [&#34;&lt;td class=\&#34;col-result\&#34;&gt;Failed&lt;/td&gt;&#34;, &#34;&lt;td class=\&#34;col-testId\&#34;&gt;tests/unit/test_create.py::TestCreateCommand::test_create_manifest_is_valid&lt;/td&gt;&#34;, &#34;&lt;td class=\&#34;col-duration\&#34;&gt;2 ms&lt;/td&gt;&#34;, &#34;&lt;td class=\&#34;col-links\&#34;&gt;&lt;/td&gt;&#34;], &#34;log&#34;: &#34;self = &amp;lt;tests.unit.test_create.TestCreateCommand object at 0x106eb9f10&amp;gt;\n\n    def test_create_manifest_is_valid(self):\n        &amp;quot;&amp;quot;&amp;quot;Test that created manifest can be described without errors.&amp;quot;&amp;quot;&amp;quot;\n        runner = CliRunner()\n        with tempfile.TemporaryDirectory() as temp_dir:\n            os.chdir(temp_dir)\n            output_file = &amp;quot;valid-pipeline.yaml&amp;quot;\n    \n            # Create manifest\n            create_result = runner.invoke(app, [&amp;quot;create&amp;quot;, &amp;quot;--output&amp;quot;, output_file])\n&amp;gt;           assert create_result.exit_code == 0\nE           assert 2 == 0\nE            +  where 2 = &amp;lt;Result SystemExit(2)&amp;gt;.exit_code\n\n/Users/amirbo/workspaces/ws1/src/SMUS-CICD-pipeline-cli/tests/unit/test_create.py:222: AssertionError\n&#34;}], &#34;tests/unit/test_create.py::TestCreateCommand::test_create_manifest_contains_required_fields&#34;: [{&#34;extras&#34;: [], &#34;result&#34;: &#34;Failed&#34;, &#34;testId&#34;: &#34;tests/unit/test_create.py::TestCreateCommand::test_create_manifest_contains_required_fields&#34;, &#34;duration&#34;: &#34;2 ms&#34;, &#34;resultsTableRow&#34;: [&#34;&lt;td class=\&#34;col-result\&#34;&gt;Failed&lt;/td&gt;&#34;, &#34;&lt;td class=\&#34;col-testId\&#34;&gt;tests/unit/test_create.py::TestCreateCommand::test_create_manifest_contains_required_fields&lt;/td&gt;&#34;, &#34;&lt;td class=\&#34;col-duration\&#34;&gt;2 ms&lt;/td&gt;&#34;, &#34;&lt;td class=\&#34;col-links\&#34;&gt;&lt;/td&gt;&#34;], &#34;log&#34;: &#34;self = &amp;lt;tests.unit.test_create.TestCreateCommand object at 0x106e87d70&amp;gt;\n\n    def test_create_manifest_contains_required_fields(self):\n        &amp;quot;&amp;quot;&amp;quot;Test that created manifest contains all required fields.&amp;quot;&amp;quot;&amp;quot;\n        runner = CliRunner()\n        with tempfile.TemporaryDirectory() as temp_dir:\n            os.chdir(temp_dir)\n            output_file = &amp;quot;required-fields.yaml&amp;quot;\n    \n            result = runner.invoke(app, [&amp;quot;create&amp;quot;, &amp;quot;--output&amp;quot;, output_file])\n&amp;gt;           assert result.exit_code == 0\nE           assert 2 == 0\nE            +  where 2 = &amp;lt;Result SystemExit(2)&amp;gt;.exit_code\n\n/Users/amirbo/workspaces/ws1/src/SMUS-CICD-pipeline-cli/tests/unit/test_create.py:237: AssertionError\n&#34;}], &#34;tests/unit/test_create.py::TestCreateCommand::test_create_project_name_synthesis&#34;: [{&#34;extras&#34;: [], &#34;result&#34;: &#34;Failed&#34;, &#34;testId&#34;: &#34;tests/unit/test_create.py::TestCreateCommand::test_create_project_name_synthesis&#34;, &#34;duration&#34;: &#34;2 ms&#34;, &#34;resultsTableRow&#34;: [&#34;&lt;td class=\&#34;col-result\&#34;&gt;Failed&lt;/td&gt;&#34;, &#34;&lt;td class=\&#34;col-testId\&#34;&gt;tests/unit/test_create.py::TestCreateCommand::test_create_project_name_synthesis&lt;/td&gt;&#34;, &#34;&lt;td class=\&#34;col-duration\&#34;&gt;2 ms&lt;/td&gt;&#34;, &#34;&lt;td class=\&#34;col-links\&#34;&gt;&lt;/td&gt;&#34;], &#34;log&#34;: &#34;self = &amp;lt;tests.unit.test_create.TestCreateCommand object at 0x106eb9e80&amp;gt;\n\n    def test_create_project_name_synthesis(self):\n        &amp;quot;&amp;quot;&amp;quot;Test project name synthesis logic.&amp;quot;&amp;quot;&amp;quot;\n        runner = CliRunner()\n        with tempfile.TemporaryDirectory() as temp_dir:\n            os.chdir(temp_dir)\n            output_file = &amp;quot;synthesis-test.yaml&amp;quot;\n    \n            result = runner.invoke(app, [\n                &amp;quot;create&amp;quot;,\n                &amp;quot;--output&amp;quot;, output_file,\n                &amp;quot;--stages&amp;quot;, &amp;quot;dev,qa,production&amp;quot;\n            ])\n    \n&amp;gt;           assert result.exit_code == 0\nE           assert 2 == 0\nE            +  where 2 = &amp;lt;Result SystemExit(2)&amp;gt;.exit_code\n\n/Users/amirbo/workspaces/ws1/src/SMUS-CICD-pipeline-cli/tests/unit/test_create.py:268: AssertionError\n&#34;}], &#34;tests/unit/test_create.py::TestCreateCommand::test_create_help_message&#34;: [{&#34;extras&#34;: [], &#34;result&#34;: &#34;Failed&#34;, &#34;testId&#34;: &#34;tests/unit/test_create.py::TestCreateCommand::test_create_help_message&#34;, &#34;duration&#34;: &#34;6 ms&#34;, &#34;resultsTableRow&#34;: [&#34;&lt;td class=\&#34;col-result\&#34;&gt;Failed&lt;/td&gt;&#34;, &#34;&lt;td class=\&#34;col-testId\&#34;&gt;tests/unit/test_create.py::TestCreateCommand::test_create_help_message&lt;/td&gt;&#34;, &#34;&lt;td class=\&#34;col-duration\&#34;&gt;6 ms&lt;/td&gt;&#34;, &#34;&lt;td class=\&#34;col-links\&#34;&gt;&lt;/td&gt;&#34;], &#34;log&#34;: &#34;self = &amp;lt;tests.unit.test_create.TestCreateCommand object at 0x106eb9ac0&amp;gt;\n\n    def test_create_help_message(self):\n        &amp;quot;&amp;quot;&amp;quot;Test create command help message.&amp;quot;&amp;quot;&amp;quot;\n        runner = CliRunner()\n        result = runner.invoke(app, [&amp;quot;create&amp;quot;, &amp;quot;--help&amp;quot;])\n    \n        assert result.exit_code == 0\n        assert &amp;quot;Create new pipeline manifest&amp;quot; in result.stdout\n&amp;gt;       assert &amp;quot;--output&amp;quot; in result.stdout\nE       assert &amp;#x27;--output&amp;#x27; in &amp;quot;                                                                                \\n Usage: root create [OPTIONS]                                                   \\n                                                                                \\n 0. Create new pipeline manifest. Example: smus-cli create --name &amp;#x27;MyPipeline&amp;#x27;  \\n --stages dev,test,prod                                                         \\n                                                                                \\n                                                                                \\n\u256d\u2500 Options \u2500\u2500\u2500\u2500\u2500\u2500\u2500\u2500\u2500\u2500\u2500\u2500\u2500\u2500\u2500\u2500\u2500\u2500\u2500\u2500\u2500\u2500\u2500\u2500\u2500\u2500\u2500\u2500\u2500\u2500\u2500\u2500\u2500\u2500\u2500\u2500\u2500\u2500\u2500\u2500\u2500\u2500\u2500\u2500\u2500\u2500\u2500\u2500\u2500\u2500\u2500\u2500\u2500\u2500\u2500\u2500\u2500\u2500\u2500\u2500\u2500\u2500\u2500\u2500\u2500\u2500\u2500\u2500\u256e\\n\u2502 *  --name            -n      TEXT  Pipeline name (required) [default: None]  \u2502\\n\u2502                                    [required]                                \u2502\\n\u2502    --domain-id               TEXT  SageMaker Unified Studio domain ID        \u2502\\n\u2502                                    [default: None]                           \u2502\\n\u2502    --dev-project-id          TEXT  Development project ID to base other      \u2502\\n\u2502                                    targets on                                \u2502\\n\u2502                                    [default: None]                           \u2502\\n\u2502    --stages                  TEXT  Comma-separated list of stages to create  \u2502\\n\u2502                                    targets for                               \u2502\\n\u2502                                    [default: dev,test,prod]                  \u2502\\n\u2502    --region                  TEXT  AWS region [default: us-east-1]           \u2502\\n\u2502    --help                          Show this message and exit.               \u2502\\n\u2570\u2500\u2500\u2500\u2500\u2500\u2500\u2500\u2500\u2500\u2500\u2500\u2500\u2500\u2500\u2500\u2500\u2500\u2500\u2500\u2500\u2500\u2500\u2500\u2500\u2500\u2500\u2500\u2500\u2500\u2500\u2500\u2500\u2500\u2500\u2500\u2500\u2500\u2500\u2500\u2500\u2500\u2500\u2500\u2500\u2500\u2500\u2500\u2500\u2500\u2500\u2500\u2500\u2500\u2500\u2500\u2500\u2500\u2500\u2500\u2500\u2500\u2500\u2500\u2500\u2500\u2500\u2500\u2500\u2500\u2500\u2500\u2500\u2500\u2500\u2500\u2500\u2500\u2500\u256f\\n\\n&amp;quot;\nE        +  where &amp;quot;                                                                                \\n Usage: root create [OPTIONS]                                                   \\n                                                                                \\n 0. Create new pipeline manifest. Example: smus-cli create --name &amp;#x27;MyPipeline&amp;#x27;  \\n --stages dev,test,prod                                                         \\n                                                                                \\n                                                                                \\n\u256d\u2500 Options \u2500\u2500\u2500\u2500\u2500\u2500\u2500\u2500\u2500\u2500\u2500\u2500\u2500\u2500\u2500\u2500\u2500\u2500\u2500\u2500\u2500\u2500\u2500\u2500\u2500\u2500\u2500\u2500\u2500\u2500\u2500\u2500\u2500\u2500\u2500\u2500\u2500\u2500\u2500\u2500\u2500\u2500\u2500\u2500\u2500\u2500\u2500\u2500\u2500\u2500\u2500\u2500\u2500\u2500\u2500\u2500\u2500\u2500\u2500\u2500\u2500\u2500\u2500\u2500\u2500\u2500\u2500\u2500\u256e\\n\u2502 *  --name            -n      TEXT  Pipeline name (required) [default: None]  \u2502\\n\u2502                                    [required]                                \u2502\\n\u2502    --domain-id               TEXT  SageMaker Unified Studio domain ID        \u2502\\n\u2502                                    [default: None]                           \u2502\\n\u2502    --dev-project-id          TEXT  Development project ID to base other      \u2502\\n\u2502                                    targets on                                \u2502\\n\u2502                                    [default: None]                           \u2502\\n\u2502    --stages                  TEXT  Comma-separated list of stages to create  \u2502\\n\u2502                                    targets for                               \u2502\\n\u2502                                    [default: dev,test,prod]                  \u2502\\n\u2502    --region                  TEXT  AWS region [default: us-east-1]           \u2502\\n\u2502    --help                          Show this message and exit.               \u2502\\n\u2570\u2500\u2500\u2500\u2500\u2500\u2500\u2500\u2500\u2500\u2500\u2500\u2500\u2500\u2500\u2500\u2500\u2500\u2500\u2500\u2500\u2500\u2500\u2500\u2500\u2500\u2500\u2500\u2500\u2500\u2500\u2500\u2500\u2500\u2500\u2500\u2500\u2500\u2500\u2500\u2500\u2500\u2500\u2500\u2500\u2500\u2500\u2500\u2500\u2500\u2500\u2500\u2500\u2500\u2500\u2500\u2500\u2500\u2500\u2500\u2500\u2500\u2500\u2500\u2500\u2500\u2500\u2500\u2500\u2500\u2500\u2500\u2500\u2500\u2500\u2500\u2500\u2500\u2500\u256f\\n\\n&amp;quot; = &amp;lt;Result okay&amp;gt;.stdout\n\n/Users/amirbo/workspaces/ws1/src/SMUS-CICD-pipeline-cli/tests/unit/test_create.py:285: AssertionError\n&#34;}], &#34;tests/unit/test_create.py::TestCreateCommand::test_create_default_stages&#34;: [{&#34;extras&#34;: [], &#34;result&#34;: &#34;Failed&#34;, &#34;testId&#34;: &#34;tests/unit/test_create.py::TestCreateCommand::test_create_default_stages&#34;, &#34;duration&#34;: &#34;2 ms&#34;, &#34;resultsTableRow&#34;: [&#34;&lt;td class=\&#34;col-result\&#34;&gt;Failed&lt;/td&gt;&#34;, &#34;&lt;td class=\&#34;col-testId\&#34;&gt;tests/unit/test_create.py::TestCreateCommand::test_create_default_stages&lt;/td&gt;&#34;, &#34;&lt;td class=\&#34;col-duration\&#34;&gt;2 ms&lt;/td&gt;&#34;, &#34;&lt;td class=\&#34;col-links\&#34;&gt;&lt;/td&gt;&#34;], &#34;log&#34;: &#34;self = &amp;lt;tests.unit.test_create.TestCreateCommand object at 0x106eb9550&amp;gt;\n\n    def test_create_default_stages(self):\n        &amp;quot;&amp;quot;&amp;quot;Test that default stages are dev,test,prod.&amp;quot;&amp;quot;&amp;quot;\n        runner = CliRunner()\n        with tempfile.TemporaryDirectory() as temp_dir:\n            os.chdir(temp_dir)\n            output_file = &amp;quot;default-stages.yaml&amp;quot;\n    \n            result = runner.invoke(app, [&amp;quot;create&amp;quot;, &amp;quot;--output&amp;quot;, output_file])\n    \n&amp;gt;           assert result.exit_code == 0\nE           assert 2 == 0\nE            +  where 2 = &amp;lt;Result SystemExit(2)&amp;gt;.exit_code\n\n/Users/amirbo/workspaces/ws1/src/SMUS-CICD-pipeline-cli/tests/unit/test_create.py:301: AssertionError\n&#34;}], &#34;tests/unit/test_delete.py::TestDeleteCommand::test_delete_with_confirmation&#34;: [{&#34;extras&#34;: [], &#34;result&#34;: &#34;Passed&#34;, &#34;testId&#34;: &#34;tests/unit/test_delete.py::TestDeleteCommand::test_delete_with_confirmation&#34;, &#34;duration&#34;: &#34;798 ms&#34;, &#34;resultsTableRow&#34;: [&#34;&lt;td class=\&#34;col-result\&#34;&gt;Passed&lt;/td&gt;&#34;, &#34;&lt;td class=\&#34;col-testId\&#34;&gt;tests/unit/test_delete.py::TestDeleteCommand::test_delete_with_confirmation&lt;/td&gt;&#34;, &#34;&lt;td class=\&#34;col-duration\&#34;&gt;798 ms&lt;/td&gt;&#34;, &#34;&lt;td class=\&#34;col-links\&#34;&gt;&lt;/td&gt;&#34;], &#34;log&#34;: &#34;No log output captured.&#34;}], &#34;tests/unit/test_delete.py::TestDeleteCommand::test_delete_with_force_flag&#34;: [{&#34;extras&#34;: [], &#34;result&#34;: &#34;Passed&#34;, &#34;testId&#34;: &#34;tests/unit/test_delete.py::TestDeleteCommand::test_delete_with_force_flag&#34;, &#34;duration&#34;: &#34;179 ms&#34;, &#34;resultsTableRow&#34;: [&#34;&lt;td class=\&#34;col-result\&#34;&gt;Passed&lt;/td&gt;&#34;, &#34;&lt;td class=\&#34;col-testId\&#34;&gt;tests/unit/test_delete.py::TestDeleteCommand::test_delete_with_force_flag&lt;/td&gt;&#34;, &#34;&lt;td class=\&#34;col-duration\&#34;&gt;179 ms&lt;/td&gt;&#34;, &#34;&lt;td class=\&#34;col-links\&#34;&gt;&lt;/td&gt;&#34;], &#34;log&#34;: &#34;No log output captured.&#34;}], &#34;tests/unit/test_delete.py::TestDeleteCommand::test_delete_async_mode&#34;: [{&#34;extras&#34;: [], &#34;result&#34;: &#34;Passed&#34;, &#34;testId&#34;: &#34;tests/unit/test_delete.py::TestDeleteCommand::test_delete_async_mode&#34;, &#34;duration&#34;: &#34;179 ms&#34;, &#34;resultsTableRow&#34;: [&#34;&lt;td class=\&#34;col-result\&#34;&gt;Passed&lt;/td&gt;&#34;, &#34;&lt;td class=\&#34;col-testId\&#34;&gt;tests/unit/test_delete.py::TestDeleteCommand::test_delete_async_mode&lt;/td&gt;&#34;, &#34;&lt;td class=\&#34;col-duration\&#34;&gt;179 ms&lt;/td&gt;&#34;, &#34;&lt;td class=\&#34;col-links\&#34;&gt;&lt;/td&gt;&#34;], &#34;log&#34;: &#34;No log output captured.&#34;}], &#34;tests/unit/test_delete.py::TestDeleteCommand::test_delete_project_not_found&#34;: [{&#34;extras&#34;: [], &#34;result&#34;: &#34;Passed&#34;, &#34;testId&#34;: &#34;tests/unit/test_delete.py::TestDeleteCommand::test_delete_project_not_found&#34;, &#34;duration&#34;: &#34;149 ms&#34;, &#34;resultsTableRow&#34;: [&#34;&lt;td class=\&#34;col-result\&#34;&gt;Passed&lt;/td&gt;&#34;, &#34;&lt;td class=\&#34;col-testId\&#34;&gt;tests/unit/test_delete.py::TestDeleteCommand::test_delete_project_not_found&lt;/td&gt;&#34;, &#34;&lt;td class=\&#34;col-duration\&#34;&gt;149 ms&lt;/td&gt;&#34;, &#34;&lt;td class=\&#34;col-links\&#34;&gt;&lt;/td&gt;&#34;], &#34;log&#34;: &#34;No log output captured.&#34;}], &#34;tests/unit/test_delete.py::TestDeleteCommand::test_delete_invalid_target&#34;: [{&#34;extras&#34;: [], &#34;result&#34;: &#34;Passed&#34;, &#34;testId&#34;: &#34;tests/unit/test_delete.py::TestDeleteCommand::test_delete_invalid_target&#34;, &#34;duration&#34;: &#34;3 ms&#34;, &#34;resultsTableRow&#34;: [&#34;&lt;td class=\&#34;col-result\&#34;&gt;Passed&lt;/td&gt;&#34;, &#34;&lt;td class=\&#34;col-testId\&#34;&gt;tests/unit/test_delete.py::TestDeleteCommand::test_delete_invalid_target&lt;/td&gt;&#34;, &#34;&lt;td class=\&#34;col-duration\&#34;&gt;3 ms&lt;/td&gt;&#34;, &#34;&lt;td class=\&#34;col-links\&#34;&gt;&lt;/td&gt;&#34;], &#34;log&#34;: &#34;No log output captured.&#34;}], &#34;tests/unit/test_delete.py::TestDeleteCommand::test_delete_json_output&#34;: [{&#34;extras&#34;: [], &#34;result&#34;: &#34;Passed&#34;, &#34;testId&#34;: &#34;tests/unit/test_delete.py::TestDeleteCommand::test_delete_json_output&#34;, &#34;duration&#34;: &#34;150 ms&#34;, &#34;resultsTableRow&#34;: [&#34;&lt;td class=\&#34;col-result\&#34;&gt;Passed&lt;/td&gt;&#34;, &#34;&lt;td class=\&#34;col-testId\&#34;&gt;tests/unit/test_delete.py::TestDeleteCommand::test_delete_json_output&lt;/td&gt;&#34;, &#34;&lt;td class=\&#34;col-duration\&#34;&gt;150 ms&lt;/td&gt;&#34;, &#34;&lt;td class=\&#34;col-links\&#34;&gt;&lt;/td&gt;&#34;], &#34;log&#34;: &#34;No log output captured.&#34;}], &#34;tests/unit/test_delete.py::TestDeleteCommand::test_delete_multiple_targets&#34;: [{&#34;extras&#34;: [], &#34;result&#34;: &#34;Passed&#34;, &#34;testId&#34;: &#34;tests/unit/test_delete.py::TestDeleteCommand::test_delete_multiple_targets&#34;, &#34;duration&#34;: &#34;272 ms&#34;, &#34;resultsTableRow&#34;: [&#34;&lt;td class=\&#34;col-result\&#34;&gt;Passed&lt;/td&gt;&#34;, &#34;&lt;td class=\&#34;col-testId\&#34;&gt;tests/unit/test_delete.py::TestDeleteCommand::test_delete_multiple_targets&lt;/td&gt;&#34;, &#34;&lt;td class=\&#34;col-duration\&#34;&gt;272 ms&lt;/td&gt;&#34;, &#34;&lt;td class=\&#34;col-links\&#34;&gt;&lt;/td&gt;&#34;], &#34;log&#34;: &#34;No log output captured.&#34;}], &#34;tests/unit/test_delete.py::TestDeleteCommand::test_delete_cancelled_by_user&#34;: [{&#34;extras&#34;: [], &#34;result&#34;: &#34;Passed&#34;, &#34;testId&#34;: &#34;tests/unit/test_delete.py::TestDeleteCommand::test_delete_cancelled_by_user&#34;, &#34;duration&#34;: &#34;5 ms&#34;, &#34;resultsTableRow&#34;: [&#34;&lt;td class=\&#34;col-result\&#34;&gt;Passed&lt;/td&gt;&#34;, &#34;&lt;td class=\&#34;col-testId\&#34;&gt;tests/unit/test_delete.py::TestDeleteCommand::test_delete_cancelled_by_user&lt;/td&gt;&#34;, &#34;&lt;td class=\&#34;col-duration\&#34;&gt;5 ms&lt;/td&gt;&#34;, &#34;&lt;td class=\&#34;col-links\&#34;&gt;&lt;/td&gt;&#34;], &#34;log&#34;: &#34;No log output captured.&#34;}], &#34;tests/unit/test_describe.py::test_describe_basic&#34;: [{&#34;extras&#34;: [], &#34;result&#34;: &#34;Passed&#34;, &#34;testId&#34;: &#34;tests/unit/test_describe.py::test_describe_basic&#34;, &#34;duration&#34;: &#34;22 ms&#34;, &#34;resultsTableRow&#34;: [&#34;&lt;td class=\&#34;col-result\&#34;&gt;Passed&lt;/td&gt;&#34;, &#34;&lt;td class=\&#34;col-testId\&#34;&gt;tests/unit/test_describe.py::test_describe_basic&lt;/td&gt;&#34;, &#34;&lt;td class=\&#34;col-duration\&#34;&gt;22 ms&lt;/td&gt;&#34;, &#34;&lt;td class=\&#34;col-links\&#34;&gt;&lt;/td&gt;&#34;], &#34;log&#34;: &#34;No log output captured.&#34;}], &#34;tests/unit/test_describe.py::test_describe_with_connections&#34;: [{&#34;extras&#34;: [], &#34;result&#34;: &#34;Passed&#34;, &#34;testId&#34;: &#34;tests/unit/test_describe.py::test_describe_with_connections&#34;, &#34;duration&#34;: &#34;888 ms&#34;, &#34;resultsTableRow&#34;: [&#34;&lt;td class=\&#34;col-result\&#34;&gt;Passed&lt;/td&gt;&#34;, &#34;&lt;td class=\&#34;col-testId\&#34;&gt;tests/unit/test_describe.py::test_describe_with_connections&lt;/td&gt;&#34;, &#34;&lt;td class=\&#34;col-duration\&#34;&gt;888 ms&lt;/td&gt;&#34;, &#34;&lt;td class=\&#34;col-links\&#34;&gt;&lt;/td&gt;&#34;], &#34;log&#34;: &#34;No log output captured.&#34;}], &#34;tests/unit/test_describe.py::test_describe_with_targets&#34;: [{&#34;extras&#34;: [], &#34;result&#34;: &#34;Passed&#34;, &#34;testId&#34;: &#34;tests/unit/test_describe.py::test_describe_with_targets&#34;, &#34;duration&#34;: &#34;15 ms&#34;, &#34;resultsTableRow&#34;: [&#34;&lt;td class=\&#34;col-result\&#34;&gt;Passed&lt;/td&gt;&#34;, &#34;&lt;td class=\&#34;col-testId\&#34;&gt;tests/unit/test_describe.py::test_describe_with_targets&lt;/td&gt;&#34;, &#34;&lt;td class=\&#34;col-duration\&#34;&gt;15 ms&lt;/td&gt;&#34;, &#34;&lt;td class=\&#34;col-links\&#34;&gt;&lt;/td&gt;&#34;], &#34;log&#34;: &#34;No log output captured.&#34;}], &#34;tests/unit/test_describe.py::test_describe_with_connect_flag&#34;: [{&#34;extras&#34;: [], &#34;result&#34;: &#34;Passed&#34;, &#34;testId&#34;: &#34;tests/unit/test_describe.py::test_describe_with_connect_flag&#34;, &#34;duration&#34;: &#34;458 ms&#34;, &#34;resultsTableRow&#34;: [&#34;&lt;td class=\&#34;col-result\&#34;&gt;Passed&lt;/td&gt;&#34;, &#34;&lt;td class=\&#34;col-testId\&#34;&gt;tests/unit/test_describe.py::test_describe_with_connect_flag&lt;/td&gt;&#34;, &#34;&lt;td class=\&#34;col-duration\&#34;&gt;458 ms&lt;/td&gt;&#34;, &#34;&lt;td class=\&#34;col-links\&#34;&gt;&lt;/td&gt;&#34;], &#34;log&#34;: &#34;No log output captured.&#34;}], &#34;tests/unit/test_describe_comprehensive.py::TestDescribeCommand::test_minimal_valid_manifest&#34;: [{&#34;extras&#34;: [], &#34;result&#34;: &#34;Passed&#34;, &#34;testId&#34;: &#34;tests/unit/test_describe_comprehensive.py::TestDescribeCommand::test_minimal_valid_manifest&#34;, &#34;duration&#34;: &#34;11 ms&#34;, &#34;resultsTableRow&#34;: [&#34;&lt;td class=\&#34;col-result\&#34;&gt;Passed&lt;/td&gt;&#34;, &#34;&lt;td class=\&#34;col-testId\&#34;&gt;tests/unit/test_describe_comprehensive.py::TestDescribeCommand::test_minimal_valid_manifest&lt;/td&gt;&#34;, &#34;&lt;td class=\&#34;col-duration\&#34;&gt;11 ms&lt;/td&gt;&#34;, &#34;&lt;td class=\&#34;col-links\&#34;&gt;&lt;/td&gt;&#34;], &#34;log&#34;: &#34;No log output captured.&#34;}], &#34;tests/unit/test_describe_comprehensive.py::TestDescribeCommand::test_complex_manifest_with_workflows&#34;: [{&#34;extras&#34;: [], &#34;result&#34;: &#34;Passed&#34;, &#34;testId&#34;: &#34;tests/unit/test_describe_comprehensive.py::TestDescribeCommand::test_complex_manifest_with_workflows&#34;, &#34;duration&#34;: &#34;00:00:03&#34;, &#34;resultsTableRow&#34;: [&#34;&lt;td class=\&#34;col-result\&#34;&gt;Passed&lt;/td&gt;&#34;, &#34;&lt;td class=\&#34;col-testId\&#34;&gt;tests/unit/test_describe_comprehensive.py::TestDescribeCommand::test_complex_manifest_with_workflows&lt;/td&gt;&#34;, &#34;&lt;td class=\&#34;col-duration\&#34;&gt;00:00:03&lt;/td&gt;&#34;, &#34;&lt;td class=\&#34;col-links\&#34;&gt;&lt;/td&gt;&#34;], &#34;log&#34;: &#34;No log output captured.&#34;}], &#34;tests/unit/test_describe_comprehensive.py::TestDescribeCommand::test_different_bundle_directories&#34;: [{&#34;extras&#34;: [], &#34;result&#34;: &#34;Passed&#34;, &#34;testId&#34;: &#34;tests/unit/test_describe_comprehensive.py::TestDescribeCommand::test_different_bundle_directories&#34;, &#34;duration&#34;: &#34;81 ms&#34;, &#34;resultsTableRow&#34;: [&#34;&lt;td class=\&#34;col-result\&#34;&gt;Passed&lt;/td&gt;&#34;, &#34;&lt;td class=\&#34;col-testId\&#34;&gt;tests/unit/test_describe_comprehensive.py::TestDescribeCommand::test_different_bundle_directories&lt;/td&gt;&#34;, &#34;&lt;td class=\&#34;col-duration\&#34;&gt;81 ms&lt;/td&gt;&#34;, &#34;&lt;td class=\&#34;col-links\&#34;&gt;&lt;/td&gt;&#34;], &#34;log&#34;: &#34;No log output captured.&#34;}], &#34;tests/unit/test_describe_comprehensive.py::TestDescribeCommand::test_different_regions&#34;: [{&#34;extras&#34;: [], &#34;result&#34;: &#34;Passed&#34;, &#34;testId&#34;: &#34;tests/unit/test_describe_comprehensive.py::TestDescribeCommand::test_different_regions&#34;, &#34;duration&#34;: &#34;68 ms&#34;, &#34;resultsTableRow&#34;: [&#34;&lt;td class=\&#34;col-result\&#34;&gt;Passed&lt;/td&gt;&#34;, &#34;&lt;td class=\&#34;col-testId\&#34;&gt;tests/unit/test_describe_comprehensive.py::TestDescribeCommand::test_different_regions&lt;/td&gt;&#34;, &#34;&lt;td class=\&#34;col-duration\&#34;&gt;68 ms&lt;/td&gt;&#34;, &#34;&lt;td class=\&#34;col-links\&#34;&gt;&lt;/td&gt;&#34;], &#34;log&#34;: &#34;No log output captured.&#34;}], &#34;tests/unit/test_describe_comprehensive.py::TestDescribeCommand::test_various_project_configurations&#34;: [{&#34;extras&#34;: [], &#34;result&#34;: &#34;Passed&#34;, &#34;testId&#34;: &#34;tests/unit/test_describe_comprehensive.py::TestDescribeCommand::test_various_project_configurations&#34;, &#34;duration&#34;: &#34;20 ms&#34;, &#34;resultsTableRow&#34;: [&#34;&lt;td class=\&#34;col-result\&#34;&gt;Passed&lt;/td&gt;&#34;, &#34;&lt;td class=\&#34;col-testId\&#34;&gt;tests/unit/test_describe_comprehensive.py::TestDescribeCommand::test_various_project_configurations&lt;/td&gt;&#34;, &#34;&lt;td class=\&#34;col-duration\&#34;&gt;20 ms&lt;/td&gt;&#34;, &#34;&lt;td class=\&#34;col-links\&#34;&gt;&lt;/td&gt;&#34;], &#34;log&#34;: &#34;No log output captured.&#34;}], &#34;tests/unit/test_describe_comprehensive.py::TestDescribeCommand::test_workflow_parameter_variations&#34;: [{&#34;extras&#34;: [], &#34;result&#34;: &#34;Passed&#34;, &#34;testId&#34;: &#34;tests/unit/test_describe_comprehensive.py::TestDescribeCommand::test_workflow_parameter_variations&#34;, &#34;duration&#34;: &#34;532 ms&#34;, &#34;resultsTableRow&#34;: [&#34;&lt;td class=\&#34;col-result\&#34;&gt;Passed&lt;/td&gt;&#34;, &#34;&lt;td class=\&#34;col-testId\&#34;&gt;tests/unit/test_describe_comprehensive.py::TestDescribeCommand::test_workflow_parameter_variations&lt;/td&gt;&#34;, &#34;&lt;td class=\&#34;col-duration\&#34;&gt;532 ms&lt;/td&gt;&#34;, &#34;&lt;td class=\&#34;col-links\&#34;&gt;&lt;/td&gt;&#34;], &#34;log&#34;: &#34;No log output captured.&#34;}], &#34;tests/unit/test_describe_comprehensive.py::TestDescribeCommand::test_missing_pipeline_name&#34;: [{&#34;extras&#34;: [], &#34;result&#34;: &#34;Passed&#34;, &#34;testId&#34;: &#34;tests/unit/test_describe_comprehensive.py::TestDescribeCommand::test_missing_pipeline_name&#34;, &#34;duration&#34;: &#34;21 ms&#34;, &#34;resultsTableRow&#34;: [&#34;&lt;td class=\&#34;col-result\&#34;&gt;Passed&lt;/td&gt;&#34;, &#34;&lt;td class=\&#34;col-testId\&#34;&gt;tests/unit/test_describe_comprehensive.py::TestDescribeCommand::test_missing_pipeline_name&lt;/td&gt;&#34;, &#34;&lt;td class=\&#34;col-duration\&#34;&gt;21 ms&lt;/td&gt;&#34;, &#34;&lt;td class=\&#34;col-links\&#34;&gt;&lt;/td&gt;&#34;], &#34;log&#34;: &#34;No log output captured.&#34;}], &#34;tests/unit/test_describe_comprehensive.py::TestDescribeCommand::test_missing_domain&#34;: [{&#34;extras&#34;: [], &#34;result&#34;: &#34;Passed&#34;, &#34;testId&#34;: &#34;tests/unit/test_describe_comprehensive.py::TestDescribeCommand::test_missing_domain&#34;, &#34;duration&#34;: &#34;15 ms&#34;, &#34;resultsTableRow&#34;: [&#34;&lt;td class=\&#34;col-result\&#34;&gt;Passed&lt;/td&gt;&#34;, &#34;&lt;td class=\&#34;col-testId\&#34;&gt;tests/unit/test_describe_comprehensive.py::TestDescribeCommand::test_missing_domain&lt;/td&gt;&#34;, &#34;&lt;td class=\&#34;col-duration\&#34;&gt;15 ms&lt;/td&gt;&#34;, &#34;&lt;td class=\&#34;col-links\&#34;&gt;&lt;/td&gt;&#34;], &#34;log&#34;: &#34;No log output captured.&#34;}], &#34;tests/unit/test_describe_comprehensive.py::TestDescribeCommand::test_missing_domain_name&#34;: [{&#34;extras&#34;: [], &#34;result&#34;: &#34;Passed&#34;, &#34;testId&#34;: &#34;tests/unit/test_describe_comprehensive.py::TestDescribeCommand::test_missing_domain_name&#34;, &#34;duration&#34;: &#34;13 ms&#34;, &#34;resultsTableRow&#34;: [&#34;&lt;td class=\&#34;col-result\&#34;&gt;Passed&lt;/td&gt;&#34;, &#34;&lt;td class=\&#34;col-testId\&#34;&gt;tests/unit/test_describe_comprehensive.py::TestDescribeCommand::test_missing_domain_name&lt;/td&gt;&#34;, &#34;&lt;td class=\&#34;col-duration\&#34;&gt;13 ms&lt;/td&gt;&#34;, &#34;&lt;td class=\&#34;col-links\&#34;&gt;&lt;/td&gt;&#34;], &#34;log&#34;: &#34;No log output captured.&#34;}], &#34;tests/unit/test_describe_comprehensive.py::TestDescribeCommand::test_missing_domain_region&#34;: [{&#34;extras&#34;: [], &#34;result&#34;: &#34;Passed&#34;, &#34;testId&#34;: &#34;tests/unit/test_describe_comprehensive.py::TestDescribeCommand::test_missing_domain_region&#34;, &#34;duration&#34;: &#34;12 ms&#34;, &#34;resultsTableRow&#34;: [&#34;&lt;td class=\&#34;col-result\&#34;&gt;Passed&lt;/td&gt;&#34;, &#34;&lt;td class=\&#34;col-testId\&#34;&gt;tests/unit/test_describe_comprehensive.py::TestDescribeCommand::test_missing_domain_region&lt;/td&gt;&#34;, &#34;&lt;td class=\&#34;col-duration\&#34;&gt;12 ms&lt;/td&gt;&#34;, &#34;&lt;td class=\&#34;col-links\&#34;&gt;&lt;/td&gt;&#34;], &#34;log&#34;: &#34;No log output captured.&#34;}], &#34;tests/unit/test_describe_comprehensive.py::TestDescribeCommand::test_missing_targets&#34;: [{&#34;extras&#34;: [], &#34;result&#34;: &#34;Passed&#34;, &#34;testId&#34;: &#34;tests/unit/test_describe_comprehensive.py::TestDescribeCommand::test_missing_targets&#34;, &#34;duration&#34;: &#34;11 ms&#34;, &#34;resultsTableRow&#34;: [&#34;&lt;td class=\&#34;col-result\&#34;&gt;Passed&lt;/td&gt;&#34;, &#34;&lt;td class=\&#34;col-testId\&#34;&gt;tests/unit/test_describe_comprehensive.py::TestDescribeCommand::test_missing_targets&lt;/td&gt;&#34;, &#34;&lt;td class=\&#34;col-duration\&#34;&gt;11 ms&lt;/td&gt;&#34;, &#34;&lt;td class=\&#34;col-links\&#34;&gt;&lt;/td&gt;&#34;], &#34;log&#34;: &#34;No log output captured.&#34;}], &#34;tests/unit/test_describe_comprehensive.py::TestDescribeCommand::test_empty_targets&#34;: [{&#34;extras&#34;: [], &#34;result&#34;: &#34;Passed&#34;, &#34;testId&#34;: &#34;tests/unit/test_describe_comprehensive.py::TestDescribeCommand::test_empty_targets&#34;, &#34;duration&#34;: &#34;12 ms&#34;, &#34;resultsTableRow&#34;: [&#34;&lt;td class=\&#34;col-result\&#34;&gt;Passed&lt;/td&gt;&#34;, &#34;&lt;td class=\&#34;col-testId\&#34;&gt;tests/unit/test_describe_comprehensive.py::TestDescribeCommand::test_empty_targets&lt;/td&gt;&#34;, &#34;&lt;td class=\&#34;col-duration\&#34;&gt;12 ms&lt;/td&gt;&#34;, &#34;&lt;td class=\&#34;col-links\&#34;&gt;&lt;/td&gt;&#34;], &#34;log&#34;: &#34;No log output captured.&#34;}], &#34;tests/unit/test_describe_comprehensive.py::TestDescribeCommand::test_target_missing_project&#34;: [{&#34;extras&#34;: [], &#34;result&#34;: &#34;Passed&#34;, &#34;testId&#34;: &#34;tests/unit/test_describe_comprehensive.py::TestDescribeCommand::test_target_missing_project&#34;, &#34;duration&#34;: &#34;11 ms&#34;, &#34;resultsTableRow&#34;: [&#34;&lt;td class=\&#34;col-result\&#34;&gt;Passed&lt;/td&gt;&#34;, &#34;&lt;td class=\&#34;col-testId\&#34;&gt;tests/unit/test_describe_comprehensive.py::TestDescribeCommand::test_target_missing_project&lt;/td&gt;&#34;, &#34;&lt;td class=\&#34;col-duration\&#34;&gt;11 ms&lt;/td&gt;&#34;, &#34;&lt;td class=\&#34;col-links\&#34;&gt;&lt;/td&gt;&#34;], &#34;log&#34;: &#34;No log output captured.&#34;}], &#34;tests/unit/test_describe_comprehensive.py::TestDescribeCommand::test_workflow_missing_name&#34;: [{&#34;extras&#34;: [], &#34;result&#34;: &#34;Passed&#34;, &#34;testId&#34;: &#34;tests/unit/test_describe_comprehensive.py::TestDescribeCommand::test_workflow_missing_name&#34;, &#34;duration&#34;: &#34;11 ms&#34;, &#34;resultsTableRow&#34;: [&#34;&lt;td class=\&#34;col-result\&#34;&gt;Passed&lt;/td&gt;&#34;, &#34;&lt;td class=\&#34;col-testId\&#34;&gt;tests/unit/test_describe_comprehensive.py::TestDescribeCommand::test_workflow_missing_name&lt;/td&gt;&#34;, &#34;&lt;td class=\&#34;col-duration\&#34;&gt;11 ms&lt;/td&gt;&#34;, &#34;&lt;td class=\&#34;col-links\&#34;&gt;&lt;/td&gt;&#34;], &#34;log&#34;: &#34;No log output captured.&#34;}], &#34;tests/unit/test_describe_comprehensive.py::TestDescribeCommand::test_workflow_missing_connection&#34;: [{&#34;extras&#34;: [], &#34;result&#34;: &#34;Passed&#34;, &#34;testId&#34;: &#34;tests/unit/test_describe_comprehensive.py::TestDescribeCommand::test_workflow_missing_connection&#34;, &#34;duration&#34;: &#34;11 ms&#34;, &#34;resultsTableRow&#34;: [&#34;&lt;td class=\&#34;col-result\&#34;&gt;Passed&lt;/td&gt;&#34;, &#34;&lt;td class=\&#34;col-testId\&#34;&gt;tests/unit/test_describe_comprehensive.py::TestDescribeCommand::test_workflow_missing_connection&lt;/td&gt;&#34;, &#34;&lt;td class=\&#34;col-duration\&#34;&gt;11 ms&lt;/td&gt;&#34;, &#34;&lt;td class=\&#34;col-links\&#34;&gt;&lt;/td&gt;&#34;], &#34;log&#34;: &#34;No log output captured.&#34;}], &#34;tests/unit/test_describe_comprehensive.py::TestDescribeCommand::test_invalid_yaml_syntax&#34;: [{&#34;extras&#34;: [], &#34;result&#34;: &#34;Passed&#34;, &#34;testId&#34;: &#34;tests/unit/test_describe_comprehensive.py::TestDescribeCommand::test_invalid_yaml_syntax&#34;, &#34;duration&#34;: &#34;2 ms&#34;, &#34;resultsTableRow&#34;: [&#34;&lt;td class=\&#34;col-result\&#34;&gt;Passed&lt;/td&gt;&#34;, &#34;&lt;td class=\&#34;col-testId\&#34;&gt;tests/unit/test_describe_comprehensive.py::TestDescribeCommand::test_invalid_yaml_syntax&lt;/td&gt;&#34;, &#34;&lt;td class=\&#34;col-duration\&#34;&gt;2 ms&lt;/td&gt;&#34;, &#34;&lt;td class=\&#34;col-links\&#34;&gt;&lt;/td&gt;&#34;], &#34;log&#34;: &#34;No log output captured.&#34;}], &#34;tests/unit/test_describe_comprehensive.py::TestDescribeCommand::test_nonexistent_manifest_file&#34;: [{&#34;extras&#34;: [], &#34;result&#34;: &#34;Passed&#34;, &#34;testId&#34;: &#34;tests/unit/test_describe_comprehensive.py::TestDescribeCommand::test_nonexistent_manifest_file&#34;, &#34;duration&#34;: &#34;1 ms&#34;, &#34;resultsTableRow&#34;: [&#34;&lt;td class=\&#34;col-result\&#34;&gt;Passed&lt;/td&gt;&#34;, &#34;&lt;td class=\&#34;col-testId\&#34;&gt;tests/unit/test_describe_comprehensive.py::TestDescribeCommand::test_nonexistent_manifest_file&lt;/td&gt;&#34;, &#34;&lt;td class=\&#34;col-duration\&#34;&gt;1 ms&lt;/td&gt;&#34;, &#34;&lt;td class=\&#34;col-links\&#34;&gt;&lt;/td&gt;&#34;], &#34;log&#34;: &#34;No log output captured.&#34;}], &#34;tests/unit/test_describe_comprehensive.py::TestDescribeCommand::test_default_values_not_hardcoded&#34;: [{&#34;extras&#34;: [], &#34;result&#34;: &#34;Passed&#34;, &#34;testId&#34;: &#34;tests/unit/test_describe_comprehensive.py::TestDescribeCommand::test_default_values_not_hardcoded&#34;, &#34;duration&#34;: &#34;479 ms&#34;, &#34;resultsTableRow&#34;: [&#34;&lt;td class=\&#34;col-result\&#34;&gt;Passed&lt;/td&gt;&#34;, &#34;&lt;td class=\&#34;col-testId\&#34;&gt;tests/unit/test_describe_comprehensive.py::TestDescribeCommand::test_default_values_not_hardcoded&lt;/td&gt;&#34;, &#34;&lt;td class=\&#34;col-duration\&#34;&gt;479 ms&lt;/td&gt;&#34;, &#34;&lt;td class=\&#34;col-links\&#34;&gt;&lt;/td&gt;&#34;], &#34;log&#34;: &#34;No log output captured.&#34;}], &#34;tests/unit/test_describe_comprehensive.py::TestDescribeCommand::test_bundle_defaults&#34;: [{&#34;extras&#34;: [], &#34;result&#34;: &#34;Passed&#34;, &#34;testId&#34;: &#34;tests/unit/test_describe_comprehensive.py::TestDescribeCommand::test_bundle_defaults&#34;, &#34;duration&#34;: &#34;27 ms&#34;, &#34;resultsTableRow&#34;: [&#34;&lt;td class=\&#34;col-result\&#34;&gt;Passed&lt;/td&gt;&#34;, &#34;&lt;td class=\&#34;col-testId\&#34;&gt;tests/unit/test_describe_comprehensive.py::TestDescribeCommand::test_bundle_defaults&lt;/td&gt;&#34;, &#34;&lt;td class=\&#34;col-duration\&#34;&gt;27 ms&lt;/td&gt;&#34;, &#34;&lt;td class=\&#34;col-links\&#34;&gt;&lt;/td&gt;&#34;], &#34;log&#34;: &#34;No log output captured.&#34;}], &#34;tests/unit/test_describe_comprehensive.py::TestDescribeCommand::test_workflow_defaults&#34;: [{&#34;extras&#34;: [], &#34;result&#34;: &#34;Passed&#34;, &#34;testId&#34;: &#34;tests/unit/test_describe_comprehensive.py::TestDescribeCommand::test_workflow_defaults&#34;, &#34;duration&#34;: &#34;511 ms&#34;, &#34;resultsTableRow&#34;: [&#34;&lt;td class=\&#34;col-result\&#34;&gt;Passed&lt;/td&gt;&#34;, &#34;&lt;td class=\&#34;col-testId\&#34;&gt;tests/unit/test_describe_comprehensive.py::TestDescribeCommand::test_workflow_defaults&lt;/td&gt;&#34;, &#34;&lt;td class=\&#34;col-duration\&#34;&gt;511 ms&lt;/td&gt;&#34;, &#34;&lt;td class=\&#34;col-links\&#34;&gt;&lt;/td&gt;&#34;], &#34;log&#34;: &#34;No log output captured.&#34;}], &#34;tests/unit/test_describe_comprehensive.py::TestDescribeCommand::test_edge_case_empty_strings&#34;: [{&#34;extras&#34;: [], &#34;result&#34;: &#34;Passed&#34;, &#34;testId&#34;: &#34;tests/unit/test_describe_comprehensive.py::TestDescribeCommand::test_edge_case_empty_strings&#34;, &#34;duration&#34;: &#34;27 ms&#34;, &#34;resultsTableRow&#34;: [&#34;&lt;td class=\&#34;col-result\&#34;&gt;Passed&lt;/td&gt;&#34;, &#34;&lt;td class=\&#34;col-testId\&#34;&gt;tests/unit/test_describe_comprehensive.py::TestDescribeCommand::test_edge_case_empty_strings&lt;/td&gt;&#34;, &#34;&lt;td class=\&#34;col-duration\&#34;&gt;27 ms&lt;/td&gt;&#34;, &#34;&lt;td class=\&#34;col-links\&#34;&gt;&lt;/td&gt;&#34;], &#34;log&#34;: &#34;No log output captured.&#34;}], &#34;tests/unit/test_describe_comprehensive.py::TestDescribeCommand::test_special_characters_in_names&#34;: [{&#34;extras&#34;: [], &#34;result&#34;: &#34;Passed&#34;, &#34;testId&#34;: &#34;tests/unit/test_describe_comprehensive.py::TestDescribeCommand::test_special_characters_in_names&#34;, &#34;duration&#34;: &#34;521 ms&#34;, &#34;resultsTableRow&#34;: [&#34;&lt;td class=\&#34;col-result\&#34;&gt;Passed&lt;/td&gt;&#34;, &#34;&lt;td class=\&#34;col-testId\&#34;&gt;tests/unit/test_describe_comprehensive.py::TestDescribeCommand::test_special_characters_in_names&lt;/td&gt;&#34;, &#34;&lt;td class=\&#34;col-duration\&#34;&gt;521 ms&lt;/td&gt;&#34;, &#34;&lt;td class=\&#34;col-links\&#34;&gt;&lt;/td&gt;&#34;], &#34;log&#34;: &#34;No log output captured.&#34;}], &#34;tests/unit/test_describe_new_features.py::TestDescribeNewFeatures::test_describe_json_output&#34;: [{&#34;extras&#34;: [], &#34;result&#34;: &#34;Passed&#34;, &#34;testId&#34;: &#34;tests/unit/test_describe_new_features.py::TestDescribeNewFeatures::test_describe_json_output&#34;, &#34;duration&#34;: &#34;28 ms&#34;, &#34;resultsTableRow&#34;: [&#34;&lt;td class=\&#34;col-result\&#34;&gt;Passed&lt;/td&gt;&#34;, &#34;&lt;td class=\&#34;col-testId\&#34;&gt;tests/unit/test_describe_new_features.py::TestDescribeNewFeatures::test_describe_json_output&lt;/td&gt;&#34;, &#34;&lt;td class=\&#34;col-duration\&#34;&gt;28 ms&lt;/td&gt;&#34;, &#34;&lt;td class=\&#34;col-links\&#34;&gt;&lt;/td&gt;&#34;], &#34;log&#34;: &#34;No log output captured.&#34;}], &#34;tests/unit/test_describe_new_features.py::TestDescribeNewFeatures::test_describe_text_output&#34;: [{&#34;extras&#34;: [], &#34;result&#34;: &#34;Passed&#34;, &#34;testId&#34;: &#34;tests/unit/test_describe_new_features.py::TestDescribeNewFeatures::test_describe_text_output&#34;, &#34;duration&#34;: &#34;18 ms&#34;, &#34;resultsTableRow&#34;: [&#34;&lt;td class=\&#34;col-result\&#34;&gt;Passed&lt;/td&gt;&#34;, &#34;&lt;td class=\&#34;col-testId\&#34;&gt;tests/unit/test_describe_new_features.py::TestDescribeNewFeatures::test_describe_text_output&lt;/td&gt;&#34;, &#34;&lt;td class=\&#34;col-duration\&#34;&gt;18 ms&lt;/td&gt;&#34;, &#34;&lt;td class=\&#34;col-links\&#34;&gt;&lt;/td&gt;&#34;], &#34;log&#34;: &#34;No log output captured.&#34;}], &#34;tests/unit/test_describe_new_features.py::TestDescribeNewFeatures::test_describe_target_filtering&#34;: [{&#34;extras&#34;: [], &#34;result&#34;: &#34;Passed&#34;, &#34;testId&#34;: &#34;tests/unit/test_describe_new_features.py::TestDescribeNewFeatures::test_describe_target_filtering&#34;, &#34;duration&#34;: &#34;15 ms&#34;, &#34;resultsTableRow&#34;: [&#34;&lt;td class=\&#34;col-result\&#34;&gt;Passed&lt;/td&gt;&#34;, &#34;&lt;td class=\&#34;col-testId\&#34;&gt;tests/unit/test_describe_new_features.py::TestDescribeNewFeatures::test_describe_target_filtering&lt;/td&gt;&#34;, &#34;&lt;td class=\&#34;col-duration\&#34;&gt;15 ms&lt;/td&gt;&#34;, &#34;&lt;td class=\&#34;col-links\&#34;&gt;&lt;/td&gt;&#34;], &#34;log&#34;: &#34;No log output captured.&#34;}], &#34;tests/unit/test_describe_new_features.py::TestDescribeNewFeatures::test_describe_target_filtering_json&#34;: [{&#34;extras&#34;: [], &#34;result&#34;: &#34;Passed&#34;, &#34;testId&#34;: &#34;tests/unit/test_describe_new_features.py::TestDescribeNewFeatures::test_describe_target_filtering_json&#34;, &#34;duration&#34;: &#34;14 ms&#34;, &#34;resultsTableRow&#34;: [&#34;&lt;td class=\&#34;col-result\&#34;&gt;Passed&lt;/td&gt;&#34;, &#34;&lt;td class=\&#34;col-testId\&#34;&gt;tests/unit/test_describe_new_features.py::TestDescribeNewFeatures::test_describe_target_filtering_json&lt;/td&gt;&#34;, &#34;&lt;td class=\&#34;col-duration\&#34;&gt;14 ms&lt;/td&gt;&#34;, &#34;&lt;td class=\&#34;col-links\&#34;&gt;&lt;/td&gt;&#34;], &#34;log&#34;: &#34;No log output captured.&#34;}], &#34;tests/unit/test_describe_new_features.py::TestDescribeNewFeatures::test_describe_invalid_target&#34;: [{&#34;extras&#34;: [], &#34;result&#34;: &#34;Passed&#34;, &#34;testId&#34;: &#34;tests/unit/test_describe_new_features.py::TestDescribeNewFeatures::test_describe_invalid_target&#34;, &#34;duration&#34;: &#34;13 ms&#34;, &#34;resultsTableRow&#34;: [&#34;&lt;td class=\&#34;col-result\&#34;&gt;Passed&lt;/td&gt;&#34;, &#34;&lt;td class=\&#34;col-testId\&#34;&gt;tests/unit/test_describe_new_features.py::TestDescribeNewFeatures::test_describe_invalid_target&lt;/td&gt;&#34;, &#34;&lt;td class=\&#34;col-duration\&#34;&gt;13 ms&lt;/td&gt;&#34;, &#34;&lt;td class=\&#34;col-links\&#34;&gt;&lt;/td&gt;&#34;], &#34;log&#34;: &#34;No log output captured.&#34;}], &#34;tests/unit/test_describe_new_features.py::TestDescribeNewFeatures::test_describe_invalid_target_json&#34;: [{&#34;extras&#34;: [], &#34;result&#34;: &#34;Passed&#34;, &#34;testId&#34;: &#34;tests/unit/test_describe_new_features.py::TestDescribeNewFeatures::test_describe_invalid_target_json&#34;, &#34;duration&#34;: &#34;13 ms&#34;, &#34;resultsTableRow&#34;: [&#34;&lt;td class=\&#34;col-result\&#34;&gt;Passed&lt;/td&gt;&#34;, &#34;&lt;td class=\&#34;col-testId\&#34;&gt;tests/unit/test_describe_new_features.py::TestDescribeNewFeatures::test_describe_invalid_target_json&lt;/td&gt;&#34;, &#34;&lt;td class=\&#34;col-duration\&#34;&gt;13 ms&lt;/td&gt;&#34;, &#34;&lt;td class=\&#34;col-links\&#34;&gt;&lt;/td&gt;&#34;], &#34;log&#34;: &#34;No log output captured.&#34;}], &#34;tests/unit/test_describe_new_features.py::TestDescribeNewFeatures::test_describe_connections_flag_only&#34;: [{&#34;extras&#34;: [], &#34;result&#34;: &#34;Passed&#34;, &#34;testId&#34;: &#34;tests/unit/test_describe_new_features.py::TestDescribeNewFeatures::test_describe_connections_flag_only&#34;, &#34;duration&#34;: &#34;00:00:01&#34;, &#34;resultsTableRow&#34;: [&#34;&lt;td class=\&#34;col-result\&#34;&gt;Passed&lt;/td&gt;&#34;, &#34;&lt;td class=\&#34;col-testId\&#34;&gt;tests/unit/test_describe_new_features.py::TestDescribeNewFeatures::test_describe_connections_flag_only&lt;/td&gt;&#34;, &#34;&lt;td class=\&#34;col-duration\&#34;&gt;00:00:01&lt;/td&gt;&#34;, &#34;&lt;td class=\&#34;col-links\&#34;&gt;&lt;/td&gt;&#34;], &#34;log&#34;: &#34;No log output captured.&#34;}], &#34;tests/unit/test_describe_new_features.py::TestDescribeNewFeatures::test_describe_connections_flag&#34;: [{&#34;extras&#34;: [], &#34;result&#34;: &#34;Passed&#34;, &#34;testId&#34;: &#34;tests/unit/test_describe_new_features.py::TestDescribeNewFeatures::test_describe_connections_flag&#34;, &#34;duration&#34;: &#34;00:00:02&#34;, &#34;resultsTableRow&#34;: [&#34;&lt;td class=\&#34;col-result\&#34;&gt;Passed&lt;/td&gt;&#34;, &#34;&lt;td class=\&#34;col-testId\&#34;&gt;tests/unit/test_describe_new_features.py::TestDescribeNewFeatures::test_describe_connections_flag&lt;/td&gt;&#34;, &#34;&lt;td class=\&#34;col-duration\&#34;&gt;00:00:02&lt;/td&gt;&#34;, &#34;&lt;td class=\&#34;col-links\&#34;&gt;&lt;/td&gt;&#34;], &#34;log&#34;: &#34;No log output captured.&#34;}], &#34;tests/unit/test_describe_new_features.py::TestDescribeNewFeatures::test_describe_combined_flags&#34;: [{&#34;extras&#34;: [], &#34;result&#34;: &#34;Passed&#34;, &#34;testId&#34;: &#34;tests/unit/test_describe_new_features.py::TestDescribeNewFeatures::test_describe_combined_flags&#34;, &#34;duration&#34;: &#34;500 ms&#34;, &#34;resultsTableRow&#34;: [&#34;&lt;td class=\&#34;col-result\&#34;&gt;Passed&lt;/td&gt;&#34;, &#34;&lt;td class=\&#34;col-testId\&#34;&gt;tests/unit/test_describe_new_features.py::TestDescribeNewFeatures::test_describe_combined_flags&lt;/td&gt;&#34;, &#34;&lt;td class=\&#34;col-duration\&#34;&gt;500 ms&lt;/td&gt;&#34;, &#34;&lt;td class=\&#34;col-links\&#34;&gt;&lt;/td&gt;&#34;], &#34;log&#34;: &#34;No log output captured.&#34;}], &#34;tests/unit/test_json_output.py::TestJSONOutput::test_describe_json_output&#34;: [{&#34;extras&#34;: [], &#34;result&#34;: &#34;Passed&#34;, &#34;testId&#34;: &#34;tests/unit/test_json_output.py::TestJSONOutput::test_describe_json_output&#34;, &#34;duration&#34;: &#34;17 ms&#34;, &#34;resultsTableRow&#34;: [&#34;&lt;td class=\&#34;col-result\&#34;&gt;Passed&lt;/td&gt;&#34;, &#34;&lt;td class=\&#34;col-testId\&#34;&gt;tests/unit/test_json_output.py::TestJSONOutput::test_describe_json_output&lt;/td&gt;&#34;, &#34;&lt;td class=\&#34;col-duration\&#34;&gt;17 ms&lt;/td&gt;&#34;, &#34;&lt;td class=\&#34;col-links\&#34;&gt;&lt;/td&gt;&#34;], &#34;log&#34;: &#34;No log output captured.&#34;}], &#34;tests/unit/test_json_output.py::TestJSONOutput::test_run_json_output_with_parsed_data&#34;: [{&#34;extras&#34;: [], &#34;result&#34;: &#34;Passed&#34;, &#34;testId&#34;: &#34;tests/unit/test_json_output.py::TestJSONOutput::test_run_json_output_with_parsed_data&#34;, &#34;duration&#34;: &#34;13 ms&#34;, &#34;resultsTableRow&#34;: [&#34;&lt;td class=\&#34;col-result\&#34;&gt;Passed&lt;/td&gt;&#34;, &#34;&lt;td class=\&#34;col-testId\&#34;&gt;tests/unit/test_json_output.py::TestJSONOutput::test_run_json_output_with_parsed_data&lt;/td&gt;&#34;, &#34;&lt;td class=\&#34;col-duration\&#34;&gt;13 ms&lt;/td&gt;&#34;, &#34;&lt;td class=\&#34;col-links\&#34;&gt;&lt;/td&gt;&#34;], &#34;log&#34;: &#34;No log output captured.&#34;}], &#34;tests/unit/test_json_output.py::TestJSONOutput::test_bundle_json_output&#34;: [{&#34;extras&#34;: [], &#34;result&#34;: &#34;Passed&#34;, &#34;testId&#34;: &#34;tests/unit/test_json_output.py::TestJSONOutput::test_bundle_json_output&#34;, &#34;duration&#34;: &#34;4 ms&#34;, &#34;resultsTableRow&#34;: [&#34;&lt;td class=\&#34;col-result\&#34;&gt;Passed&lt;/td&gt;&#34;, &#34;&lt;td class=\&#34;col-testId\&#34;&gt;tests/unit/test_json_output.py::TestJSONOutput::test_bundle_json_output&lt;/td&gt;&#34;, &#34;&lt;td class=\&#34;col-duration\&#34;&gt;4 ms&lt;/td&gt;&#34;, &#34;&lt;td class=\&#34;col-links\&#34;&gt;&lt;/td&gt;&#34;], &#34;log&#34;: &#34;No log output captured.&#34;}], &#34;tests/unit/test_json_output.py::TestJSONOutput::test_create_json_output&#34;: [{&#34;extras&#34;: [], &#34;result&#34;: &#34;Passed&#34;, &#34;testId&#34;: &#34;tests/unit/test_json_output.py::TestJSONOutput::test_create_json_output&#34;, &#34;duration&#34;: &#34;3 ms&#34;, &#34;resultsTableRow&#34;: [&#34;&lt;td class=\&#34;col-result\&#34;&gt;Passed&lt;/td&gt;&#34;, &#34;&lt;td class=\&#34;col-testId\&#34;&gt;tests/unit/test_json_output.py::TestJSONOutput::test_create_json_output&lt;/td&gt;&#34;, &#34;&lt;td class=\&#34;col-duration\&#34;&gt;3 ms&lt;/td&gt;&#34;, &#34;&lt;td class=\&#34;col-links\&#34;&gt;&lt;/td&gt;&#34;], &#34;log&#34;: &#34;No log output captured.&#34;}], &#34;tests/unit/test_json_output.py::TestJSONOutput::test_run_json_output_version_command&#34;: [{&#34;extras&#34;: [], &#34;result&#34;: &#34;Passed&#34;, &#34;testId&#34;: &#34;tests/unit/test_json_output.py::TestJSONOutput::test_run_json_output_version_command&#34;, &#34;duration&#34;: &#34;13 ms&#34;, &#34;resultsTableRow&#34;: [&#34;&lt;td class=\&#34;col-result\&#34;&gt;Passed&lt;/td&gt;&#34;, &#34;&lt;td class=\&#34;col-testId\&#34;&gt;tests/unit/test_json_output.py::TestJSONOutput::test_run_json_output_version_command&lt;/td&gt;&#34;, &#34;&lt;td class=\&#34;col-duration\&#34;&gt;13 ms&lt;/td&gt;&#34;, &#34;&lt;td class=\&#34;col-links\&#34;&gt;&lt;/td&gt;&#34;], &#34;log&#34;: &#34;No log output captured.&#34;}], &#34;tests/unit/test_json_output.py::TestJSONOutput::test_run_json_output_tasks_list&#34;: [{&#34;extras&#34;: [], &#34;result&#34;: &#34;Passed&#34;, &#34;testId&#34;: &#34;tests/unit/test_json_output.py::TestJSONOutput::test_run_json_output_tasks_list&#34;, &#34;duration&#34;: &#34;14 ms&#34;, &#34;resultsTableRow&#34;: [&#34;&lt;td class=\&#34;col-result\&#34;&gt;Passed&lt;/td&gt;&#34;, &#34;&lt;td class=\&#34;col-testId\&#34;&gt;tests/unit/test_json_output.py::TestJSONOutput::test_run_json_output_tasks_list&lt;/td&gt;&#34;, &#34;&lt;td class=\&#34;col-duration\&#34;&gt;14 ms&lt;/td&gt;&#34;, &#34;&lt;td class=\&#34;col-links\&#34;&gt;&lt;/td&gt;&#34;], &#34;log&#34;: &#34;No log output captured.&#34;}], &#34;tests/unit/test_json_output.py::TestJSONOutput::test_json_output_error_handling&#34;: [{&#34;extras&#34;: [], &#34;result&#34;: &#34;Passed&#34;, &#34;testId&#34;: &#34;tests/unit/test_json_output.py::TestJSONOutput::test_json_output_error_handling&#34;, &#34;duration&#34;: &#34;2 ms&#34;, &#34;resultsTableRow&#34;: [&#34;&lt;td class=\&#34;col-result\&#34;&gt;Passed&lt;/td&gt;&#34;, &#34;&lt;td class=\&#34;col-testId\&#34;&gt;tests/unit/test_json_output.py::TestJSONOutput::test_json_output_error_handling&lt;/td&gt;&#34;, &#34;&lt;td class=\&#34;col-duration\&#34;&gt;2 ms&lt;/td&gt;&#34;, &#34;&lt;td class=\&#34;col-links\&#34;&gt;&lt;/td&gt;&#34;], &#34;log&#34;: &#34;No log output captured.&#34;}], &#34;tests/unit/test_monitor.py::test_monitor_all_targets&#34;: [{&#34;extras&#34;: [], &#34;result&#34;: &#34;Passed&#34;, &#34;testId&#34;: &#34;tests/unit/test_monitor.py::test_monitor_all_targets&#34;, &#34;duration&#34;: &#34;5 ms&#34;, &#34;resultsTableRow&#34;: [&#34;&lt;td class=\&#34;col-result\&#34;&gt;Passed&lt;/td&gt;&#34;, &#34;&lt;td class=\&#34;col-testId\&#34;&gt;tests/unit/test_monitor.py::test_monitor_all_targets&lt;/td&gt;&#34;, &#34;&lt;td class=\&#34;col-duration\&#34;&gt;5 ms&lt;/td&gt;&#34;, &#34;&lt;td class=\&#34;col-links\&#34;&gt;&lt;/td&gt;&#34;], &#34;log&#34;: &#34;No log output captured.&#34;}], &#34;tests/unit/test_monitor.py::test_monitor_single_target&#34;: [{&#34;extras&#34;: [], &#34;result&#34;: &#34;Passed&#34;, &#34;testId&#34;: &#34;tests/unit/test_monitor.py::test_monitor_single_target&#34;, &#34;duration&#34;: &#34;3 ms&#34;, &#34;resultsTableRow&#34;: [&#34;&lt;td class=\&#34;col-result\&#34;&gt;Passed&lt;/td&gt;&#34;, &#34;&lt;td class=\&#34;col-testId\&#34;&gt;tests/unit/test_monitor.py::test_monitor_single_target&lt;/td&gt;&#34;, &#34;&lt;td class=\&#34;col-duration\&#34;&gt;3 ms&lt;/td&gt;&#34;, &#34;&lt;td class=\&#34;col-links\&#34;&gt;&lt;/td&gt;&#34;], &#34;log&#34;: &#34;No log output captured.&#34;}], &#34;tests/unit/test_monitor.py::test_monitor_inactive_project&#34;: [{&#34;extras&#34;: [], &#34;result&#34;: &#34;Passed&#34;, &#34;testId&#34;: &#34;tests/unit/test_monitor.py::test_monitor_inactive_project&#34;, &#34;duration&#34;: &#34;3 ms&#34;, &#34;resultsTableRow&#34;: [&#34;&lt;td class=\&#34;col-result\&#34;&gt;Passed&lt;/td&gt;&#34;, &#34;&lt;td class=\&#34;col-testId\&#34;&gt;tests/unit/test_monitor.py::test_monitor_inactive_project&lt;/td&gt;&#34;, &#34;&lt;td class=\&#34;col-duration\&#34;&gt;3 ms&lt;/td&gt;&#34;, &#34;&lt;td class=\&#34;col-links\&#34;&gt;&lt;/td&gt;&#34;], &#34;log&#34;: &#34;No log output captured.&#34;}], &#34;tests/unit/test_monitor.py::test_monitor_no_domain&#34;: [{&#34;extras&#34;: [], &#34;result&#34;: &#34;Passed&#34;, &#34;testId&#34;: &#34;tests/unit/test_monitor.py::test_monitor_no_domain&#34;, &#34;duration&#34;: &#34;2 ms&#34;, &#34;resultsTableRow&#34;: [&#34;&lt;td class=\&#34;col-result\&#34;&gt;Passed&lt;/td&gt;&#34;, &#34;&lt;td class=\&#34;col-testId\&#34;&gt;tests/unit/test_monitor.py::test_monitor_no_domain&lt;/td&gt;&#34;, &#34;&lt;td class=\&#34;col-duration\&#34;&gt;2 ms&lt;/td&gt;&#34;, &#34;&lt;td class=\&#34;col-links\&#34;&gt;&lt;/td&gt;&#34;], &#34;log&#34;: &#34;No log output captured.&#34;}], &#34;tests/unit/test_mwaa_run_command.py::TestMWAARunCommand::test_run_airflow_command_success&#34;: [{&#34;extras&#34;: [], &#34;result&#34;: &#34;Passed&#34;, &#34;testId&#34;: &#34;tests/unit/test_mwaa_run_command.py::TestMWAARunCommand::test_run_airflow_command_success&#34;, &#34;duration&#34;: &#34;20 ms&#34;, &#34;resultsTableRow&#34;: [&#34;&lt;td class=\&#34;col-result\&#34;&gt;Passed&lt;/td&gt;&#34;, &#34;&lt;td class=\&#34;col-testId\&#34;&gt;tests/unit/test_mwaa_run_command.py::TestMWAARunCommand::test_run_airflow_command_success&lt;/td&gt;&#34;, &#34;&lt;td class=\&#34;col-duration\&#34;&gt;20 ms&lt;/td&gt;&#34;, &#34;&lt;td class=\&#34;col-links\&#34;&gt;&lt;/td&gt;&#34;], &#34;log&#34;: &#34;No log output captured.&#34;}], &#34;tests/unit/test_mwaa_run_command.py::TestMWAARunCommand::test_run_airflow_command_with_stderr&#34;: [{&#34;extras&#34;: [], &#34;result&#34;: &#34;Passed&#34;, &#34;testId&#34;: &#34;tests/unit/test_mwaa_run_command.py::TestMWAARunCommand::test_run_airflow_command_with_stderr&#34;, &#34;duration&#34;: &#34;1 ms&#34;, &#34;resultsTableRow&#34;: [&#34;&lt;td class=\&#34;col-result\&#34;&gt;Passed&lt;/td&gt;&#34;, &#34;&lt;td class=\&#34;col-testId\&#34;&gt;tests/unit/test_mwaa_run_command.py::TestMWAARunCommand::test_run_airflow_command_with_stderr&lt;/td&gt;&#34;, &#34;&lt;td class=\&#34;col-duration\&#34;&gt;1 ms&lt;/td&gt;&#34;, &#34;&lt;td class=\&#34;col-links\&#34;&gt;&lt;/td&gt;&#34;], &#34;log&#34;: &#34;No log output captured.&#34;}], &#34;tests/unit/test_mwaa_run_command.py::TestMWAARunCommand::test_run_airflow_command_http_error&#34;: [{&#34;extras&#34;: [], &#34;result&#34;: &#34;Passed&#34;, &#34;testId&#34;: &#34;tests/unit/test_mwaa_run_command.py::TestMWAARunCommand::test_run_airflow_command_http_error&#34;, &#34;duration&#34;: &#34;1 ms&#34;, &#34;resultsTableRow&#34;: [&#34;&lt;td class=\&#34;col-result\&#34;&gt;Passed&lt;/td&gt;&#34;, &#34;&lt;td class=\&#34;col-testId\&#34;&gt;tests/unit/test_mwaa_run_command.py::TestMWAARunCommand::test_run_airflow_command_http_error&lt;/td&gt;&#34;, &#34;&lt;td class=\&#34;col-duration\&#34;&gt;1 ms&lt;/td&gt;&#34;, &#34;&lt;td class=\&#34;col-links\&#34;&gt;&lt;/td&gt;&#34;], &#34;log&#34;: &#34;No log output captured.&#34;}], &#34;tests/unit/test_mwaa_run_command.py::TestMWAARunCommand::test_run_airflow_command_token_error&#34;: [{&#34;extras&#34;: [], &#34;result&#34;: &#34;Passed&#34;, &#34;testId&#34;: &#34;tests/unit/test_mwaa_run_command.py::TestMWAARunCommand::test_run_airflow_command_token_error&#34;, &#34;duration&#34;: &#34;1 ms&#34;, &#34;resultsTableRow&#34;: [&#34;&lt;td class=\&#34;col-result\&#34;&gt;Passed&lt;/td&gt;&#34;, &#34;&lt;td class=\&#34;col-testId\&#34;&gt;tests/unit/test_mwaa_run_command.py::TestMWAARunCommand::test_run_airflow_command_token_error&lt;/td&gt;&#34;, &#34;&lt;td class=\&#34;col-duration\&#34;&gt;1 ms&lt;/td&gt;&#34;, &#34;&lt;td class=\&#34;col-links\&#34;&gt;&lt;/td&gt;&#34;], &#34;log&#34;: &#34;No log output captured.&#34;}], &#34;tests/unit/test_mwaa_run_command.py::TestMWAARunCommand::test_run_airflow_command_timeout&#34;: [{&#34;extras&#34;: [], &#34;result&#34;: &#34;Passed&#34;, &#34;testId&#34;: &#34;tests/unit/test_mwaa_run_command.py::TestMWAARunCommand::test_run_airflow_command_timeout&#34;, &#34;duration&#34;: &#34;1 ms&#34;, &#34;resultsTableRow&#34;: [&#34;&lt;td class=\&#34;col-result\&#34;&gt;Passed&lt;/td&gt;&#34;, &#34;&lt;td class=\&#34;col-testId\&#34;&gt;tests/unit/test_mwaa_run_command.py::TestMWAARunCommand::test_run_airflow_command_timeout&lt;/td&gt;&#34;, &#34;&lt;td class=\&#34;col-duration\&#34;&gt;1 ms&lt;/td&gt;&#34;, &#34;&lt;td class=\&#34;col-links\&#34;&gt;&lt;/td&gt;&#34;], &#34;log&#34;: &#34;No log output captured.&#34;}], &#34;tests/unit/test_mwaa_run_command.py::TestMWAARunCommand::test_run_airflow_command_various_commands&#34;: [{&#34;extras&#34;: [], &#34;result&#34;: &#34;Passed&#34;, &#34;testId&#34;: &#34;tests/unit/test_mwaa_run_command.py::TestMWAARunCommand::test_run_airflow_command_various_commands&#34;, &#34;duration&#34;: &#34;2 ms&#34;, &#34;resultsTableRow&#34;: [&#34;&lt;td class=\&#34;col-result\&#34;&gt;Passed&lt;/td&gt;&#34;, &#34;&lt;td class=\&#34;col-testId\&#34;&gt;tests/unit/test_mwaa_run_command.py::TestMWAARunCommand::test_run_airflow_command_various_commands&lt;/td&gt;&#34;, &#34;&lt;td class=\&#34;col-duration\&#34;&gt;2 ms&lt;/td&gt;&#34;, &#34;&lt;td class=\&#34;col-links\&#34;&gt;&lt;/td&gt;&#34;], &#34;log&#34;: &#34;No log output captured.&#34;}], &#34;tests/unit/test_mwaa_run_command.py::TestMWAARunCommand::test_run_airflow_command_result_structure&#34;: [{&#34;extras&#34;: [], &#34;result&#34;: &#34;Passed&#34;, &#34;testId&#34;: &#34;tests/unit/test_mwaa_run_command.py::TestMWAARunCommand::test_run_airflow_command_result_structure&#34;, &#34;duration&#34;: &#34;1 ms&#34;, &#34;resultsTableRow&#34;: [&#34;&lt;td class=\&#34;col-result\&#34;&gt;Passed&lt;/td&gt;&#34;, &#34;&lt;td class=\&#34;col-testId\&#34;&gt;tests/unit/test_mwaa_run_command.py::TestMWAARunCommand::test_run_airflow_command_result_structure&lt;/td&gt;&#34;, &#34;&lt;td class=\&#34;col-duration\&#34;&gt;1 ms&lt;/td&gt;&#34;, &#34;&lt;td class=\&#34;col-links\&#34;&gt;&lt;/td&gt;&#34;], &#34;log&#34;: &#34;No log output captured.&#34;}], &#34;tests/unit/test_pipeline_file_validation.py::TestPipelineFileValidation::test_load_yaml_file_exists&#34;: [{&#34;extras&#34;: [], &#34;result&#34;: &#34;Passed&#34;, &#34;testId&#34;: &#34;tests/unit/test_pipeline_file_validation.py::TestPipelineFileValidation::test_load_yaml_file_exists&#34;, &#34;duration&#34;: &#34;2 ms&#34;, &#34;resultsTableRow&#34;: [&#34;&lt;td class=\&#34;col-result\&#34;&gt;Passed&lt;/td&gt;&#34;, &#34;&lt;td class=\&#34;col-testId\&#34;&gt;tests/unit/test_pipeline_file_validation.py::TestPipelineFileValidation::test_load_yaml_file_exists&lt;/td&gt;&#34;, &#34;&lt;td class=\&#34;col-duration\&#34;&gt;2 ms&lt;/td&gt;&#34;, &#34;&lt;td class=\&#34;col-links\&#34;&gt;&lt;/td&gt;&#34;], &#34;log&#34;: &#34;No log output captured.&#34;}], &#34;tests/unit/test_pipeline_file_validation.py::TestPipelineFileValidation::test_load_yaml_file_not_exists&#34;: [{&#34;extras&#34;: [], &#34;result&#34;: &#34;Passed&#34;, &#34;testId&#34;: &#34;tests/unit/test_pipeline_file_validation.py::TestPipelineFileValidation::test_load_yaml_file_not_exists&#34;, &#34;duration&#34;: &#34;1 ms&#34;, &#34;resultsTableRow&#34;: [&#34;&lt;td class=\&#34;col-result\&#34;&gt;Passed&lt;/td&gt;&#34;, &#34;&lt;td class=\&#34;col-testId\&#34;&gt;tests/unit/test_pipeline_file_validation.py::TestPipelineFileValidation::test_load_yaml_file_not_exists&lt;/td&gt;&#34;, &#34;&lt;td class=\&#34;col-duration\&#34;&gt;1 ms&lt;/td&gt;&#34;, &#34;&lt;td class=\&#34;col-links\&#34;&gt;&lt;/td&gt;&#34;], &#34;log&#34;: &#34;No log output captured.&#34;}], &#34;tests/unit/test_pipeline_file_validation.py::TestPipelineFileValidation::test_load_yaml_default_pipeline_file_not_exists&#34;: [{&#34;extras&#34;: [], &#34;result&#34;: &#34;Failed&#34;, &#34;testId&#34;: &#34;tests/unit/test_pipeline_file_validation.py::TestPipelineFileValidation::test_load_yaml_default_pipeline_file_not_exists&#34;, &#34;duration&#34;: &#34;2 ms&#34;, &#34;resultsTableRow&#34;: [&#34;&lt;td class=\&#34;col-result\&#34;&gt;Failed&lt;/td&gt;&#34;, &#34;&lt;td class=\&#34;col-testId\&#34;&gt;tests/unit/test_pipeline_file_validation.py::TestPipelineFileValidation::test_load_yaml_default_pipeline_file_not_exists&lt;/td&gt;&#34;, &#34;&lt;td class=\&#34;col-duration\&#34;&gt;2 ms&lt;/td&gt;&#34;, &#34;&lt;td class=\&#34;col-links\&#34;&gt;&lt;/td&gt;&#34;], &#34;log&#34;: &#34;self = &amp;lt;tests.unit.test_pipeline_file_validation.TestPipelineFileValidation object at 0x107852d20&amp;gt;\n\n    def test_load_yaml_default_pipeline_file_not_exists(self):\n        &amp;quot;&amp;quot;&amp;quot;Test loading default pipeline.yaml when it doesn&amp;#x27;t exist.&amp;quot;&amp;quot;&amp;quot;\n        # Ensure we&amp;#x27;re not in a directory with pipeline.yaml\n&amp;gt;       original_dir = os.getcwd()\n                       ^^^^^^^^^^^\nE       FileNotFoundError: [Errno 2] No such file or directory\n\n/Users/amirbo/workspaces/ws1/src/SMUS-CICD-pipeline-cli/tests/unit/test_pipeline_file_validation.py:49: FileNotFoundError\n&#34;}], &#34;tests/unit/test_pipeline_file_validation.py::TestPipelineFileValidation::test_load_yaml_empty_file&#34;: [{&#34;extras&#34;: [], &#34;result&#34;: &#34;Passed&#34;, &#34;testId&#34;: &#34;tests/unit/test_pipeline_file_validation.py::TestPipelineFileValidation::test_load_yaml_empty_file&#34;, &#34;duration&#34;: &#34;2 ms&#34;, &#34;resultsTableRow&#34;: [&#34;&lt;td class=\&#34;col-result\&#34;&gt;Passed&lt;/td&gt;&#34;, &#34;&lt;td class=\&#34;col-testId\&#34;&gt;tests/unit/test_pipeline_file_validation.py::TestPipelineFileValidation::test_load_yaml_empty_file&lt;/td&gt;&#34;, &#34;&lt;td class=\&#34;col-duration\&#34;&gt;2 ms&lt;/td&gt;&#34;, &#34;&lt;td class=\&#34;col-links\&#34;&gt;&lt;/td&gt;&#34;], &#34;log&#34;: &#34;No log output captured.&#34;}], &#34;tests/unit/test_pipeline_file_validation.py::TestPipelineFileValidation::test_load_yaml_invalid_yaml&#34;: [{&#34;extras&#34;: [], &#34;result&#34;: &#34;Passed&#34;, &#34;testId&#34;: &#34;tests/unit/test_pipeline_file_validation.py::TestPipelineFileValidation::test_load_yaml_invalid_yaml&#34;, &#34;duration&#34;: &#34;2 ms&#34;, &#34;resultsTableRow&#34;: [&#34;&lt;td class=\&#34;col-result\&#34;&gt;Passed&lt;/td&gt;&#34;, &#34;&lt;td class=\&#34;col-testId\&#34;&gt;tests/unit/test_pipeline_file_validation.py::TestPipelineFileValidation::test_load_yaml_invalid_yaml&lt;/td&gt;&#34;, &#34;&lt;td class=\&#34;col-duration\&#34;&gt;2 ms&lt;/td&gt;&#34;, &#34;&lt;td class=\&#34;col-links\&#34;&gt;&lt;/td&gt;&#34;], &#34;log&#34;: &#34;No log output captured.&#34;}], &#34;tests/unit/test_run.py::TestRunCommand::test_run_missing_workflow_parameter&#34;: [{&#34;extras&#34;: [], &#34;result&#34;: &#34;Passed&#34;, &#34;testId&#34;: &#34;tests/unit/test_run.py::TestRunCommand::test_run_missing_workflow_parameter&#34;, &#34;duration&#34;: &#34;2 ms&#34;, &#34;resultsTableRow&#34;: [&#34;&lt;td class=\&#34;col-result\&#34;&gt;Passed&lt;/td&gt;&#34;, &#34;&lt;td class=\&#34;col-testId\&#34;&gt;tests/unit/test_run.py::TestRunCommand::test_run_missing_workflow_parameter&lt;/td&gt;&#34;, &#34;&lt;td class=\&#34;col-duration\&#34;&gt;2 ms&lt;/td&gt;&#34;, &#34;&lt;td class=\&#34;col-links\&#34;&gt;&lt;/td&gt;&#34;], &#34;log&#34;: &#34;No log output captured.&#34;}], &#34;tests/unit/test_run.py::TestRunCommand::test_run_missing_command_parameter&#34;: [{&#34;extras&#34;: [], &#34;result&#34;: &#34;Passed&#34;, &#34;testId&#34;: &#34;tests/unit/test_run.py::TestRunCommand::test_run_missing_command_parameter&#34;, &#34;duration&#34;: &#34;2 ms&#34;, &#34;resultsTableRow&#34;: [&#34;&lt;td class=\&#34;col-result\&#34;&gt;Passed&lt;/td&gt;&#34;, &#34;&lt;td class=\&#34;col-testId\&#34;&gt;tests/unit/test_run.py::TestRunCommand::test_run_missing_command_parameter&lt;/td&gt;&#34;, &#34;&lt;td class=\&#34;col-duration\&#34;&gt;2 ms&lt;/td&gt;&#34;, &#34;&lt;td class=\&#34;col-links\&#34;&gt;&lt;/td&gt;&#34;], &#34;log&#34;: &#34;No log output captured.&#34;}], &#34;tests/unit/test_run.py::TestRunCommand::test_run_invalid_target&#34;: [{&#34;extras&#34;: [], &#34;result&#34;: &#34;Passed&#34;, &#34;testId&#34;: &#34;tests/unit/test_run.py::TestRunCommand::test_run_invalid_target&#34;, &#34;duration&#34;: &#34;34 ms&#34;, &#34;resultsTableRow&#34;: [&#34;&lt;td class=\&#34;col-result\&#34;&gt;Passed&lt;/td&gt;&#34;, &#34;&lt;td class=\&#34;col-testId\&#34;&gt;tests/unit/test_run.py::TestRunCommand::test_run_invalid_target&lt;/td&gt;&#34;, &#34;&lt;td class=\&#34;col-duration\&#34;&gt;34 ms&lt;/td&gt;&#34;, &#34;&lt;td class=\&#34;col-links\&#34;&gt;&lt;/td&gt;&#34;], &#34;log&#34;: &#34;No log output captured.&#34;}], &#34;tests/unit/test_run.py::TestRunCommand::test_run_successful_command&#34;: [{&#34;extras&#34;: [], &#34;result&#34;: &#34;Passed&#34;, &#34;testId&#34;: &#34;tests/unit/test_run.py::TestRunCommand::test_run_successful_command&#34;, &#34;duration&#34;: &#34;24 ms&#34;, &#34;resultsTableRow&#34;: [&#34;&lt;td class=\&#34;col-result\&#34;&gt;Passed&lt;/td&gt;&#34;, &#34;&lt;td class=\&#34;col-testId\&#34;&gt;tests/unit/test_run.py::TestRunCommand::test_run_successful_command&lt;/td&gt;&#34;, &#34;&lt;td class=\&#34;col-duration\&#34;&gt;24 ms&lt;/td&gt;&#34;, &#34;&lt;td class=\&#34;col-links\&#34;&gt;&lt;/td&gt;&#34;], &#34;log&#34;: &#34;No log output captured.&#34;}], &#34;tests/unit/test_run.py::TestRunCommand::test_run_json_output&#34;: [{&#34;extras&#34;: [], &#34;result&#34;: &#34;Passed&#34;, &#34;testId&#34;: &#34;tests/unit/test_run.py::TestRunCommand::test_run_json_output&#34;, &#34;duration&#34;: &#34;15 ms&#34;, &#34;resultsTableRow&#34;: [&#34;&lt;td class=\&#34;col-result\&#34;&gt;Passed&lt;/td&gt;&#34;, &#34;&lt;td class=\&#34;col-testId\&#34;&gt;tests/unit/test_run.py::TestRunCommand::test_run_json_output&lt;/td&gt;&#34;, &#34;&lt;td class=\&#34;col-duration\&#34;&gt;15 ms&lt;/td&gt;&#34;, &#34;&lt;td class=\&#34;col-links\&#34;&gt;&lt;/td&gt;&#34;], &#34;log&#34;: &#34;No log output captured.&#34;}], &#34;tests/unit/test_run.py::TestRunCommand::test_run_project_info_failure&#34;: [{&#34;extras&#34;: [], &#34;result&#34;: &#34;Passed&#34;, &#34;testId&#34;: &#34;tests/unit/test_run.py::TestRunCommand::test_run_project_info_failure&#34;, &#34;duration&#34;: &#34;13 ms&#34;, &#34;resultsTableRow&#34;: [&#34;&lt;td class=\&#34;col-result\&#34;&gt;Passed&lt;/td&gt;&#34;, &#34;&lt;td class=\&#34;col-testId\&#34;&gt;tests/unit/test_run.py::TestRunCommand::test_run_project_info_failure&lt;/td&gt;&#34;, &#34;&lt;td class=\&#34;col-duration\&#34;&gt;13 ms&lt;/td&gt;&#34;, &#34;&lt;td class=\&#34;col-links\&#34;&gt;&lt;/td&gt;&#34;], &#34;log&#34;: &#34;No log output captured.&#34;}], &#34;tests/unit/test_run.py::TestRunCommand::test_run_help_message&#34;: [{&#34;extras&#34;: [], &#34;result&#34;: &#34;Passed&#34;, &#34;testId&#34;: &#34;tests/unit/test_run.py::TestRunCommand::test_run_help_message&#34;, &#34;duration&#34;: &#34;7 ms&#34;, &#34;resultsTableRow&#34;: [&#34;&lt;td class=\&#34;col-result\&#34;&gt;Passed&lt;/td&gt;&#34;, &#34;&lt;td class=\&#34;col-testId\&#34;&gt;tests/unit/test_run.py::TestRunCommand::test_run_help_message&lt;/td&gt;&#34;, &#34;&lt;td class=\&#34;col-duration\&#34;&gt;7 ms&lt;/td&gt;&#34;, &#34;&lt;td class=\&#34;col-links\&#34;&gt;&lt;/td&gt;&#34;], &#34;log&#34;: &#34;No log output captured.&#34;}], &#34;tests/unit/test_s3_bundle_storage.py::TestS3BundleStorage::test_is_s3_url&#34;: [{&#34;extras&#34;: [], &#34;result&#34;: &#34;Passed&#34;, &#34;testId&#34;: &#34;tests/unit/test_s3_bundle_storage.py::TestS3BundleStorage::test_is_s3_url&#34;, &#34;duration&#34;: &#34;1 ms&#34;, &#34;resultsTableRow&#34;: [&#34;&lt;td class=\&#34;col-result\&#34;&gt;Passed&lt;/td&gt;&#34;, &#34;&lt;td class=\&#34;col-testId\&#34;&gt;tests/unit/test_s3_bundle_storage.py::TestS3BundleStorage::test_is_s3_url&lt;/td&gt;&#34;, &#34;&lt;td class=\&#34;col-duration\&#34;&gt;1 ms&lt;/td&gt;&#34;, &#34;&lt;td class=\&#34;col-links\&#34;&gt;&lt;/td&gt;&#34;], &#34;log&#34;: &#34;No log output captured.&#34;}], &#34;tests/unit/test_s3_bundle_storage.py::TestS3BundleStorage::test_parse_s3_url&#34;: [{&#34;extras&#34;: [], &#34;result&#34;: &#34;Passed&#34;, &#34;testId&#34;: &#34;tests/unit/test_s3_bundle_storage.py::TestS3BundleStorage::test_parse_s3_url&#34;, &#34;duration&#34;: &#34;0 ms&#34;, &#34;resultsTableRow&#34;: [&#34;&lt;td class=\&#34;col-result\&#34;&gt;Passed&lt;/td&gt;&#34;, &#34;&lt;td class=\&#34;col-testId\&#34;&gt;tests/unit/test_s3_bundle_storage.py::TestS3BundleStorage::test_parse_s3_url&lt;/td&gt;&#34;, &#34;&lt;td class=\&#34;col-duration\&#34;&gt;0 ms&lt;/td&gt;&#34;, &#34;&lt;td class=\&#34;col-links\&#34;&gt;&lt;/td&gt;&#34;], &#34;log&#34;: &#34;No log output captured.&#34;}], &#34;tests/unit/test_s3_bundle_storage.py::TestS3BundleStorage::test_get_bundle_path_local&#34;: [{&#34;extras&#34;: [], &#34;result&#34;: &#34;Passed&#34;, &#34;testId&#34;: &#34;tests/unit/test_s3_bundle_storage.py::TestS3BundleStorage::test_get_bundle_path_local&#34;, &#34;duration&#34;: &#34;0 ms&#34;, &#34;resultsTableRow&#34;: [&#34;&lt;td class=\&#34;col-result\&#34;&gt;Passed&lt;/td&gt;&#34;, &#34;&lt;td class=\&#34;col-testId\&#34;&gt;tests/unit/test_s3_bundle_storage.py::TestS3BundleStorage::test_get_bundle_path_local&lt;/td&gt;&#34;, &#34;&lt;td class=\&#34;col-duration\&#34;&gt;0 ms&lt;/td&gt;&#34;, &#34;&lt;td class=\&#34;col-links\&#34;&gt;&lt;/td&gt;&#34;], &#34;log&#34;: &#34;No log output captured.&#34;}], &#34;tests/unit/test_s3_bundle_storage.py::TestS3BundleStorage::test_get_bundle_path_s3&#34;: [{&#34;extras&#34;: [], &#34;result&#34;: &#34;Passed&#34;, &#34;testId&#34;: &#34;tests/unit/test_s3_bundle_storage.py::TestS3BundleStorage::test_get_bundle_path_s3&#34;, &#34;duration&#34;: &#34;0 ms&#34;, &#34;resultsTableRow&#34;: [&#34;&lt;td class=\&#34;col-result\&#34;&gt;Passed&lt;/td&gt;&#34;, &#34;&lt;td class=\&#34;col-testId\&#34;&gt;tests/unit/test_s3_bundle_storage.py::TestS3BundleStorage::test_get_bundle_path_s3&lt;/td&gt;&#34;, &#34;&lt;td class=\&#34;col-duration\&#34;&gt;0 ms&lt;/td&gt;&#34;, &#34;&lt;td class=\&#34;col-links\&#34;&gt;&lt;/td&gt;&#34;], &#34;log&#34;: &#34;No log output captured.&#34;}], &#34;tests/unit/test_s3_bundle_storage.py::TestS3BundleStorage::test_ensure_bundle_directory_exists_local&#34;: [{&#34;extras&#34;: [], &#34;result&#34;: &#34;Passed&#34;, &#34;testId&#34;: &#34;tests/unit/test_s3_bundle_storage.py::TestS3BundleStorage::test_ensure_bundle_directory_exists_local&#34;, &#34;duration&#34;: &#34;2 ms&#34;, &#34;resultsTableRow&#34;: [&#34;&lt;td class=\&#34;col-result\&#34;&gt;Passed&lt;/td&gt;&#34;, &#34;&lt;td class=\&#34;col-testId\&#34;&gt;tests/unit/test_s3_bundle_storage.py::TestS3BundleStorage::test_ensure_bundle_directory_exists_local&lt;/td&gt;&#34;, &#34;&lt;td class=\&#34;col-duration\&#34;&gt;2 ms&lt;/td&gt;&#34;, &#34;&lt;td class=\&#34;col-links\&#34;&gt;&lt;/td&gt;&#34;], &#34;log&#34;: &#34;No log output captured.&#34;}], &#34;tests/unit/test_s3_bundle_storage.py::TestS3BundleStorage::test_ensure_bundle_directory_exists_s3&#34;: [{&#34;extras&#34;: [], &#34;result&#34;: &#34;Passed&#34;, &#34;testId&#34;: &#34;tests/unit/test_s3_bundle_storage.py::TestS3BundleStorage::test_ensure_bundle_directory_exists_s3&#34;, &#34;duration&#34;: &#34;1 ms&#34;, &#34;resultsTableRow&#34;: [&#34;&lt;td class=\&#34;col-result\&#34;&gt;Passed&lt;/td&gt;&#34;, &#34;&lt;td class=\&#34;col-testId\&#34;&gt;tests/unit/test_s3_bundle_storage.py::TestS3BundleStorage::test_ensure_bundle_directory_exists_s3&lt;/td&gt;&#34;, &#34;&lt;td class=\&#34;col-duration\&#34;&gt;1 ms&lt;/td&gt;&#34;, &#34;&lt;td class=\&#34;col-links\&#34;&gt;&lt;/td&gt;&#34;], &#34;log&#34;: &#34;No log output captured.&#34;}], &#34;tests/unit/test_s3_bundle_storage.py::TestS3BundleStorage::test_upload_bundle_local&#34;: [{&#34;extras&#34;: [], &#34;result&#34;: &#34;Passed&#34;, &#34;testId&#34;: &#34;tests/unit/test_s3_bundle_storage.py::TestS3BundleStorage::test_upload_bundle_local&#34;, &#34;duration&#34;: &#34;2 ms&#34;, &#34;resultsTableRow&#34;: [&#34;&lt;td class=\&#34;col-result\&#34;&gt;Passed&lt;/td&gt;&#34;, &#34;&lt;td class=\&#34;col-testId\&#34;&gt;tests/unit/test_s3_bundle_storage.py::TestS3BundleStorage::test_upload_bundle_local&lt;/td&gt;&#34;, &#34;&lt;td class=\&#34;col-duration\&#34;&gt;2 ms&lt;/td&gt;&#34;, &#34;&lt;td class=\&#34;col-links\&#34;&gt;&lt;/td&gt;&#34;], &#34;log&#34;: &#34;No log output captured.&#34;}], &#34;tests/unit/test_s3_bundle_storage.py::TestS3BundleStorage::test_upload_bundle_s3&#34;: [{&#34;extras&#34;: [], &#34;result&#34;: &#34;Passed&#34;, &#34;testId&#34;: &#34;tests/unit/test_s3_bundle_storage.py::TestS3BundleStorage::test_upload_bundle_s3&#34;, &#34;duration&#34;: &#34;1 ms&#34;, &#34;resultsTableRow&#34;: [&#34;&lt;td class=\&#34;col-result\&#34;&gt;Passed&lt;/td&gt;&#34;, &#34;&lt;td class=\&#34;col-testId\&#34;&gt;tests/unit/test_s3_bundle_storage.py::TestS3BundleStorage::test_upload_bundle_s3&lt;/td&gt;&#34;, &#34;&lt;td class=\&#34;col-duration\&#34;&gt;1 ms&lt;/td&gt;&#34;, &#34;&lt;td class=\&#34;col-links\&#34;&gt;&lt;/td&gt;&#34;], &#34;log&#34;: &#34;No log output captured.&#34;}], &#34;tests/unit/test_s3_bundle_storage.py::TestS3BundleStorage::test_download_bundle_local&#34;: [{&#34;extras&#34;: [], &#34;result&#34;: &#34;Passed&#34;, &#34;testId&#34;: &#34;tests/unit/test_s3_bundle_storage.py::TestS3BundleStorage::test_download_bundle_local&#34;, &#34;duration&#34;: &#34;1 ms&#34;, &#34;resultsTableRow&#34;: [&#34;&lt;td class=\&#34;col-result\&#34;&gt;Passed&lt;/td&gt;&#34;, &#34;&lt;td class=\&#34;col-testId\&#34;&gt;tests/unit/test_s3_bundle_storage.py::TestS3BundleStorage::test_download_bundle_local&lt;/td&gt;&#34;, &#34;&lt;td class=\&#34;col-duration\&#34;&gt;1 ms&lt;/td&gt;&#34;, &#34;&lt;td class=\&#34;col-links\&#34;&gt;&lt;/td&gt;&#34;], &#34;log&#34;: &#34;No log output captured.&#34;}], &#34;tests/unit/test_s3_bundle_storage.py::TestS3BundleStorage::test_download_bundle_s3&#34;: [{&#34;extras&#34;: [], &#34;result&#34;: &#34;Passed&#34;, &#34;testId&#34;: &#34;tests/unit/test_s3_bundle_storage.py::TestS3BundleStorage::test_download_bundle_s3&#34;, &#34;duration&#34;: &#34;1 ms&#34;, &#34;resultsTableRow&#34;: [&#34;&lt;td class=\&#34;col-result\&#34;&gt;Passed&lt;/td&gt;&#34;, &#34;&lt;td class=\&#34;col-testId\&#34;&gt;tests/unit/test_s3_bundle_storage.py::TestS3BundleStorage::test_download_bundle_s3&lt;/td&gt;&#34;, &#34;&lt;td class=\&#34;col-duration\&#34;&gt;1 ms&lt;/td&gt;&#34;, &#34;&lt;td class=\&#34;col-links\&#34;&gt;&lt;/td&gt;&#34;], &#34;log&#34;: &#34;No log output captured.&#34;}], &#34;tests/unit/test_s3_bundle_storage.py::TestS3BundleStorage::test_find_bundle_file_local&#34;: [{&#34;extras&#34;: [], &#34;result&#34;: &#34;Passed&#34;, &#34;testId&#34;: &#34;tests/unit/test_s3_bundle_storage.py::TestS3BundleStorage::test_find_bundle_file_local&#34;, &#34;duration&#34;: &#34;3 ms&#34;, &#34;resultsTableRow&#34;: [&#34;&lt;td class=\&#34;col-result\&#34;&gt;Passed&lt;/td&gt;&#34;, &#34;&lt;td class=\&#34;col-testId\&#34;&gt;tests/unit/test_s3_bundle_storage.py::TestS3BundleStorage::test_find_bundle_file_local&lt;/td&gt;&#34;, &#34;&lt;td class=\&#34;col-duration\&#34;&gt;3 ms&lt;/td&gt;&#34;, &#34;&lt;td class=\&#34;col-links\&#34;&gt;&lt;/td&gt;&#34;], &#34;log&#34;: &#34;No log output captured.&#34;}], &#34;tests/unit/test_s3_bundle_storage.py::TestS3BundleStorage::test_find_bundle_file_s3&#34;: [{&#34;extras&#34;: [], &#34;result&#34;: &#34;Passed&#34;, &#34;testId&#34;: &#34;tests/unit/test_s3_bundle_storage.py::TestS3BundleStorage::test_find_bundle_file_s3&#34;, &#34;duration&#34;: &#34;1 ms&#34;, &#34;resultsTableRow&#34;: [&#34;&lt;td class=\&#34;col-result\&#34;&gt;Passed&lt;/td&gt;&#34;, &#34;&lt;td class=\&#34;col-testId\&#34;&gt;tests/unit/test_s3_bundle_storage.py::TestS3BundleStorage::test_find_bundle_file_s3&lt;/td&gt;&#34;, &#34;&lt;td class=\&#34;col-duration\&#34;&gt;1 ms&lt;/td&gt;&#34;, &#34;&lt;td class=\&#34;col-links\&#34;&gt;&lt;/td&gt;&#34;], &#34;log&#34;: &#34;No log output captured.&#34;}], &#34;tests/unit/test_s3_bundle_storage.py::TestS3BundleStorage::test_find_bundle_file_s3_fallback&#34;: [{&#34;extras&#34;: [], &#34;result&#34;: &#34;Passed&#34;, &#34;testId&#34;: &#34;tests/unit/test_s3_bundle_storage.py::TestS3BundleStorage::test_find_bundle_file_s3_fallback&#34;, &#34;duration&#34;: &#34;1 ms&#34;, &#34;resultsTableRow&#34;: [&#34;&lt;td class=\&#34;col-result\&#34;&gt;Passed&lt;/td&gt;&#34;, &#34;&lt;td class=\&#34;col-testId\&#34;&gt;tests/unit/test_s3_bundle_storage.py::TestS3BundleStorage::test_find_bundle_file_s3_fallback&lt;/td&gt;&#34;, &#34;&lt;td class=\&#34;col-duration\&#34;&gt;1 ms&lt;/td&gt;&#34;, &#34;&lt;td class=\&#34;col-links\&#34;&gt;&lt;/td&gt;&#34;], &#34;log&#34;: &#34;No log output captured.&#34;}], &#34;tests/unit/test_s3_bundle_storage.py::TestS3BundleIntegration::test_s3_bundle_workflow&#34;: [{&#34;extras&#34;: [], &#34;result&#34;: &#34;Passed&#34;, &#34;testId&#34;: &#34;tests/unit/test_s3_bundle_storage.py::TestS3BundleIntegration::test_s3_bundle_workflow&#34;, &#34;duration&#34;: &#34;2 ms&#34;, &#34;resultsTableRow&#34;: [&#34;&lt;td class=\&#34;col-result\&#34;&gt;Passed&lt;/td&gt;&#34;, &#34;&lt;td class=\&#34;col-testId\&#34;&gt;tests/unit/test_s3_bundle_storage.py::TestS3BundleIntegration::test_s3_bundle_workflow&lt;/td&gt;&#34;, &#34;&lt;td class=\&#34;col-duration\&#34;&gt;2 ms&lt;/td&gt;&#34;, &#34;&lt;td class=\&#34;col-links\&#34;&gt;&lt;/td&gt;&#34;], &#34;log&#34;: &#34;No log output captured.&#34;}], &#34;tests/unit/test_temp_directories.py::test_bundle_uses_temp_directory&#34;: [{&#34;extras&#34;: [], &#34;result&#34;: &#34;Failed&#34;, &#34;testId&#34;: &#34;tests/unit/test_temp_directories.py::test_bundle_uses_temp_directory&#34;, &#34;duration&#34;: &#34;4 ms&#34;, &#34;resultsTableRow&#34;: [&#34;&lt;td class=\&#34;col-result\&#34;&gt;Failed&lt;/td&gt;&#34;, &#34;&lt;td class=\&#34;col-testId\&#34;&gt;tests/unit/test_temp_directories.py::test_bundle_uses_temp_directory&lt;/td&gt;&#34;, &#34;&lt;td class=\&#34;col-duration\&#34;&gt;4 ms&lt;/td&gt;&#34;, &#34;&lt;td class=\&#34;col-links\&#34;&gt;&lt;/td&gt;&#34;], &#34;log&#34;: &#34;sample_manifest = &amp;quot;\\npipelineName: TestPipeline\\ndomain:\\n  name: test-domain\\n  region: us-east-1\\nbundlesDirectory: ./bundles\\nbundle:... include: [&amp;#x27;workflows/&amp;#x27;]\\ntargets:\\n  dev:\\n    stage: DEV\\n    default: true\\n    project:\\n      name: dev-project\\n&amp;quot;\n\n    def test_bundle_uses_temp_directory(sample_manifest):\n        &amp;quot;&amp;quot;&amp;quot;Test that bundle command uses proper temporary directory.&amp;quot;&amp;quot;&amp;quot;\n        mock_project_info = {\n            &amp;#x27;connections&amp;#x27;: {\n                &amp;#x27;default.s3_shared&amp;#x27;: {\n                    &amp;#x27;s3Uri&amp;#x27;: &amp;#x27;s3://test-bucket/path/&amp;#x27;\n                }\n            }\n        }\n    \n        with patch(&amp;quot;builtins.open&amp;quot;, mock_open(read_data=sample_manifest)):\n            with patch(&amp;quot;smus_cicd.helpers.utils.load_config&amp;quot;, return_value={&amp;#x27;region&amp;#x27;: &amp;#x27;us-east-1&amp;#x27;}):\n                with patch(&amp;quot;smus_cicd.helpers.utils.get_datazone_project_info&amp;quot;, return_value=mock_project_info):\n                    with patch(&amp;quot;tempfile.TemporaryDirectory&amp;quot;) as mock_temp:\n                        mock_temp_dir = MagicMock()\n                        mock_temp_dir.__enter__.return_value = &amp;quot;/tmp/smus_bundle_test123&amp;quot;\n                        mock_temp.return_value = mock_temp_dir\n    \n                        with patch(&amp;quot;os.makedirs&amp;quot;):\n                            with patch(&amp;quot;boto3.client&amp;quot;):\n                                with patch(&amp;quot;smus_cicd.helpers.deployment.download_s3_files&amp;quot;, return_value=0):\n                                    result = runner.invoke(app, [&amp;quot;bundle&amp;quot;])\n    \n                                    # Verify TemporaryDirectory was called with proper prefix\n&amp;gt;                                   mock_temp.assert_called_with(prefix=&amp;quot;smus_bundle_&amp;quot;)\n\n/Users/amirbo/workspaces/ws1/src/SMUS-CICD-pipeline-cli/tests/unit/test_temp_directories.py:54: \n_ _ _ _ _ _ _ _ _ _ _ _ _ _ _ _ _ _ _ _ _ _ _ _ _ _ _ _ _ _ _ _ _ _ _ _ _ _ _ _ \n\nself = &amp;lt;MagicMock name=&amp;#x27;TemporaryDirectory&amp;#x27; id=&amp;#x27;4567514000&amp;#x27;&amp;gt;, args = ()\nkwargs = {&amp;#x27;prefix&amp;#x27;: &amp;#x27;smus_bundle_&amp;#x27;}\nexpected = &amp;quot;TemporaryDirectory(prefix=&amp;#x27;smus_bundle_&amp;#x27;)&amp;quot;, actual = &amp;#x27;not called.&amp;#x27;\nerror_message = &amp;quot;expected call not found.\\nExpected: TemporaryDirectory(prefix=&amp;#x27;smus_bundle_&amp;#x27;)\\n  Actual: not called.&amp;quot;\n\n    def assert_called_with(self, /, *args, **kwargs):\n        &amp;quot;&amp;quot;&amp;quot;assert that the last call was made with the specified arguments.\n    \n        Raises an AssertionError if the args and keyword args passed in are\n        different to the last call to the mock.&amp;quot;&amp;quot;&amp;quot;\n        if self.call_args is None:\n            expected = self._format_mock_call_signature(args, kwargs)\n            actual = &amp;#x27;not called.&amp;#x27;\n            error_message = (&amp;#x27;expected call not found.\\nExpected: %s\\n  Actual: %s&amp;#x27;\n                    % (expected, actual))\n&amp;gt;           raise AssertionError(error_message)\nE           AssertionError: expected call not found.\nE           Expected: TemporaryDirectory(prefix=&amp;#x27;smus_bundle_&amp;#x27;)\nE             Actual: not called.\n\n/Users/amirbo/.local/share/mise/installs/python/3.12.11/lib/python3.12/unittest/mock.py:940: AssertionError\n&#34;}], &#34;tests/unit/test_temp_directories.py::test_deploy_command_exists&#34;: [{&#34;extras&#34;: [], &#34;result&#34;: &#34;Passed&#34;, &#34;testId&#34;: &#34;tests/unit/test_temp_directories.py::test_deploy_command_exists&#34;, &#34;duration&#34;: &#34;4 ms&#34;, &#34;resultsTableRow&#34;: [&#34;&lt;td class=\&#34;col-result\&#34;&gt;Passed&lt;/td&gt;&#34;, &#34;&lt;td class=\&#34;col-testId\&#34;&gt;tests/unit/test_temp_directories.py::test_deploy_command_exists&lt;/td&gt;&#34;, &#34;&lt;td class=\&#34;col-duration\&#34;&gt;4 ms&lt;/td&gt;&#34;, &#34;&lt;td class=\&#34;col-links\&#34;&gt;&lt;/td&gt;&#34;], &#34;log&#34;: &#34;No log output captured.&#34;}], &#34;tests/unit/test_temp_directories.py::test_temp_directory_prefix_usage&#34;: [{&#34;extras&#34;: [], &#34;result&#34;: &#34;Passed&#34;, &#34;testId&#34;: &#34;tests/unit/test_temp_directories.py::test_temp_directory_prefix_usage&#34;, &#34;duration&#34;: &#34;1 ms&#34;, &#34;resultsTableRow&#34;: [&#34;&lt;td class=\&#34;col-result\&#34;&gt;Passed&lt;/td&gt;&#34;, &#34;&lt;td class=\&#34;col-testId\&#34;&gt;tests/unit/test_temp_directories.py::test_temp_directory_prefix_usage&lt;/td&gt;&#34;, &#34;&lt;td class=\&#34;col-duration\&#34;&gt;1 ms&lt;/td&gt;&#34;, &#34;&lt;td class=\&#34;col-links\&#34;&gt;&lt;/td&gt;&#34;], &#34;log&#34;: &#34;No log output captured.&#34;}], &#34;tests/unit/test_test_command.py::TestTestCommand::test_test_command_no_tests_configured&#34;: [{&#34;extras&#34;: [], &#34;result&#34;: &#34;Passed&#34;, &#34;testId&#34;: &#34;tests/unit/test_test_command.py::TestTestCommand::test_test_command_no_tests_configured&#34;, &#34;duration&#34;: &#34;16 ms&#34;, &#34;resultsTableRow&#34;: [&#34;&lt;td class=\&#34;col-result\&#34;&gt;Passed&lt;/td&gt;&#34;, &#34;&lt;td class=\&#34;col-testId\&#34;&gt;tests/unit/test_test_command.py::TestTestCommand::test_test_command_no_tests_configured&lt;/td&gt;&#34;, &#34;&lt;td class=\&#34;col-duration\&#34;&gt;16 ms&lt;/td&gt;&#34;, &#34;&lt;td class=\&#34;col-links\&#34;&gt;&lt;/td&gt;&#34;], &#34;log&#34;: &#34;No log output captured.&#34;}], &#34;tests/unit/test_test_command.py::TestTestCommand::test_test_command_missing_test_folder&#34;: [{&#34;extras&#34;: [], &#34;result&#34;: &#34;Passed&#34;, &#34;testId&#34;: &#34;tests/unit/test_test_command.py::TestTestCommand::test_test_command_missing_test_folder&#34;, &#34;duration&#34;: &#34;13 ms&#34;, &#34;resultsTableRow&#34;: [&#34;&lt;td class=\&#34;col-result\&#34;&gt;Passed&lt;/td&gt;&#34;, &#34;&lt;td class=\&#34;col-testId\&#34;&gt;tests/unit/test_test_command.py::TestTestCommand::test_test_command_missing_test_folder&lt;/td&gt;&#34;, &#34;&lt;td class=\&#34;col-duration\&#34;&gt;13 ms&lt;/td&gt;&#34;, &#34;&lt;td class=\&#34;col-links\&#34;&gt;&lt;/td&gt;&#34;], &#34;log&#34;: &#34;No log output captured.&#34;}], &#34;tests/unit/test_test_command.py::TestTestCommand::test_test_command_with_test_folder&#34;: [{&#34;extras&#34;: [], &#34;result&#34;: &#34;Passed&#34;, &#34;testId&#34;: &#34;tests/unit/test_test_command.py::TestTestCommand::test_test_command_with_test_folder&#34;, &#34;duration&#34;: &#34;441 ms&#34;, &#34;resultsTableRow&#34;: [&#34;&lt;td class=\&#34;col-result\&#34;&gt;Passed&lt;/td&gt;&#34;, &#34;&lt;td class=\&#34;col-testId\&#34;&gt;tests/unit/test_test_command.py::TestTestCommand::test_test_command_with_test_folder&lt;/td&gt;&#34;, &#34;&lt;td class=\&#34;col-duration\&#34;&gt;441 ms&lt;/td&gt;&#34;, &#34;&lt;td class=\&#34;col-links\&#34;&gt;&lt;/td&gt;&#34;], &#34;log&#34;: &#34;No log output captured.&#34;}], &#34;tests/unit/test_test_command.py::TestTestCommand::test_test_command_json_output&#34;: [{&#34;extras&#34;: [], &#34;result&#34;: &#34;Passed&#34;, &#34;testId&#34;: &#34;tests/unit/test_test_command.py::TestTestCommand::test_test_command_json_output&#34;, &#34;duration&#34;: &#34;21 ms&#34;, &#34;resultsTableRow&#34;: [&#34;&lt;td class=\&#34;col-result\&#34;&gt;Passed&lt;/td&gt;&#34;, &#34;&lt;td class=\&#34;col-testId\&#34;&gt;tests/unit/test_test_command.py::TestTestCommand::test_test_command_json_output&lt;/td&gt;&#34;, &#34;&lt;td class=\&#34;col-duration\&#34;&gt;21 ms&lt;/td&gt;&#34;, &#34;&lt;td class=\&#34;col-links\&#34;&gt;&lt;/td&gt;&#34;], &#34;log&#34;: &#34;No log output captured.&#34;}], &#34;tests/unit/test_test_command.py::TestTestCommand::test_test_command_specific_target&#34;: [{&#34;extras&#34;: [], &#34;result&#34;: &#34;Passed&#34;, &#34;testId&#34;: &#34;tests/unit/test_test_command.py::TestTestCommand::test_test_command_specific_target&#34;, &#34;duration&#34;: &#34;22 ms&#34;, &#34;resultsTableRow&#34;: [&#34;&lt;td class=\&#34;col-result\&#34;&gt;Passed&lt;/td&gt;&#34;, &#34;&lt;td class=\&#34;col-testId\&#34;&gt;tests/unit/test_test_command.py::TestTestCommand::test_test_command_specific_target&lt;/td&gt;&#34;, &#34;&lt;td class=\&#34;col-duration\&#34;&gt;22 ms&lt;/td&gt;&#34;, &#34;&lt;td class=\&#34;col-links\&#34;&gt;&lt;/td&gt;&#34;], &#34;log&#34;: &#34;No log output captured.&#34;}], &#34;tests/unit/test_test_command.py::TestTestCommand::test_test_command_invalid_target&#34;: [{&#34;extras&#34;: [], &#34;result&#34;: &#34;Passed&#34;, &#34;testId&#34;: &#34;tests/unit/test_test_command.py::TestTestCommand::test_test_command_invalid_target&#34;, &#34;duration&#34;: &#34;12 ms&#34;, &#34;resultsTableRow&#34;: [&#34;&lt;td class=\&#34;col-result\&#34;&gt;Passed&lt;/td&gt;&#34;, &#34;&lt;td class=\&#34;col-testId\&#34;&gt;tests/unit/test_test_command.py::TestTestCommand::test_test_command_invalid_target&lt;/td&gt;&#34;, &#34;&lt;td class=\&#34;col-duration\&#34;&gt;12 ms&lt;/td&gt;&#34;, &#34;&lt;td class=\&#34;col-links\&#34;&gt;&lt;/td&gt;&#34;], &#34;log&#34;: &#34;No log output captured.&#34;}], &#34;tests/unit/test_test_command.py::TestTestCommand::test_test_command_verbose_output&#34;: [{&#34;extras&#34;: [], &#34;result&#34;: &#34;Passed&#34;, &#34;testId&#34;: &#34;tests/unit/test_test_command.py::TestTestCommand::test_test_command_verbose_output&#34;, &#34;duration&#34;: &#34;12 ms&#34;, &#34;resultsTableRow&#34;: [&#34;&lt;td class=\&#34;col-result\&#34;&gt;Passed&lt;/td&gt;&#34;, &#34;&lt;td class=\&#34;col-testId\&#34;&gt;tests/unit/test_test_command.py::TestTestCommand::test_test_command_verbose_output&lt;/td&gt;&#34;, &#34;&lt;td class=\&#34;col-duration\&#34;&gt;12 ms&lt;/td&gt;&#34;, &#34;&lt;td class=\&#34;col-links\&#34;&gt;&lt;/td&gt;&#34;], &#34;log&#34;: &#34;No log output captured.&#34;}], &#34;tests/unit/test_validation.py::TestManifestValidation::test_valid_manifest&#34;: [{&#34;extras&#34;: [], &#34;result&#34;: &#34;Passed&#34;, &#34;testId&#34;: &#34;tests/unit/test_validation.py::TestManifestValidation::test_valid_manifest&#34;, &#34;duration&#34;: &#34;21 ms&#34;, &#34;resultsTableRow&#34;: [&#34;&lt;td class=\&#34;col-result\&#34;&gt;Passed&lt;/td&gt;&#34;, &#34;&lt;td class=\&#34;col-testId\&#34;&gt;tests/unit/test_validation.py::TestManifestValidation::test_valid_manifest&lt;/td&gt;&#34;, &#34;&lt;td class=\&#34;col-duration\&#34;&gt;21 ms&lt;/td&gt;&#34;, &#34;&lt;td class=\&#34;col-links\&#34;&gt;&lt;/td&gt;&#34;], &#34;log&#34;: &#34;No log output captured.&#34;}], &#34;tests/unit/test_validation.py::TestManifestValidation::test_invalid_yaml_syntax&#34;: [{&#34;extras&#34;: [], &#34;result&#34;: &#34;Passed&#34;, &#34;testId&#34;: &#34;tests/unit/test_validation.py::TestManifestValidation::test_invalid_yaml_syntax&#34;, &#34;duration&#34;: &#34;11 ms&#34;, &#34;resultsTableRow&#34;: [&#34;&lt;td class=\&#34;col-result\&#34;&gt;Passed&lt;/td&gt;&#34;, &#34;&lt;td class=\&#34;col-testId\&#34;&gt;tests/unit/test_validation.py::TestManifestValidation::test_invalid_yaml_syntax&lt;/td&gt;&#34;, &#34;&lt;td class=\&#34;col-duration\&#34;&gt;11 ms&lt;/td&gt;&#34;, &#34;&lt;td class=\&#34;col-links\&#34;&gt;&lt;/td&gt;&#34;], &#34;log&#34;: &#34;No log output captured.&#34;}], &#34;tests/unit/test_validation.py::TestManifestValidation::test_missing_required_field_pipeline_name&#34;: [{&#34;extras&#34;: [], &#34;result&#34;: &#34;Passed&#34;, &#34;testId&#34;: &#34;tests/unit/test_validation.py::TestManifestValidation::test_missing_required_field_pipeline_name&#34;, &#34;duration&#34;: &#34;20 ms&#34;, &#34;resultsTableRow&#34;: [&#34;&lt;td class=\&#34;col-result\&#34;&gt;Passed&lt;/td&gt;&#34;, &#34;&lt;td class=\&#34;col-testId\&#34;&gt;tests/unit/test_validation.py::TestManifestValidation::test_missing_required_field_pipeline_name&lt;/td&gt;&#34;, &#34;&lt;td class=\&#34;col-duration\&#34;&gt;20 ms&lt;/td&gt;&#34;, &#34;&lt;td class=\&#34;col-links\&#34;&gt;&lt;/td&gt;&#34;], &#34;log&#34;: &#34;No log output captured.&#34;}], &#34;tests/unit/test_validation.py::TestManifestValidation::test_missing_required_field_domain&#34;: [{&#34;extras&#34;: [], &#34;result&#34;: &#34;Passed&#34;, &#34;testId&#34;: &#34;tests/unit/test_validation.py::TestManifestValidation::test_missing_required_field_domain&#34;, &#34;duration&#34;: &#34;19 ms&#34;, &#34;resultsTableRow&#34;: [&#34;&lt;td class=\&#34;col-result\&#34;&gt;Passed&lt;/td&gt;&#34;, &#34;&lt;td class=\&#34;col-testId\&#34;&gt;tests/unit/test_validation.py::TestManifestValidation::test_missing_required_field_domain&lt;/td&gt;&#34;, &#34;&lt;td class=\&#34;col-duration\&#34;&gt;19 ms&lt;/td&gt;&#34;, &#34;&lt;td class=\&#34;col-links\&#34;&gt;&lt;/td&gt;&#34;], &#34;log&#34;: &#34;No log output captured.&#34;}], &#34;tests/unit/test_validation.py::TestManifestValidation::test_missing_required_field_targets&#34;: [{&#34;extras&#34;: [], &#34;result&#34;: &#34;Passed&#34;, &#34;testId&#34;: &#34;tests/unit/test_validation.py::TestManifestValidation::test_missing_required_field_targets&#34;, &#34;duration&#34;: &#34;19 ms&#34;, &#34;resultsTableRow&#34;: [&#34;&lt;td class=\&#34;col-result\&#34;&gt;Passed&lt;/td&gt;&#34;, &#34;&lt;td class=\&#34;col-testId\&#34;&gt;tests/unit/test_validation.py::TestManifestValidation::test_missing_required_field_targets&lt;/td&gt;&#34;, &#34;&lt;td class=\&#34;col-duration\&#34;&gt;19 ms&lt;/td&gt;&#34;, &#34;&lt;td class=\&#34;col-links\&#34;&gt;&lt;/td&gt;&#34;], &#34;log&#34;: &#34;No log output captured.&#34;}], &#34;tests/unit/test_validation.py::TestManifestValidation::test_invalid_pipeline_name_pattern&#34;: [{&#34;extras&#34;: [], &#34;result&#34;: &#34;Passed&#34;, &#34;testId&#34;: &#34;tests/unit/test_validation.py::TestManifestValidation::test_invalid_pipeline_name_pattern&#34;, &#34;duration&#34;: &#34;19 ms&#34;, &#34;resultsTableRow&#34;: [&#34;&lt;td class=\&#34;col-result\&#34;&gt;Passed&lt;/td&gt;&#34;, &#34;&lt;td class=\&#34;col-testId\&#34;&gt;tests/unit/test_validation.py::TestManifestValidation::test_invalid_pipeline_name_pattern&lt;/td&gt;&#34;, &#34;&lt;td class=\&#34;col-duration\&#34;&gt;19 ms&lt;/td&gt;&#34;, &#34;&lt;td class=\&#34;col-links\&#34;&gt;&lt;/td&gt;&#34;], &#34;log&#34;: &#34;No log output captured.&#34;}], &#34;tests/unit/test_validation.py::TestManifestValidation::test_invalid_region_pattern&#34;: [{&#34;extras&#34;: [], &#34;result&#34;: &#34;Passed&#34;, &#34;testId&#34;: &#34;tests/unit/test_validation.py::TestManifestValidation::test_invalid_region_pattern&#34;, &#34;duration&#34;: &#34;19 ms&#34;, &#34;resultsTableRow&#34;: [&#34;&lt;td class=\&#34;col-result\&#34;&gt;Passed&lt;/td&gt;&#34;, &#34;&lt;td class=\&#34;col-testId\&#34;&gt;tests/unit/test_validation.py::TestManifestValidation::test_invalid_region_pattern&lt;/td&gt;&#34;, &#34;&lt;td class=\&#34;col-duration\&#34;&gt;19 ms&lt;/td&gt;&#34;, &#34;&lt;td class=\&#34;col-links\&#34;&gt;&lt;/td&gt;&#34;], &#34;log&#34;: &#34;No log output captured.&#34;}], &#34;tests/unit/test_validation.py::TestManifestValidation::test_invalid_engine_enum&#34;: [{&#34;extras&#34;: [], &#34;result&#34;: &#34;Passed&#34;, &#34;testId&#34;: &#34;tests/unit/test_validation.py::TestManifestValidation::test_invalid_engine_enum&#34;, &#34;duration&#34;: &#34;46 ms&#34;, &#34;resultsTableRow&#34;: [&#34;&lt;td class=\&#34;col-result\&#34;&gt;Passed&lt;/td&gt;&#34;, &#34;&lt;td class=\&#34;col-testId\&#34;&gt;tests/unit/test_validation.py::TestManifestValidation::test_invalid_engine_enum&lt;/td&gt;&#34;, &#34;&lt;td class=\&#34;col-duration\&#34;&gt;46 ms&lt;/td&gt;&#34;, &#34;&lt;td class=\&#34;col-links\&#34;&gt;&lt;/td&gt;&#34;], &#34;log&#34;: &#34;No log output captured.&#34;}], &#34;tests/unit/test_validation.py::TestManifestValidation::test_missing_project_name_in_target&#34;: [{&#34;extras&#34;: [], &#34;result&#34;: &#34;Passed&#34;, &#34;testId&#34;: &#34;tests/unit/test_validation.py::TestManifestValidation::test_missing_project_name_in_target&#34;, &#34;duration&#34;: &#34;19 ms&#34;, &#34;resultsTableRow&#34;: [&#34;&lt;td class=\&#34;col-result\&#34;&gt;Passed&lt;/td&gt;&#34;, &#34;&lt;td class=\&#34;col-testId\&#34;&gt;tests/unit/test_validation.py::TestManifestValidation::test_missing_project_name_in_target&lt;/td&gt;&#34;, &#34;&lt;td class=\&#34;col-duration\&#34;&gt;19 ms&lt;/td&gt;&#34;, &#34;&lt;td class=\&#34;col-links\&#34;&gt;&lt;/td&gt;&#34;], &#34;log&#34;: &#34;No log output captured.&#34;}], &#34;tests/unit/test_validation.py::TestManifestValidation::test_empty_targets_object&#34;: [{&#34;extras&#34;: [], &#34;result&#34;: &#34;Passed&#34;, &#34;testId&#34;: &#34;tests/unit/test_validation.py::TestManifestValidation::test_empty_targets_object&#34;, &#34;duration&#34;: &#34;19 ms&#34;, &#34;resultsTableRow&#34;: [&#34;&lt;td class=\&#34;col-result\&#34;&gt;Passed&lt;/td&gt;&#34;, &#34;&lt;td class=\&#34;col-testId\&#34;&gt;tests/unit/test_validation.py::TestManifestValidation::test_empty_targets_object&lt;/td&gt;&#34;, &#34;&lt;td class=\&#34;col-duration\&#34;&gt;19 ms&lt;/td&gt;&#34;, &#34;&lt;td class=\&#34;col-links\&#34;&gt;&lt;/td&gt;&#34;], &#34;log&#34;: &#34;No log output captured.&#34;}], &#34;tests/unit/test_validation.py::TestManifestValidation::test_missing_bundle_target_config_required_fields&#34;: [{&#34;extras&#34;: [], &#34;result&#34;: &#34;Passed&#34;, &#34;testId&#34;: &#34;tests/unit/test_validation.py::TestManifestValidation::test_missing_bundle_target_config_required_fields&#34;, &#34;duration&#34;: &#34;19 ms&#34;, &#34;resultsTableRow&#34;: [&#34;&lt;td class=\&#34;col-result\&#34;&gt;Passed&lt;/td&gt;&#34;, &#34;&lt;td class=\&#34;col-testId\&#34;&gt;tests/unit/test_validation.py::TestManifestValidation::test_missing_bundle_target_config_required_fields&lt;/td&gt;&#34;, &#34;&lt;td class=\&#34;col-duration\&#34;&gt;19 ms&lt;/td&gt;&#34;, &#34;&lt;td class=\&#34;col-links\&#34;&gt;&lt;/td&gt;&#34;], &#34;log&#34;: &#34;No log output captured.&#34;}], &#34;tests/unit/test_validation.py::TestPipelineManifestValidation::test_valid_manifest_loads_successfully&#34;: [{&#34;extras&#34;: [], &#34;result&#34;: &#34;Passed&#34;, &#34;testId&#34;: &#34;tests/unit/test_validation.py::TestPipelineManifestValidation::test_valid_manifest_loads_successfully&#34;, &#34;duration&#34;: &#34;10 ms&#34;, &#34;resultsTableRow&#34;: [&#34;&lt;td class=\&#34;col-result\&#34;&gt;Passed&lt;/td&gt;&#34;, &#34;&lt;td class=\&#34;col-testId\&#34;&gt;tests/unit/test_validation.py::TestPipelineManifestValidation::test_valid_manifest_loads_successfully&lt;/td&gt;&#34;, &#34;&lt;td class=\&#34;col-duration\&#34;&gt;10 ms&lt;/td&gt;&#34;, &#34;&lt;td class=\&#34;col-links\&#34;&gt;&lt;/td&gt;&#34;], &#34;log&#34;: &#34;No log output captured.&#34;}], &#34;tests/unit/test_validation.py::TestPipelineManifestValidation::test_invalid_manifest_raises_value_error&#34;: [{&#34;extras&#34;: [], &#34;result&#34;: &#34;Passed&#34;, &#34;testId&#34;: &#34;tests/unit/test_validation.py::TestPipelineManifestValidation::test_invalid_manifest_raises_value_error&#34;, &#34;duration&#34;: &#34;10 ms&#34;, &#34;resultsTableRow&#34;: [&#34;&lt;td class=\&#34;col-result\&#34;&gt;Passed&lt;/td&gt;&#34;, &#34;&lt;td class=\&#34;col-testId\&#34;&gt;tests/unit/test_validation.py::TestPipelineManifestValidation::test_invalid_manifest_raises_value_error&lt;/td&gt;&#34;, &#34;&lt;td class=\&#34;col-duration\&#34;&gt;10 ms&lt;/td&gt;&#34;, &#34;&lt;td class=\&#34;col-links\&#34;&gt;&lt;/td&gt;&#34;], &#34;log&#34;: &#34;No log output captured.&#34;}], &#34;tests/unit/test_validation.py::TestPipelineManifestValidation::test_yaml_syntax_error_raises_value_error&#34;: [{&#34;extras&#34;: [], &#34;result&#34;: &#34;Passed&#34;, &#34;testId&#34;: &#34;tests/unit/test_validation.py::TestPipelineManifestValidation::test_yaml_syntax_error_raises_value_error&#34;, &#34;duration&#34;: &#34;1 ms&#34;, &#34;resultsTableRow&#34;: [&#34;&lt;td class=\&#34;col-result\&#34;&gt;Passed&lt;/td&gt;&#34;, &#34;&lt;td class=\&#34;col-testId\&#34;&gt;tests/unit/test_validation.py::TestPipelineManifestValidation::test_yaml_syntax_error_raises_value_error&lt;/td&gt;&#34;, &#34;&lt;td class=\&#34;col-duration\&#34;&gt;1 ms&lt;/td&gt;&#34;, &#34;&lt;td class=\&#34;col-links\&#34;&gt;&lt;/td&gt;&#34;], &#34;log&#34;: &#34;No log output captured.&#34;}]}, &#34;renderCollapsed&#34;: [&#34;passed&#34;], &#34;initialSort&#34;: &#34;result&#34;, &#34;title&#34;: &#34;unit-test-results.html&#34;}"></div>
    <script>
      (function(){function r(e,n,t){function o(i,f){if(!n[i]){if(!e[i]){var c="function"==typeof require&&require;if(!f&&c)return c(i,!0);if(u)return u(i,!0);var a=new Error("Cannot find module '"+i+"'");throw a.code="MODULE_NOT_FOUND",a}var p=n[i]={exports:{}};e[i][0].call(p.exports,function(r){var n=e[i][1][r];return o(n||r)},p,p.exports,r,e,n,t)}return n[i].exports}for(var u="function"==typeof require&&require,i=0;i<t.length;i++)o(t[i]);return o}return r})()({1:[function(require,module,exports){
const { getCollapsedCategory, setCollapsedIds } = require('./storage.js')

class DataManager {
    setManager(data) {
        const collapsedCategories = [...getCollapsedCategory(data.renderCollapsed)]
        const collapsedIds = []
        const tests = Object.values(data.tests).flat().map((test, index) => {
            const collapsed = collapsedCategories.includes(test.result.toLowerCase())
            const id = `test_${index}`
            if (collapsed) {
                collapsedIds.push(id)
            }
            return {
                ...test,
                id,
                collapsed,
            }
        })
        const dataBlob = { ...data, tests }
        this.data = { ...dataBlob }
        this.renderData = { ...dataBlob }
        setCollapsedIds(collapsedIds)
    }

    get allData() {
        return { ...this.data }
    }

    resetRender() {
        this.renderData = { ...this.data }
    }

    setRender(data) {
        this.renderData.tests = [...data]
    }

    toggleCollapsedItem(id) {
        this.renderData.tests = this.renderData.tests.map((test) =>
            test.id === id ? { ...test, collapsed: !test.collapsed } : test,
        )
    }

    set allCollapsed(collapsed) {
        this.renderData = { ...this.renderData, tests: [...this.renderData.tests.map((test) => (
            { ...test, collapsed }
        ))] }
    }

    get testSubset() {
        return [...this.renderData.tests]
    }

    get environment() {
        return this.renderData.environment
    }

    get initialSort() {
        return this.data.initialSort
    }
}

module.exports = {
    manager: new DataManager(),
}

},{"./storage.js":8}],2:[function(require,module,exports){
const mediaViewer = require('./mediaviewer.js')
const templateEnvRow = document.getElementById('template_environment_row')
const templateResult = document.getElementById('template_results-table__tbody')

function htmlToElements(html) {
    const temp = document.createElement('template')
    temp.innerHTML = html
    return temp.content.childNodes
}

const find = (selector, elem) => {
    if (!elem) {
        elem = document
    }
    return elem.querySelector(selector)
}

const findAll = (selector, elem) => {
    if (!elem) {
        elem = document
    }
    return [...elem.querySelectorAll(selector)]
}

const dom = {
    getStaticRow: (key, value) => {
        const envRow = templateEnvRow.content.cloneNode(true)
        const isObj = typeof value === 'object' && value !== null
        const values = isObj ? Object.keys(value).map((k) => `${k}: ${value[k]}`) : null

        const valuesElement = htmlToElements(
            values ? `<ul>${values.map((val) => `<li>${val}</li>`).join('')}<ul>` : `<div>${value}</div>`)[0]
        const td = findAll('td', envRow)
        td[0].textContent = key
        td[1].appendChild(valuesElement)

        return envRow
    },
    getResultTBody: ({ testId, id, log, extras, resultsTableRow, tableHtml, result, collapsed }) => {
        const resultBody = templateResult.content.cloneNode(true)
        resultBody.querySelector('tbody').classList.add(result.toLowerCase())
        resultBody.querySelector('tbody').id = testId
        resultBody.querySelector('.collapsible').dataset.id = id

        resultsTableRow.forEach((html) => {
            const t = document.createElement('template')
            t.innerHTML = html
            resultBody.querySelector('.collapsible').appendChild(t.content)
        })

        if (log) {
            // Wrap lines starting with "E" with span.error to color those lines red
            const wrappedLog = log.replace(/^E.*$/gm, (match) => `<span class="error">${match}</span>`)
            resultBody.querySelector('.log').innerHTML = wrappedLog
        } else {
            resultBody.querySelector('.log').remove()
        }

        if (collapsed) {
            resultBody.querySelector('.collapsible > td')?.classList.add('collapsed')
            resultBody.querySelector('.extras-row').classList.add('hidden')
        } else {
            resultBody.querySelector('.collapsible > td')?.classList.remove('collapsed')
        }

        const media = []
        extras?.forEach(({ name, format_type, content }) => {
            if (['image', 'video'].includes(format_type)) {
                media.push({ path: content, name, format_type })
            }

            if (format_type === 'html') {
                resultBody.querySelector('.extraHTML').insertAdjacentHTML('beforeend', `<div>${content}</div>`)
            }
        })
        mediaViewer.setup(resultBody, media)

        // Add custom html from the pytest_html_results_table_html hook
        tableHtml?.forEach((item) => {
            resultBody.querySelector('td[class="extra"]').insertAdjacentHTML('beforeend', item)
        })

        return resultBody
    },
}

module.exports = {
    dom,
    htmlToElements,
    find,
    findAll,
}

},{"./mediaviewer.js":6}],3:[function(require,module,exports){
const { manager } = require('./datamanager.js')
const { doSort } = require('./sort.js')
const storageModule = require('./storage.js')

const getFilteredSubSet = (filter) =>
    manager.allData.tests.filter(({ result }) => filter.includes(result.toLowerCase()))

const doInitFilter = () => {
    const currentFilter = storageModule.getVisible()
    const filteredSubset = getFilteredSubSet(currentFilter)
    manager.setRender(filteredSubset)
}

const doFilter = (type, show) => {
    if (show) {
        storageModule.showCategory(type)
    } else {
        storageModule.hideCategory(type)
    }

    const currentFilter = storageModule.getVisible()
    const filteredSubset = getFilteredSubSet(currentFilter)
    manager.setRender(filteredSubset)

    const sortColumn = storageModule.getSort()
    doSort(sortColumn, true)
}

module.exports = {
    doFilter,
    doInitFilter,
}

},{"./datamanager.js":1,"./sort.js":7,"./storage.js":8}],4:[function(require,module,exports){
const { redraw, bindEvents, renderStatic } = require('./main.js')
const { doInitFilter } = require('./filter.js')
const { doInitSort } = require('./sort.js')
const { manager } = require('./datamanager.js')
const data = JSON.parse(document.getElementById('data-container').dataset.jsonblob)

function init() {
    manager.setManager(data)
    doInitFilter()
    doInitSort()
    renderStatic()
    redraw()
    bindEvents()
}

init()

},{"./datamanager.js":1,"./filter.js":3,"./main.js":5,"./sort.js":7}],5:[function(require,module,exports){
const { dom, find, findAll } = require('./dom.js')
const { manager } = require('./datamanager.js')
const { doSort } = require('./sort.js')
const { doFilter } = require('./filter.js')
const {
    getVisible,
    getCollapsedIds,
    setCollapsedIds,
    getSort,
    getSortDirection,
    possibleFilters,
} = require('./storage.js')

const removeChildren = (node) => {
    while (node.firstChild) {
        node.removeChild(node.firstChild)
    }
}

const renderStatic = () => {
    const renderEnvironmentTable = () => {
        const environment = manager.environment
        const rows = Object.keys(environment).map((key) => dom.getStaticRow(key, environment[key]))
        const table = document.getElementById('environment')
        removeChildren(table)
        rows.forEach((row) => table.appendChild(row))
    }
    renderEnvironmentTable()
}

const addItemToggleListener = (elem) => {
    elem.addEventListener('click', ({ target }) => {
        const id = target.parentElement.dataset.id
        manager.toggleCollapsedItem(id)

        const collapsedIds = getCollapsedIds()
        if (collapsedIds.includes(id)) {
            const updated = collapsedIds.filter((item) => item !== id)
            setCollapsedIds(updated)
        } else {
            collapsedIds.push(id)
            setCollapsedIds(collapsedIds)
        }
        redraw()
    })
}

const renderContent = (tests) => {
    const sortAttr = getSort(manager.initialSort)
    const sortAsc = JSON.parse(getSortDirection())
    const rows = tests.map(dom.getResultTBody)
    const table = document.getElementById('results-table')
    const tableHeader = document.getElementById('results-table-head')

    const newTable = document.createElement('table')
    newTable.id = 'results-table'

    // remove all sorting classes and set the relevant
    findAll('.sortable', tableHeader).forEach((elem) => elem.classList.remove('asc', 'desc'))
    tableHeader.querySelector(`.sortable[data-column-type="${sortAttr}"]`)?.classList.add(sortAsc ? 'desc' : 'asc')
    newTable.appendChild(tableHeader)

    if (!rows.length) {
        const emptyTable = document.getElementById('template_results-table__body--empty').content.cloneNode(true)
        newTable.appendChild(emptyTable)
    } else {
        rows.forEach((row) => {
            if (!!row) {
                findAll('.collapsible td:not(.col-links', row).forEach(addItemToggleListener)
                find('.logexpander', row).addEventListener('click',
                    (evt) => evt.target.parentNode.classList.toggle('expanded'),
                )
                newTable.appendChild(row)
            }
        })
    }

    table.replaceWith(newTable)
}

const renderDerived = () => {
    const currentFilter = getVisible()
    possibleFilters.forEach((result) => {
        const input = document.querySelector(`input[data-test-result="${result}"]`)
        input.checked = currentFilter.includes(result)
    })
}

const bindEvents = () => {
    const filterColumn = (evt) => {
        const { target: element } = evt
        const { testResult } = element.dataset

        doFilter(testResult, element.checked)
        const collapsedIds = getCollapsedIds()
        const updated = manager.renderData.tests.map((test) => {
            return {
                ...test,
                collapsed: collapsedIds.includes(test.id),
            }
        })
        manager.setRender(updated)
        redraw()
    }

    const header = document.getElementById('environment-header')
    header.addEventListener('click', () => {
        const table = document.getElementById('environment')
        table.classList.toggle('hidden')
        header.classList.toggle('collapsed')
    })

    findAll('input[name="filter_checkbox"]').forEach((elem) => {
        elem.addEventListener('click', filterColumn)
    })

    findAll('.sortable').forEach((elem) => {
        elem.addEventListener('click', (evt) => {
            const { target: element } = evt
            const { columnType } = element.dataset
            doSort(columnType)
            redraw()
        })
    })

    document.getElementById('show_all_details').addEventListener('click', () => {
        manager.allCollapsed = false
        setCollapsedIds([])
        redraw()
    })
    document.getElementById('hide_all_details').addEventListener('click', () => {
        manager.allCollapsed = true
        const allIds = manager.renderData.tests.map((test) => test.id)
        setCollapsedIds(allIds)
        redraw()
    })
}

const redraw = () => {
    const { testSubset } = manager

    renderContent(testSubset)
    renderDerived()
}

module.exports = {
    redraw,
    bindEvents,
    renderStatic,
}

},{"./datamanager.js":1,"./dom.js":2,"./filter.js":3,"./sort.js":7,"./storage.js":8}],6:[function(require,module,exports){
class MediaViewer {
    constructor(assets) {
        this.assets = assets
        this.index = 0
    }

    nextActive() {
        this.index = this.index === this.assets.length - 1 ? 0 : this.index + 1
        return [this.activeFile, this.index]
    }

    prevActive() {
        this.index = this.index === 0 ? this.assets.length - 1 : this.index -1
        return [this.activeFile, this.index]
    }

    get currentIndex() {
        return this.index
    }

    get activeFile() {
        return this.assets[this.index]
    }
}


const setup = (resultBody, assets) => {
    if (!assets.length) {
        resultBody.querySelector('.media').classList.add('hidden')
        return
    }

    const mediaViewer = new MediaViewer(assets)
    const container = resultBody.querySelector('.media-container')
    const leftArrow = resultBody.querySelector('.media-container__nav--left')
    const rightArrow = resultBody.querySelector('.media-container__nav--right')
    const mediaName = resultBody.querySelector('.media__name')
    const counter = resultBody.querySelector('.media__counter')
    const imageEl = resultBody.querySelector('img')
    const sourceEl = resultBody.querySelector('source')
    const videoEl = resultBody.querySelector('video')

    const setImg = (media, index) => {
        if (media?.format_type === 'image') {
            imageEl.src = media.path

            imageEl.classList.remove('hidden')
            videoEl.classList.add('hidden')
        } else if (media?.format_type === 'video') {
            sourceEl.src = media.path

            videoEl.classList.remove('hidden')
            imageEl.classList.add('hidden')
        }

        mediaName.innerText = media?.name
        counter.innerText = `${index + 1} / ${assets.length}`
    }
    setImg(mediaViewer.activeFile, mediaViewer.currentIndex)

    const moveLeft = () => {
        const [media, index] = mediaViewer.prevActive()
        setImg(media, index)
    }
    const doRight = () => {
        const [media, index] = mediaViewer.nextActive()
        setImg(media, index)
    }
    const openImg = () => {
        window.open(mediaViewer.activeFile.path, '_blank')
    }
    if (assets.length === 1) {
        container.classList.add('media-container--fullscreen')
    } else {
        leftArrow.addEventListener('click', moveLeft)
        rightArrow.addEventListener('click', doRight)
    }
    imageEl.addEventListener('click', openImg)
}

module.exports = {
    setup,
}

},{}],7:[function(require,module,exports){
const { manager } = require('./datamanager.js')
const storageModule = require('./storage.js')

const genericSort = (list, key, ascending, customOrder) => {
    let sorted
    if (customOrder) {
        sorted = list.sort((a, b) => {
            const aValue = a.result.toLowerCase()
            const bValue = b.result.toLowerCase()

            const aIndex = customOrder.findIndex((item) => item.toLowerCase() === aValue)
            const bIndex = customOrder.findIndex((item) => item.toLowerCase() === bValue)

            // Compare the indices to determine the sort order
            return aIndex - bIndex
        })
    } else {
        sorted = list.sort((a, b) => a[key] === b[key] ? 0 : a[key] > b[key] ? 1 : -1)
    }

    if (ascending) {
        sorted.reverse()
    }
    return sorted
}

const durationSort = (list, ascending) => {
    const parseDuration = (duration) => {
        if (duration.includes(':')) {
            // If it's in the format "HH:mm:ss"
            const [hours, minutes, seconds] = duration.split(':').map(Number)
            return (hours * 3600 + minutes * 60 + seconds) * 1000
        } else {
            // If it's in the format "nnn ms"
            return parseInt(duration)
        }
    }
    const sorted = list.sort((a, b) => parseDuration(a['duration']) - parseDuration(b['duration']))
    if (ascending) {
        sorted.reverse()
    }
    return sorted
}

const doInitSort = () => {
    const type = storageModule.getSort(manager.initialSort)
    const ascending = storageModule.getSortDirection()
    const list = manager.testSubset
    const initialOrder = ['Error', 'Failed', 'Rerun', 'XFailed', 'XPassed', 'Skipped', 'Passed']

    storageModule.setSort(type)
    storageModule.setSortDirection(ascending)

    if (type?.toLowerCase() === 'original') {
        manager.setRender(list)
    } else {
        let sortedList
        switch (type) {
        case 'duration':
            sortedList = durationSort(list, ascending)
            break
        case 'result':
            sortedList = genericSort(list, type, ascending, initialOrder)
            break
        default:
            sortedList = genericSort(list, type, ascending)
            break
        }
        manager.setRender(sortedList)
    }
}

const doSort = (type, skipDirection) => {
    const newSortType = storageModule.getSort(manager.initialSort) !== type
    const currentAsc = storageModule.getSortDirection()
    let ascending
    if (skipDirection) {
        ascending = currentAsc
    } else {
        ascending = newSortType ? false : !currentAsc
    }
    storageModule.setSort(type)
    storageModule.setSortDirection(ascending)

    const list = manager.testSubset
    const sortedList = type === 'duration' ? durationSort(list, ascending) : genericSort(list, type, ascending)
    manager.setRender(sortedList)
}

module.exports = {
    doInitSort,
    doSort,
}

},{"./datamanager.js":1,"./storage.js":8}],8:[function(require,module,exports){
const possibleFilters = [
    'passed',
    'skipped',
    'failed',
    'error',
    'xfailed',
    'xpassed',
    'rerun',
]

const getVisible = () => {
    const url = new URL(window.location.href)
    const settings = new URLSearchParams(url.search).get('visible')
    const lower = (item) => {
        const lowerItem = item.toLowerCase()
        if (possibleFilters.includes(lowerItem)) {
            return lowerItem
        }
        return null
    }
    return settings === null ?
        possibleFilters :
        [...new Set(settings?.split(',').map(lower).filter((item) => item))]
}

const hideCategory = (categoryToHide) => {
    const url = new URL(window.location.href)
    const visibleParams = new URLSearchParams(url.search).get('visible')
    const currentVisible = visibleParams ? visibleParams.split(',') : [...possibleFilters]
    const settings = [...new Set(currentVisible)].filter((f) => f !== categoryToHide).join(',')

    url.searchParams.set('visible', settings)
    window.history.pushState({}, null, unescape(url.href))
}

const showCategory = (categoryToShow) => {
    if (typeof window === 'undefined') {
        return
    }
    const url = new URL(window.location.href)
    const currentVisible = new URLSearchParams(url.search).get('visible')?.split(',').filter(Boolean) ||
        [...possibleFilters]
    const settings = [...new Set([categoryToShow, ...currentVisible])]
    const noFilter = possibleFilters.length === settings.length || !settings.length

    noFilter ? url.searchParams.delete('visible') : url.searchParams.set('visible', settings.join(','))
    window.history.pushState({}, null, unescape(url.href))
}

const getSort = (initialSort) => {
    const url = new URL(window.location.href)
    let sort = new URLSearchParams(url.search).get('sort')
    if (!sort) {
        sort = initialSort || 'result'
    }
    return sort
}

const setSort = (type) => {
    const url = new URL(window.location.href)
    url.searchParams.set('sort', type)
    window.history.pushState({}, null, unescape(url.href))
}

const getCollapsedCategory = (renderCollapsed) => {
    let categories
    if (typeof window !== 'undefined') {
        const url = new URL(window.location.href)
        const collapsedItems = new URLSearchParams(url.search).get('collapsed')
        switch (true) {
        case !renderCollapsed && collapsedItems === null:
            categories = ['passed']
            break
        case collapsedItems?.length === 0 || /^["']{2}$/.test(collapsedItems):
            categories = []
            break
        case /^all$/.test(collapsedItems) || collapsedItems === null && /^all$/.test(renderCollapsed):
            categories = [...possibleFilters]
            break
        default:
            categories = collapsedItems?.split(',').map((item) => item.toLowerCase()) || renderCollapsed
            break
        }
    } else {
        categories = []
    }
    return categories
}

const getSortDirection = () => JSON.parse(sessionStorage.getItem('sortAsc')) || false
const setSortDirection = (ascending) => sessionStorage.setItem('sortAsc', ascending)

const getCollapsedIds = () => JSON.parse(sessionStorage.getItem('collapsedIds')) || []
const setCollapsedIds = (list) => sessionStorage.setItem('collapsedIds', JSON.stringify(list))

module.exports = {
    getVisible,
    hideCategory,
    showCategory,
    getCollapsedIds,
    setCollapsedIds,
    getSort,
    setSort,
    getSortDirection,
    setSortDirection,
    getCollapsedCategory,
    possibleFilters,
}

},{}]},{},[4]);
    </script>
  </footer>
</html>